#
# There is insufficient memory for the Java Runtime Environment to continue.
# Native memory allocation (malloc) failed to allocate 225776 bytes. Error detail: Chunk::new
# Possible reasons:
#   The system is out of physical RAM or swap space
#   This process is running with CompressedOops enabled, and the Java Heap may be blocking the growth of the native heap
# Possible solutions:
#   Reduce memory load on the system
#   Increase physical memory or swap space
#   Check if swap backing store is full
#   Decrease Java heap size (-Xmx/-Xms)
#   Decrease number of Java threads
#   Decrease Java thread stack sizes (-Xss)
#   Set larger code cache with -XX:ReservedCodeCacheSize=
#   JVM is running with Zero Based Compressed Oops mode in which the Java heap is
#     placed in the first 32GB address space. The Java Heap base address is the
#     maximum limit for the native heap growth. Please use -XX:HeapBaseMinAddress
#     to set the Java Heap base and to place the Java Heap above 32GB virtual address.
# This output file may be truncated or incomplete.
#
#  Out of Memory Error (arena.cpp:149), pid=37040, tid=32488
#
# JRE version: Java(TM) SE Runtime Environment (23.0+37) (build 23+37-2369)
# Java VM: Java HotSpot(TM) 64-Bit Server VM (23+37-2369, mixed mode, sharing, tiered, compressed oops, compressed class ptrs, g1 gc, windows-amd64)
# No core dump will be written. Minidumps are not enabled by default on client versions of Windows
#

---------------  S U M M A R Y ------------

Command Line: -javaagent:C:\Program Files\JetBrains\IntelliJ IDEA 2024.3.1\lib\idea_rt.jar=50057:C:\Program Files\JetBrains\IntelliJ IDEA 2024.3.1\bin -Dfile.encoding=UTF-8 -Dsun.stdout.encoding=UTF-8 -Dsun.stderr.encoding=UTF-8 --module-path=D:\Projects\IdeaProjects\fontawesomefx-materialdesignfont-2.0.26-9.1.2.jar;C:\Users\husse\.m2\repository\org\openjfx\javafx-base\21\javafx-base-21-win.jar;C:\Users\husse\.m2\repository\org\openjfx\javafx-web\21\javafx-web-21-win.jar;C:\Users\husse\.m2\repository\org\openjfx\javafx-media\21\javafx-media-21-win.jar;D:\Projects\IdeaProjects\fontawesomefx-commons-9.1.2.jar;D:\Projects\IdeaProjects\WatchItGui\target\classes;D:\Projects\IdeaProjects\fontawesomefx-materialicons-2.2.0-9.1.2.jar;C:\Users\husse\.m2\repository\org\openjfx\javafx-controls\21\javafx-controls-21-win.jar;C:\Users\husse\.m2\repository\org\openjfx\javafx-fxml\21\javafx-fxml-21-win.jar;D:\Projects\IdeaProjects\fontawesomefx-fontawesome-4.7.0-9.1.2.jar;C:\Users\husse\.m2\repository\org\openjfx\javafx-graphics\21\javafx-graphics-21-win.jar -Djdk.module.main=watchit watchit/WatchIt.Application

Host: Intel(R) Core(TM) i7-9750H CPU @ 2.60GHz, 12 cores, 15G,  Windows 11 , 64 bit Build 26100 (10.0.26100.2454)
Time: Fri Dec 20 21:57:34 2024 Egypt Standard Time elapsed time: 18.841488 seconds (0d 0h 0m 18s)

---------------  T H R E A D  ---------------

Current thread (0x0000021bac575770):  JavaThread "C2 CompilerThread0" daemon [_thread_in_native, id=32488, stack(0x00000068ccf00000,0x00000068cd000000) (1024K)]


Current CompileTask:
C2:18841 3520       4       com.sun.marlin.MaskMarlinAlphaConsumer::setAndClearRelativeAlphas (641 bytes)

Stack: [0x00000068ccf00000,0x00000068cd000000]
Native frames: (J=compiled Java code, j=interpreted, Vv=VM code, C=native code)
V  [jvm.dll+0x6e08a9]  (no source info available)
V  [jvm.dll+0x87da63]  (no source info available)
V  [jvm.dll+0x87feee]  (no source info available)
V  [jvm.dll+0x8805c3]  (no source info available)
V  [jvm.dll+0x27aee6]  (no source info available)
V  [jvm.dll+0xbc06f]  (no source info available)
V  [jvm.dll+0xbc2cb]  (no source info available)
V  [jvm.dll+0x2ee94d]  (no source info available)
V  [jvm.dll+0x6063c9]  (no source info available)
V  [jvm.dll+0x24ddf2]  (no source info available)
V  [jvm.dll+0x2467f7]  (no source info available)
V  [jvm.dll+0x243d04]  (no source info available)
V  [jvm.dll+0x1c33a0]  (no source info available)
V  [jvm.dll+0x253cf1]  (no source info available)
V  [jvm.dll+0x251faa]  (no source info available)
V  [jvm.dll+0x3ee036]  (no source info available)
V  [jvm.dll+0x824f1b]  (no source info available)
V  [jvm.dll+0x6df055]  (no source info available)
C  [ucrtbase.dll+0x14ea0]  (no source info available)
C  [KERNEL32.DLL+0x2e8d7]  (no source info available)
C  [ntdll.dll+0xdfbcc]  (no source info available)

Lock stack of current Java thread (top to bottom):


---------------  P R O C E S S  ---------------

Threads class SMR info:
_java_thread_list=0x0000021bf3116210, length=23, elements={
0x0000021b8cc29800, 0x0000021bac54d5e0, 0x0000021bac54edb0, 0x0000021bac552b80,
0x0000021bac555870, 0x0000021bac556f70, 0x0000021bac559680, 0x0000021bac575770,
0x0000021bac576480, 0x0000021bac654a70, 0x0000021bac8b4880, 0x0000021bf2819b80,
0x0000021bf2b44ca0, 0x0000021bf2cea9b0, 0x0000021bf2b44420, 0x0000021bf2e200e0,
0x0000021bf2e22ed0, 0x0000021bf2e221b0, 0x0000021bf2e20770, 0x0000021bf2e22840,
0x0000021bf2e21490, 0x0000021bf2e21b20, 0x0000021bac9157a0
}

Java Threads: ( => current thread )
  0x0000021b8cc29800 JavaThread "main"                              [_thread_blocked, id=35520, stack(0x00000068cc100000,0x00000068cc200000) (1024K)]
  0x0000021bac54d5e0 JavaThread "Reference Handler"          daemon [_thread_blocked, id=29816, stack(0x00000068cc900000,0x00000068cca00000) (1024K)]
  0x0000021bac54edb0 JavaThread "Finalizer"                  daemon [_thread_blocked, id=1640, stack(0x00000068cca00000,0x00000068ccb00000) (1024K)]
  0x0000021bac552b80 JavaThread "Signal Dispatcher"          daemon [_thread_blocked, id=40112, stack(0x00000068ccb00000,0x00000068ccc00000) (1024K)]
  0x0000021bac555870 JavaThread "Attach Listener"            daemon [_thread_blocked, id=36880, stack(0x00000068ccc00000,0x00000068ccd00000) (1024K)]
  0x0000021bac556f70 JavaThread "Service Thread"             daemon [_thread_blocked, id=34416, stack(0x00000068ccd00000,0x00000068cce00000) (1024K)]
  0x0000021bac559680 JavaThread "Monitor Deflation Thread"   daemon [_thread_blocked, id=27224, stack(0x00000068cce00000,0x00000068ccf00000) (1024K)]
=>0x0000021bac575770 JavaThread "C2 CompilerThread0"         daemon [_thread_in_native, id=32488, stack(0x00000068ccf00000,0x00000068cd000000) (1024K)]
  0x0000021bac576480 JavaThread "C1 CompilerThread0"         daemon [_thread_blocked, id=1340, stack(0x00000068cd000000,0x00000068cd100000) (1024K)]
  0x0000021bac654a70 JavaThread "Common-Cleaner"             daemon [_thread_blocked, id=19420, stack(0x00000068cd100000,0x00000068cd200000) (1024K)]
  0x0000021bac8b4880 JavaThread "Monitor Ctrl-Break"         daemon [_thread_in_native, id=31396, stack(0x00000068cd400000,0x00000068cd500000) (1024K)]
  0x0000021bf2819b80 JavaThread "Notification Thread"        daemon [_thread_blocked, id=28236, stack(0x00000068cd500000,0x00000068cd600000) (1024K)]
  0x0000021bf2b44ca0 JavaThread "QuantumRenderer-0"          daemon [_thread_blocked, id=24992, stack(0x00000068cde00000,0x00000068cdf00000) (1024K)]
  0x0000021bf2cea9b0 JavaThread "RMI TCP Accept-0"           daemon [_thread_in_native, id=32888, stack(0x00000068cdf00000,0x00000068ce000000) (1024K)]
  0x0000021bf2b44420 JavaThread "RMI TCP Connection(1)-192.168.245.1" daemon [_thread_in_native, id=20076, stack(0x00000068ce000000,0x00000068ce100000) (1024K)]
  0x0000021bf2e200e0 JavaThread "RMI Scheduler(0)"           daemon [_thread_blocked, id=32704, stack(0x00000068cd200000,0x00000068cd300000) (1024K)]
  0x0000021bf2e22ed0 JavaThread "JMX server connection timeout 36" daemon [_thread_blocked, id=39684, stack(0x00000068cd300000,0x00000068cd400000) (1024K)]
  0x0000021bf2e221b0 JavaThread "InvokeLaterDispatcher"      daemon [_thread_blocked, id=27492, stack(0x00000068ce100000,0x00000068ce200000) (1024K)]
  0x0000021bf2e20770 JavaThread "JavaFX Application Thread"         [_thread_in_native, id=34288, stack(0x00000068ce200000,0x00000068ce300000) (1024K)]
  0x0000021bf2e22840 JavaThread "JavaFX-Launcher"                   [_thread_blocked, id=10740, stack(0x00000068ce700000,0x00000068ce800000) (1024K)]
  0x0000021bf2e21490 JavaThread "Thread-2"                   daemon [_thread_in_native, id=31936, stack(0x00000068ce600000,0x00000068ce700000) (1024K)]
  0x0000021bf2e21b20 JavaThread "Prism Font Disposer"        daemon [_thread_blocked, id=10324, stack(0x00000068ceb00000,0x00000068cec00000) (1024K)]
  0x0000021bac9157a0 JavaThread "Cleaner-0"                  daemon [_thread_blocked, id=14216, stack(0x00000068ce900000,0x00000068cea00000) (1024K)]
Total: 23

Other Threads:
  0x0000021bac533f80 VMThread "VM Thread"                           [id=22532, stack(0x00000068cc800000,0x00000068cc900000) (1024K)]
  0x0000021bac51ee70 WatcherThread "VM Periodic Task Thread"        [id=15908, stack(0x00000068cc700000,0x00000068cc800000) (1024K)]
  0x0000021b8cc90900 WorkerThread "GC Thread#0"                     [id=38312, stack(0x00000068cc200000,0x00000068cc300000) (1024K)]
  0x0000021bf2eb7f40 WorkerThread "GC Thread#1"                     [id=17096, stack(0x00000068cd600000,0x00000068cd700000) (1024K)]
  0x0000021bf2eb4a10 WorkerThread "GC Thread#2"                     [id=37704, stack(0x00000068cd700000,0x00000068cd800000) (1024K)]
  0x0000021bf2eb5240 WorkerThread "GC Thread#3"                     [id=22888, stack(0x00000068cd800000,0x00000068cd900000) (1024K)]
  0x0000021bf2ebd4a0 WorkerThread "GC Thread#4"                     [id=26980, stack(0x00000068cd900000,0x00000068cda00000) (1024K)]
  0x0000021bf2ebdcd0 WorkerThread "GC Thread#5"                     [id=3676, stack(0x00000068cda00000,0x00000068cdb00000) (1024K)]
  0x0000021bf2ea2900 WorkerThread "GC Thread#6"                     [id=32980, stack(0x00000068cdb00000,0x00000068cdc00000) (1024K)]
  0x0000021bf2e92e10 WorkerThread "GC Thread#7"                     [id=29168, stack(0x00000068cdc00000,0x00000068cdd00000) (1024K)]
  0x0000021bf2e92300 WorkerThread "GC Thread#8"                     [id=31496, stack(0x00000068cdd00000,0x00000068cde00000) (1024K)]
  0x0000021bf2f42820 WorkerThread "GC Thread#9"                     [id=40828, stack(0x00000068cea00000,0x00000068ceb00000) (1024K)]
  0x0000021b8cca79a0 ConcurrentGCThread "G1 Main Marker"            [id=16428, stack(0x00000068cc300000,0x00000068cc400000) (1024K)]
  0x0000021b8cca8c50 WorkerThread "G1 Conc#0"                       [id=10428, stack(0x00000068cc400000,0x00000068cc500000) (1024K)]
  0x0000021bf2f43e40 WorkerThread "G1 Conc#1"                       [id=2348, stack(0x00000068cf000000,0x00000068cf100000) (1024K)]
  0x0000021bf2f441f0 WorkerThread "G1 Conc#2"                       [id=26080, stack(0x00000068cf100000,0x00000068cf200000) (1024K)]
  0x0000021bac3ee2c0 ConcurrentGCThread "G1 Refine#0"               [id=24156, stack(0x00000068cc500000,0x00000068cc600000) (1024K)]
  0x0000021bac3eee40 ConcurrentGCThread "G1 Service"                [id=19380, stack(0x00000068cc600000,0x00000068cc700000) (1024K)]
Total: 18

Threads with active compile tasks:
C2 CompilerThread0  24747 3520       4       com.sun.marlin.MaskMarlinAlphaConsumer::setAndClearRelativeAlphas (641 bytes)
Total: 1

VM state: not at safepoint (normal execution)

VM Mutex/Monitor currently owned by a thread: None

Heap address: 0x0000000702e00000, size: 4050 MB, Compressed Oops mode: Zero based, Oop shift amount: 3

CDS archive(s) mapped at: [0x0000021bad000000-0x0000021badd70000-0x0000021badd70000), size 14090240, SharedBaseAddress: 0x0000021bad000000, ArchiveRelocationMode: 1.
Compressed class space mapped at: 0x0000021bae000000-0x0000021bee000000, reserved size: 1073741824
Narrow klass base: 0x0000021bad000000, Narrow klass shift: 0, Narrow klass range: 0x41000000

GC Precious Log:
 CardTable entry size: 512
 Card Set container configuration: InlinePtr #cards 4 size 8 Array Of Cards #cards 16 size 48 Howl #buckets 8 coarsen threshold 3686 Howl Bitmap #cards 512 size 80 coarsen threshold 460 Card regions per heap region 1 cards per card region 4096
 CPUs: 12 total, 12 available
 Memory: 16196M
 Large Page Support: Disabled
 NUMA Support: Disabled
 Compressed Oops: Enabled (Zero based)
 Heap Region Size: 2M
 Heap Min Capacity: 8M
 Heap Initial Capacity: 254M
 Heap Max Capacity: 4050M
 Pre-touch: Disabled
 Parallel Workers: 10
 Concurrent Workers: 3
 Concurrent Refinement Workers: 10
 Periodic GC: Disabled

Heap:
 garbage-first heap   total reserved 4147200K, committed 260096K, used 84414K [0x0000000702e00000, 0x0000000800000000)
  region size 2048K, 3 young (6144K), 1 survivors (2048K)
 Metaspace       used 21688K, committed 22208K, reserved 1114112K
  class space    used 3152K, committed 3392K, reserved 1048576K

Heap Regions: E=young(eden), S=young(survivor), O=old, HS=humongous(starts), HC=humongous(continues), CS=collection set, F=free, TAMS=top-at-mark-start, PB=parsable bottom
|   0|0x0000000702e00000, 0x0000000703000000, 0x0000000703000000|100%| O|  |TAMS 0x0000000702e00000| PB 0x0000000702e00000| Untracked |  0
|   1|0x0000000703000000, 0x0000000703200000, 0x0000000703200000|100%|HS|  |TAMS 0x0000000703000000| PB 0x0000000703000000| Complete |  0
|   2|0x0000000703200000, 0x0000000703400000, 0x0000000703400000|100%|HS|  |TAMS 0x0000000703200000| PB 0x0000000703200000| Complete |  0
|   3|0x0000000703400000, 0x0000000703600000, 0x0000000703600000|100%|HC|  |TAMS 0x0000000703400000| PB 0x0000000703400000| Complete |  0
|   4|0x0000000703600000, 0x0000000703800000, 0x0000000703800000|100%|HS|  |TAMS 0x0000000703600000| PB 0x0000000703600000| Complete |  0
|   5|0x0000000703800000, 0x0000000703a00000, 0x0000000703a00000|100%|HC|  |TAMS 0x0000000703800000| PB 0x0000000703800000| Complete |  0
|   6|0x0000000703a00000, 0x0000000703c00000, 0x0000000703c00000|100%|HS|  |TAMS 0x0000000703a00000| PB 0x0000000703a00000| Complete |  0
|   7|0x0000000703c00000, 0x0000000703e00000, 0x0000000703e00000|100%|HC|  |TAMS 0x0000000703c00000| PB 0x0000000703c00000| Complete |  0
|   8|0x0000000703e00000, 0x0000000704000000, 0x0000000704000000|100%|HS|  |TAMS 0x0000000703e00000| PB 0x0000000703e00000| Complete |  0
|   9|0x0000000704000000, 0x0000000704200000, 0x0000000704200000|100%|HC|  |TAMS 0x0000000704000000| PB 0x0000000704000000| Complete |  0
|  10|0x0000000704200000, 0x0000000704400000, 0x0000000704400000|100%|HS|  |TAMS 0x0000000704200000| PB 0x0000000704200000| Complete |  0
|  11|0x0000000704400000, 0x0000000704600000, 0x0000000704600000|100%|HC|  |TAMS 0x0000000704400000| PB 0x0000000704400000| Complete |  0
|  12|0x0000000704600000, 0x0000000704800000, 0x0000000704800000|100%|HS|  |TAMS 0x0000000704600000| PB 0x0000000704600000| Complete |  0
|  13|0x0000000704800000, 0x0000000704a00000, 0x0000000704a00000|100%|HC|  |TAMS 0x0000000704800000| PB 0x0000000704800000| Complete |  0
|  14|0x0000000704a00000, 0x0000000704c00000, 0x0000000704c00000|100%|HS|  |TAMS 0x0000000704a00000| PB 0x0000000704a00000| Complete |  0
|  15|0x0000000704c00000, 0x0000000704e00000, 0x0000000704e00000|100%|HC|  |TAMS 0x0000000704c00000| PB 0x0000000704c00000| Complete |  0
|  16|0x0000000704e00000, 0x0000000705000000, 0x0000000705000000|100%|HS|  |TAMS 0x0000000704e00000| PB 0x0000000704e00000| Complete |  0
|  17|0x0000000705000000, 0x0000000705200000, 0x0000000705200000|100%|HC|  |TAMS 0x0000000705000000| PB 0x0000000705000000| Complete |  0
|  18|0x0000000705200000, 0x0000000705400000, 0x0000000705400000|100%|HS|  |TAMS 0x0000000705200000| PB 0x0000000705200000| Complete |  0
|  19|0x0000000705400000, 0x0000000705600000, 0x0000000705600000|100%|HC|  |TAMS 0x0000000705400000| PB 0x0000000705400000| Complete |  0
|  20|0x0000000705600000, 0x0000000705800000, 0x0000000705800000|100%|HS|  |TAMS 0x0000000705600000| PB 0x0000000705600000| Complete |  0
|  21|0x0000000705800000, 0x0000000705a00000, 0x0000000705a00000|100%|HC|  |TAMS 0x0000000705800000| PB 0x0000000705800000| Complete |  0
|  22|0x0000000705a00000, 0x0000000705c00000, 0x0000000705c00000|100%|HS|  |TAMS 0x0000000705a00000| PB 0x0000000705a00000| Complete |  0
|  23|0x0000000705c00000, 0x0000000705e00000, 0x0000000705e00000|100%|HS|  |TAMS 0x0000000705c00000| PB 0x0000000705c00000| Complete |  0
|  24|0x0000000705e00000, 0x0000000706000000, 0x0000000706000000|100%|HC|  |TAMS 0x0000000705e00000| PB 0x0000000705e00000| Complete |  0
|  25|0x0000000706000000, 0x0000000706200000, 0x0000000706200000|100%|HS|  |TAMS 0x0000000706000000| PB 0x0000000706000000| Complete |  0
|  26|0x0000000706200000, 0x0000000706400000, 0x0000000706400000|100%|HC|  |TAMS 0x0000000706200000| PB 0x0000000706200000| Complete |  0
|  27|0x0000000706400000, 0x0000000706600000, 0x0000000706600000|100%|HS|  |TAMS 0x0000000706400000| PB 0x0000000706400000| Complete |  0
|  28|0x0000000706600000, 0x0000000706800000, 0x0000000706800000|100%|HC|  |TAMS 0x0000000706600000| PB 0x0000000706600000| Complete |  0
|  29|0x0000000706800000, 0x0000000706a00000, 0x0000000706a00000|100%| O|  |TAMS 0x0000000706800000| PB 0x0000000706800000| Untracked |  0
|  30|0x0000000706a00000, 0x0000000706c00000, 0x0000000706c00000|100%| O|  |TAMS 0x0000000706a00000| PB 0x0000000706a00000| Untracked |  0
|  31|0x0000000706c00000, 0x0000000706e00000, 0x0000000706e00000|100%| O|  |TAMS 0x0000000706c00000| PB 0x0000000706c00000| Untracked |  0
|  32|0x0000000706e00000, 0x0000000707000000, 0x0000000707000000|100%| O|Cm|TAMS 0x0000000706e00000| PB 0x0000000706e00000| Complete |  0
|  33|0x0000000707000000, 0x0000000707200000, 0x0000000707200000|100%| O|  |TAMS 0x0000000707000000| PB 0x0000000707000000| Untracked |  0
|  34|0x0000000707200000, 0x0000000707400000, 0x0000000707400000|100%| O|  |TAMS 0x0000000707200000| PB 0x0000000707200000| Untracked |  0
|  35|0x0000000707400000, 0x0000000707600000, 0x0000000707600000|100%|HS|  |TAMS 0x0000000707400000| PB 0x0000000707400000| Complete |  0
|  36|0x0000000707600000, 0x0000000707800000, 0x0000000707800000|100%| O|  |TAMS 0x0000000707600000| PB 0x0000000707600000| Untracked |  0
|  37|0x0000000707800000, 0x0000000707a00000, 0x0000000707a00000|100%| O|  |TAMS 0x0000000707800000| PB 0x0000000707800000| Untracked |  0
|  38|0x0000000707a00000, 0x0000000707c00000, 0x0000000707c00000|100%| O|  |TAMS 0x0000000707a00000| PB 0x0000000707a00000| Untracked |  0
|  39|0x0000000707c00000, 0x0000000707dcc680, 0x0000000707e00000| 89%| O|  |TAMS 0x0000000707c00000| PB 0x0000000707c00000| Untracked |  0
|  40|0x0000000707e00000, 0x0000000707e00000, 0x0000000708000000|  0%| F|  |TAMS 0x0000000707e00000| PB 0x0000000707e00000| Untracked |  0
|  41|0x0000000708000000, 0x0000000708000000, 0x0000000708200000|  0%| F|  |TAMS 0x0000000708000000| PB 0x0000000708000000| Untracked |  0
|  42|0x0000000708200000, 0x0000000708200000, 0x0000000708400000|  0%| F|  |TAMS 0x0000000708200000| PB 0x0000000708200000| Untracked |  0
|  43|0x0000000708400000, 0x0000000708400000, 0x0000000708600000|  0%| F|  |TAMS 0x0000000708400000| PB 0x0000000708400000| Untracked |  0
|  44|0x0000000708600000, 0x0000000708600000, 0x0000000708800000|  0%| F|  |TAMS 0x0000000708600000| PB 0x0000000708600000| Untracked |  0
|  45|0x0000000708800000, 0x0000000708800000, 0x0000000708a00000|  0%| F|  |TAMS 0x0000000708800000| PB 0x0000000708800000| Untracked |  0
|  46|0x0000000708a00000, 0x0000000708a00000, 0x0000000708c00000|  0%| F|  |TAMS 0x0000000708a00000| PB 0x0000000708a00000| Untracked |  0
|  47|0x0000000708c00000, 0x0000000708c00000, 0x0000000708e00000|  0%| F|  |TAMS 0x0000000708c00000| PB 0x0000000708c00000| Untracked |  0
|  48|0x0000000708e00000, 0x0000000708e00000, 0x0000000709000000|  0%| F|  |TAMS 0x0000000708e00000| PB 0x0000000708e00000| Untracked |  0
|  49|0x0000000709000000, 0x0000000709000000, 0x0000000709200000|  0%| F|  |TAMS 0x0000000709000000| PB 0x0000000709000000| Untracked |  0
|  50|0x0000000709200000, 0x0000000709200000, 0x0000000709400000|  0%| F|  |TAMS 0x0000000709200000| PB 0x0000000709200000| Untracked |  0
|  51|0x0000000709400000, 0x0000000709400000, 0x0000000709600000|  0%| F|  |TAMS 0x0000000709400000| PB 0x0000000709400000| Untracked |  0
|  52|0x0000000709600000, 0x0000000709600000, 0x0000000709800000|  0%| F|  |TAMS 0x0000000709600000| PB 0x0000000709600000| Untracked |  0
|  53|0x0000000709800000, 0x0000000709800000, 0x0000000709a00000|  0%| F|  |TAMS 0x0000000709800000| PB 0x0000000709800000| Untracked |  0
|  54|0x0000000709a00000, 0x0000000709a00000, 0x0000000709c00000|  0%| F|  |TAMS 0x0000000709a00000| PB 0x0000000709a00000| Untracked |  0
|  55|0x0000000709c00000, 0x0000000709c00000, 0x0000000709e00000|  0%| F|  |TAMS 0x0000000709c00000| PB 0x0000000709c00000| Untracked |  0
|  56|0x0000000709e00000, 0x0000000709e00000, 0x000000070a000000|  0%| F|  |TAMS 0x0000000709e00000| PB 0x0000000709e00000| Untracked |  0
|  57|0x000000070a000000, 0x000000070a000000, 0x000000070a200000|  0%| F|  |TAMS 0x000000070a000000| PB 0x000000070a000000| Untracked |  0
|  58|0x000000070a200000, 0x000000070a200000, 0x000000070a400000|  0%| F|  |TAMS 0x000000070a200000| PB 0x000000070a200000| Untracked |  0
|  59|0x000000070a400000, 0x000000070a400000, 0x000000070a600000|  0%| F|  |TAMS 0x000000070a400000| PB 0x000000070a400000| Untracked |  0
|  60|0x000000070a600000, 0x000000070a600000, 0x000000070a800000|  0%| F|  |TAMS 0x000000070a600000| PB 0x000000070a600000| Untracked |  0
|  61|0x000000070a800000, 0x000000070a800000, 0x000000070aa00000|  0%| F|  |TAMS 0x000000070a800000| PB 0x000000070a800000| Untracked |  0
|  62|0x000000070aa00000, 0x000000070aa00000, 0x000000070ac00000|  0%| F|  |TAMS 0x000000070aa00000| PB 0x000000070aa00000| Untracked |  0
|  63|0x000000070ac00000, 0x000000070ac00000, 0x000000070ae00000|  0%| F|  |TAMS 0x000000070ac00000| PB 0x000000070ac00000| Untracked |  0
|  64|0x000000070ae00000, 0x000000070ae00000, 0x000000070b000000|  0%| F|  |TAMS 0x000000070ae00000| PB 0x000000070ae00000| Untracked |  0
|  65|0x000000070b000000, 0x000000070b000000, 0x000000070b200000|  0%| F|  |TAMS 0x000000070b000000| PB 0x000000070b000000| Untracked |  0
|  66|0x000000070b200000, 0x000000070b200000, 0x000000070b400000|  0%| F|  |TAMS 0x000000070b200000| PB 0x000000070b200000| Untracked |  0
|  67|0x000000070b400000, 0x000000070b400000, 0x000000070b600000|  0%| F|  |TAMS 0x000000070b400000| PB 0x000000070b400000| Untracked |  0
|  68|0x000000070b600000, 0x000000070b600000, 0x000000070b800000|  0%| F|  |TAMS 0x000000070b600000| PB 0x000000070b600000| Untracked |  0
|  69|0x000000070b800000, 0x000000070b800000, 0x000000070ba00000|  0%| F|  |TAMS 0x000000070b800000| PB 0x000000070b800000| Untracked |  0
|  70|0x000000070ba00000, 0x000000070ba00000, 0x000000070bc00000|  0%| F|  |TAMS 0x000000070ba00000| PB 0x000000070ba00000| Untracked |  0
|  71|0x000000070bc00000, 0x000000070bc00000, 0x000000070be00000|  0%| F|  |TAMS 0x000000070bc00000| PB 0x000000070bc00000| Untracked |  0
|  72|0x000000070be00000, 0x000000070be00000, 0x000000070c000000|  0%| F|  |TAMS 0x000000070be00000| PB 0x000000070be00000| Untracked |  0
|  73|0x000000070c000000, 0x000000070c000000, 0x000000070c200000|  0%| F|  |TAMS 0x000000070c000000| PB 0x000000070c000000| Untracked |  0
|  74|0x000000070c200000, 0x000000070c200000, 0x000000070c400000|  0%| F|  |TAMS 0x000000070c200000| PB 0x000000070c200000| Untracked |  0
|  75|0x000000070c400000, 0x000000070c400000, 0x000000070c600000|  0%| F|  |TAMS 0x000000070c400000| PB 0x000000070c400000| Untracked |  0
|  76|0x000000070c600000, 0x000000070c600000, 0x000000070c800000|  0%| F|  |TAMS 0x000000070c600000| PB 0x000000070c600000| Untracked |  0
|  77|0x000000070c800000, 0x000000070c800000, 0x000000070ca00000|  0%| F|  |TAMS 0x000000070c800000| PB 0x000000070c800000| Untracked |  0
|  78|0x000000070ca00000, 0x000000070ca00000, 0x000000070cc00000|  0%| F|  |TAMS 0x000000070ca00000| PB 0x000000070ca00000| Untracked |  0
|  79|0x000000070cc00000, 0x000000070cc00000, 0x000000070ce00000|  0%| F|  |TAMS 0x000000070cc00000| PB 0x000000070cc00000| Untracked |  0
|  80|0x000000070ce00000, 0x000000070ce00000, 0x000000070d000000|  0%| F|  |TAMS 0x000000070ce00000| PB 0x000000070ce00000| Untracked |  0
|  81|0x000000070d000000, 0x000000070d000000, 0x000000070d200000|  0%| F|  |TAMS 0x000000070d000000| PB 0x000000070d000000| Untracked |  0
|  82|0x000000070d200000, 0x000000070d200000, 0x000000070d400000|  0%| F|  |TAMS 0x000000070d200000| PB 0x000000070d200000| Untracked |  0
|  83|0x000000070d400000, 0x000000070d400000, 0x000000070d600000|  0%| F|  |TAMS 0x000000070d400000| PB 0x000000070d400000| Untracked |  0
|  84|0x000000070d600000, 0x000000070d600000, 0x000000070d800000|  0%| F|  |TAMS 0x000000070d600000| PB 0x000000070d600000| Untracked |  0
|  85|0x000000070d800000, 0x000000070d800000, 0x000000070da00000|  0%| F|  |TAMS 0x000000070d800000| PB 0x000000070d800000| Untracked |  0
|  86|0x000000070da00000, 0x000000070da00000, 0x000000070dc00000|  0%| F|  |TAMS 0x000000070da00000| PB 0x000000070da00000| Untracked |  0
|  87|0x000000070dc00000, 0x000000070dc00000, 0x000000070de00000|  0%| F|  |TAMS 0x000000070dc00000| PB 0x000000070dc00000| Untracked |  0
|  88|0x000000070de00000, 0x000000070de00000, 0x000000070e000000|  0%| F|  |TAMS 0x000000070de00000| PB 0x000000070de00000| Untracked |  0
|  89|0x000000070e000000, 0x000000070e000000, 0x000000070e200000|  0%| F|  |TAMS 0x000000070e000000| PB 0x000000070e000000| Untracked |  0
|  90|0x000000070e200000, 0x000000070e200000, 0x000000070e400000|  0%| F|  |TAMS 0x000000070e200000| PB 0x000000070e200000| Untracked |  0
|  91|0x000000070e400000, 0x000000070e400000, 0x000000070e600000|  0%| F|  |TAMS 0x000000070e400000| PB 0x000000070e400000| Untracked |  0
|  92|0x000000070e600000, 0x000000070e600000, 0x000000070e800000|  0%| F|  |TAMS 0x000000070e600000| PB 0x000000070e600000| Untracked |  0
|  93|0x000000070e800000, 0x000000070e800000, 0x000000070ea00000|  0%| F|  |TAMS 0x000000070e800000| PB 0x000000070e800000| Untracked |  0
|  94|0x000000070ea00000, 0x000000070ea00000, 0x000000070ec00000|  0%| F|  |TAMS 0x000000070ea00000| PB 0x000000070ea00000| Untracked |  0
|  95|0x000000070ec00000, 0x000000070ec00000, 0x000000070ee00000|  0%| F|  |TAMS 0x000000070ec00000| PB 0x000000070ec00000| Untracked |  0
|  96|0x000000070ee00000, 0x000000070ee00000, 0x000000070f000000|  0%| F|  |TAMS 0x000000070ee00000| PB 0x000000070ee00000| Untracked |  0
|  97|0x000000070f000000, 0x000000070f000000, 0x000000070f200000|  0%| F|  |TAMS 0x000000070f000000| PB 0x000000070f000000| Untracked |  0
|  98|0x000000070f200000, 0x000000070f200000, 0x000000070f400000|  0%| F|  |TAMS 0x000000070f200000| PB 0x000000070f200000| Untracked |  0
|  99|0x000000070f400000, 0x000000070f400000, 0x000000070f600000|  0%| F|  |TAMS 0x000000070f400000| PB 0x000000070f400000| Untracked |  0
| 100|0x000000070f600000, 0x000000070f600000, 0x000000070f800000|  0%| F|  |TAMS 0x000000070f600000| PB 0x000000070f600000| Untracked |  0
| 101|0x000000070f800000, 0x000000070f800000, 0x000000070fa00000|  0%| F|  |TAMS 0x000000070f800000| PB 0x000000070f800000| Untracked |  0
| 102|0x000000070fa00000, 0x000000070fa00000, 0x000000070fc00000|  0%| F|  |TAMS 0x000000070fa00000| PB 0x000000070fa00000| Untracked |  0
| 103|0x000000070fc00000, 0x000000070fc00000, 0x000000070fe00000|  0%| F|  |TAMS 0x000000070fc00000| PB 0x000000070fc00000| Untracked |  0
| 104|0x000000070fe00000, 0x000000070fe00000, 0x0000000710000000|  0%| F|  |TAMS 0x000000070fe00000| PB 0x000000070fe00000| Untracked |  0
| 105|0x0000000710000000, 0x0000000710000000, 0x0000000710200000|  0%| F|  |TAMS 0x0000000710000000| PB 0x0000000710000000| Untracked |  0
| 106|0x0000000710200000, 0x0000000710200000, 0x0000000710400000|  0%| F|  |TAMS 0x0000000710200000| PB 0x0000000710200000| Untracked |  0
| 107|0x0000000710400000, 0x0000000710400000, 0x0000000710600000|  0%| F|  |TAMS 0x0000000710400000| PB 0x0000000710400000| Untracked |  0
| 108|0x0000000710600000, 0x0000000710600000, 0x0000000710800000|  0%| F|  |TAMS 0x0000000710600000| PB 0x0000000710600000| Untracked |  0
| 109|0x0000000710800000, 0x0000000710800000, 0x0000000710a00000|  0%| F|  |TAMS 0x0000000710800000| PB 0x0000000710800000| Untracked |  0
| 110|0x0000000710a00000, 0x0000000710a00000, 0x0000000710c00000|  0%| F|  |TAMS 0x0000000710a00000| PB 0x0000000710a00000| Untracked |  0
| 111|0x0000000710c00000, 0x0000000710c00000, 0x0000000710e00000|  0%| F|  |TAMS 0x0000000710c00000| PB 0x0000000710c00000| Untracked |  0
| 112|0x0000000710e00000, 0x0000000710e00000, 0x0000000711000000|  0%| F|  |TAMS 0x0000000710e00000| PB 0x0000000710e00000| Untracked |  0
| 113|0x0000000711000000, 0x0000000711000000, 0x0000000711200000|  0%| F|  |TAMS 0x0000000711000000| PB 0x0000000711000000| Untracked |  0
| 114|0x0000000711200000, 0x0000000711200000, 0x0000000711400000|  0%| F|  |TAMS 0x0000000711200000| PB 0x0000000711200000| Untracked |  0
| 115|0x0000000711400000, 0x0000000711400000, 0x0000000711600000|  0%| F|  |TAMS 0x0000000711400000| PB 0x0000000711400000| Untracked |  0
| 116|0x0000000711600000, 0x0000000711600000, 0x0000000711800000|  0%| F|  |TAMS 0x0000000711600000| PB 0x0000000711600000| Untracked |  0
| 117|0x0000000711800000, 0x0000000711800000, 0x0000000711a00000|  0%| F|  |TAMS 0x0000000711800000| PB 0x0000000711800000| Untracked |  0
| 118|0x0000000711a00000, 0x0000000711a00000, 0x0000000711c00000|  0%| F|  |TAMS 0x0000000711a00000| PB 0x0000000711a00000| Untracked |  0
| 119|0x0000000711c00000, 0x0000000711c00000, 0x0000000711e00000|  0%| F|  |TAMS 0x0000000711c00000| PB 0x0000000711c00000| Untracked |  0
| 120|0x0000000711e00000, 0x0000000711e00000, 0x0000000712000000|  0%| F|  |TAMS 0x0000000711e00000| PB 0x0000000711e00000| Untracked |  0
| 121|0x0000000712000000, 0x0000000712000000, 0x0000000712200000|  0%| F|  |TAMS 0x0000000712000000| PB 0x0000000712000000| Untracked |  0
| 122|0x0000000712200000, 0x0000000712200000, 0x0000000712400000|  0%| F|  |TAMS 0x0000000712200000| PB 0x0000000712200000| Untracked |  0
| 123|0x0000000712400000, 0x0000000712400000, 0x0000000712600000|  0%| F|  |TAMS 0x0000000712400000| PB 0x0000000712400000| Untracked |  0
| 124|0x0000000712600000, 0x00000007126a3260, 0x0000000712800000| 31%| S|CS|TAMS 0x0000000712600000| PB 0x0000000712600000| Complete |  0
| 125|0x0000000712800000, 0x000000071292fe90, 0x0000000712a00000| 59%| E|  |TAMS 0x0000000712800000| PB 0x0000000712800000| Complete |  0
| 126|0x0000000712a00000, 0x0000000712c00000, 0x0000000712c00000|100%| E|CS|TAMS 0x0000000712a00000| PB 0x0000000712a00000| Complete |  0

Card table byte_map: [0x0000021ba51a0000,0x0000021ba5990000] _byte_map_base: 0x0000021ba1989000

Marking Bits: (CMBitMap*) 0x0000021b8cc91010
 Bits: [0x0000021ba5990000, 0x0000021ba98d8000)

Polling page: 0x0000021b8aa90000

Metaspace:

Usage:
  Non-class:     18.10 MB used.
      Class:      3.08 MB used.
       Both:     21.18 MB used.

Virtual space:
  Non-class space:       64.00 MB reserved,      18.38 MB ( 29%) committed,  1 nodes.
      Class space:        1.00 GB reserved,       3.31 MB ( <1%) committed,  1 nodes.
             Both:        1.06 GB reserved,      21.69 MB (  2%) committed. 

Chunk freelists:
   Non-Class:  13.34 MB
       Class:  12.55 MB
        Both:  25.89 MB

MaxMetaspaceSize: unlimited
CompressedClassSpaceSize: 1.00 GB
Initial GC threshold: 21.00 MB
Current GC threshold: 35.12 MB
CDS: on
 - commit_granule_bytes: 65536.
 - commit_granule_words: 8192.
 - virtual_space_node_default_size: 8388608.
 - enlarge_chunks_in_place: 1.
 - use_allocation_guard: 0.


Internal statistics:

num_allocs_failed_limit: 3.
num_arena_births: 510.
num_arena_deaths: 0.
num_vsnodes_births: 2.
num_vsnodes_deaths: 0.
num_space_committed: 347.
num_space_uncommitted: 0.
num_chunks_returned_to_freelist: 3.
num_chunks_taken_from_freelist: 1131.
num_chunk_merges: 0.
num_chunk_splits: 713.
num_chunks_enlarged: 439.
num_inconsistent_stats: 0.

CodeHeap 'non-profiled nmethods': size=120064Kb used=1182Kb max_used=1182Kb free=118881Kb
 bounds [0x0000021b9ce10000, 0x0000021b9d080000, 0x0000021ba4350000]
CodeHeap 'profiled nmethods': size=120000Kb used=4952Kb max_used=4952Kb free=115047Kb
 bounds [0x0000021b95350000, 0x0000021b95830000, 0x0000021b9c880000]
CodeHeap 'non-nmethods': size=5696Kb used=1860Kb max_used=1875Kb free=3835Kb
 bounds [0x0000021b9c880000, 0x0000021b9caf0000, 0x0000021b9ce10000]
CodeCache: size=245760Kb, used=7994Kb, max_used=8009Kb, free=237763Kb
 total_blobs=4500, nmethods=3608, adapters=796, full_count=0
Compilation: enabled, stopped_count=0, restarted_count=0

Compilation events (20 events):
Event: 16.586 Thread 0x0000021bac576480 3542       3       javafx.scene.Node$1::doPickNodeLocal (7 bytes)
Event: 16.586 Thread 0x0000021bac576480 nmethod 3542 0x0000021b95806408 code [0x0000021b95806540, 0x0000021b958066f0]
Event: 16.600 Thread 0x0000021bac576480 3543       3       com.sun.javafx.geom.Vec3d::<init> (5 bytes)
Event: 16.600 Thread 0x0000021bac576480 nmethod 3543 0x0000021b95806788 code [0x0000021b958068a0, 0x0000021b95806a08]
Event: 16.600 Thread 0x0000021bac576480 3544       1       javafx.scene.input.MouseEvent::getPickResult (5 bytes)
Event: 16.600 Thread 0x0000021bac576480 nmethod 3544 0x0000021b9cf34788 code [0x0000021b9cf348a0, 0x0000021b9cf34970]
Event: 16.607 Thread 0x0000021bac576480 3545       1       com.sun.glass.ui.Window$UndecoratedMoveResizeHelper::inMove (5 bytes)
Event: 16.607 Thread 0x0000021bac576480 nmethod 3545 0x0000021b9cf34a88 code [0x0000021b9cf34ba0, 0x0000021b9cf34c70]
Event: 16.607 Thread 0x0000021bac576480 3548       3       com.sun.javafx.geom.transform.GeneralTransform3D::updateState (196 bytes)
Event: 16.608 Thread 0x0000021bac576480 nmethod 3548 0x0000021b95806a88 code [0x0000021b95806c20, 0x0000021b95807498]
Event: 16.608 Thread 0x0000021bac576480 3547       3       javafx.scene.Scene$TargetWrapper::clear (12 bytes)
Event: 16.608 Thread 0x0000021bac576480 nmethod 3547 0x0000021b95807508 code [0x0000021b95807620, 0x0000021b95807828]
Event: 16.608 Thread 0x0000021bac576480 3549       1       com.sun.prism.impl.BaseGraphics::isAntialiasedShape (5 bytes)
Event: 16.608 Thread 0x0000021bac576480 nmethod 3549 0x0000021b9cf34d88 code [0x0000021b9cf34ea0, 0x0000021b9cf34f70]
Event: 16.608 Thread 0x0000021bac576480 3546       1       com.sun.glass.ui.Window$UndecoratedMoveResizeHelper::inResize (5 bytes)
Event: 16.608 Thread 0x0000021bac576480 nmethod 3546 0x0000021b9cf35088 code [0x0000021b9cf351a0, 0x0000021b9cf35270]
Event: 16.614 Thread 0x0000021bac576480 3550       1       com.sun.javafx.stage.WindowEventDispatcher::getLastDispatcher (5 bytes)
Event: 16.614 Thread 0x0000021bac576480 nmethod 3550 0x0000021b9cf35388 code [0x0000021b9cf354a0, 0x0000021b9cf35570]
Event: 16.629 Thread 0x0000021bac576480 3551       1       com.sun.javafx.scene.SceneEventDispatcher::getLastDispatcher (5 bytes)
Event: 16.629 Thread 0x0000021bac576480 nmethod 3551 0x0000021b9cf35688 code [0x0000021b9cf357a0, 0x0000021b9cf35870]

GC Heap History (8 events):
Event: 2.209 GC heap before
{Heap before GC invocations=0 (full 0):
 garbage-first heap   total reserved 4147200K, committed 260096K, used 22528K [0x0000000702e00000, 0x0000000800000000)
  region size 2048K, 12 young (24576K), 0 survivors (0K)
 Metaspace       used 6440K, committed 6656K, reserved 1114112K
  class space    used 745K, committed 896K, reserved 1048576K
}
Event: 2.215 GC heap after
{Heap after GC invocations=1 (full 0):
 garbage-first heap   total reserved 4147200K, committed 260096K, used 4269K [0x0000000702e00000, 0x0000000800000000)
  region size 2048K, 2 young (4096K), 2 survivors (4096K)
 Metaspace       used 6440K, committed 6656K, reserved 1114112K
  class space    used 745K, committed 896K, reserved 1048576K
}
Event: 4.715 GC heap before
{Heap before GC invocations=1 (full 0):
 garbage-first heap   total reserved 4147200K, committed 260096K, used 82093K [0x0000000702e00000, 0x0000000800000000)
  region size 2048K, 13 young (26624K), 2 survivors (4096K)
 Metaspace       used 10576K, committed 10880K, reserved 1114112K
  class space    used 1263K, committed 1408K, reserved 1048576K
}
Event: 4.720 GC heap after
{Heap after GC invocations=2 (full 0):
 garbage-first heap   total reserved 4147200K, committed 260096K, used 71417K [0x0000000702e00000, 0x0000000800000000)
  region size 2048K, 2 young (4096K), 2 survivors (4096K)
 Metaspace       used 10576K, committed 10880K, reserved 1114112K
  class space    used 1263K, committed 1408K, reserved 1048576K
}
Event: 9.701 GC heap before
{Heap before GC invocations=2 (full 0):
 garbage-first heap   total reserved 4147200K, committed 260096K, used 118521K [0x0000000702e00000, 0x0000000800000000)
  region size 2048K, 26 young (53248K), 2 survivors (4096K)
 Metaspace       used 20919K, committed 21376K, reserved 1114112K
  class space    used 3075K, committed 3264K, reserved 1048576K
}
Event: 9.706 GC heap after
{Heap after GC invocations=3 (full 0):
 garbage-first heap   total reserved 4147200K, committed 260096K, used 79178K [0x0000000702e00000, 0x0000000800000000)
  region size 2048K, 4 young (8192K), 4 survivors (8192K)
 Metaspace       used 20919K, committed 21376K, reserved 1114112K
  class space    used 3075K, committed 3264K, reserved 1048576K
}
Event: 9.916 GC heap before
{Heap before GC invocations=3 (full 0):
 garbage-first heap   total reserved 4147200K, committed 260096K, used 83274K [0x0000000702e00000, 0x0000000800000000)
  region size 2048K, 6 young (12288K), 4 survivors (8192K)
 Metaspace       used 21158K, committed 21504K, reserved 1114112K
  class space    used 3115K, committed 3264K, reserved 1048576K
}
Event: 9.920 GC heap after
{Heap after GC invocations=4 (full 0):
 garbage-first heap   total reserved 4147200K, committed 260096K, used 82366K [0x0000000702e00000, 0x0000000800000000)
  region size 2048K, 1 young (2048K), 1 survivors (2048K)
 Metaspace       used 21158K, committed 21504K, reserved 1114112K
  class space    used 3115K, committed 3264K, reserved 1048576K
}

Dll operation events (20 events):
Event: 2.100 Loaded shared library C:\Users\husse\.openjfx\cache\21+31\amd64\api-ms-win-crt-locale-l1-1-0.dll
Event: 2.104 Loaded shared library C:\Users\husse\.openjfx\cache\21+31\amd64\api-ms-win-crt-math-l1-1-0.dll
Event: 2.108 Loaded shared library C:\Users\husse\.openjfx\cache\21+31\amd64\api-ms-win-crt-multibyte-l1-1-0.dll
Event: 2.112 Loaded shared library C:\Users\husse\.openjfx\cache\21+31\amd64\api-ms-win-crt-private-l1-1-0.dll
Event: 2.117 Loaded shared library C:\Users\husse\.openjfx\cache\21+31\amd64\api-ms-win-crt-process-l1-1-0.dll
Event: 2.121 Loaded shared library C:\Users\husse\.openjfx\cache\21+31\amd64\api-ms-win-crt-runtime-l1-1-0.dll
Event: 2.125 Loaded shared library C:\Users\husse\.openjfx\cache\21+31\amd64\api-ms-win-crt-stdio-l1-1-0.dll
Event: 2.129 Loaded shared library C:\Users\husse\.openjfx\cache\21+31\amd64\api-ms-win-crt-string-l1-1-0.dll
Event: 2.132 Loaded shared library C:\Users\husse\.openjfx\cache\21+31\amd64\api-ms-win-crt-time-l1-1-0.dll
Event: 2.135 Loaded shared library C:\Users\husse\.openjfx\cache\21+31\amd64\api-ms-win-crt-utility-l1-1-0.dll
Event: 2.152 Loaded shared library C:\Users\husse\.openjfx\cache\21+31\amd64\ucrtbase.dll
Event: 2.157 Loaded shared library C:\Users\husse\.openjfx\cache\21+31\amd64\vcruntime140.dll
Event: 2.162 Loaded shared library C:\Users\husse\.openjfx\cache\21+31\amd64\vcruntime140_1.dll
Event: 2.172 Loaded shared library C:\Users\husse\.openjfx\cache\21+31\amd64\msvcp140.dll
Event: 2.176 Loaded shared library C:\Users\husse\.openjfx\cache\21+31\amd64\msvcp140_1.dll
Event: 2.182 Loaded shared library C:\Users\husse\.openjfx\cache\21+31\amd64\msvcp140_2.dll
Event: 2.238 Loaded shared library C:\Users\husse\.openjfx\cache\21+31\amd64\prism_d3d.dll
Event: 3.351 Loaded shared library C:\Users\husse\.openjfx\cache\21+31\amd64\glass.dll
Event: 4.234 Loaded shared library C:\Users\husse\.openjfx\cache\21+31\amd64\javafx_iio.dll
Event: 5.980 Loaded shared library C:\Users\husse\.openjfx\cache\21+31\amd64\javafx_font.dll

Deoptimization events (20 events):
Event: 9.671 Thread 0x0000021bf2b44ca0 DEOPT UNPACKING pc=0x0000021b9c8d4402 sp=0x00000068cdefdea8 mode 2
Event: 9.707 Thread 0x0000021bf2b44ca0 Uncommon trap: trap_request=0xffffffde fr.pc=0x0000021b9ceda2d4 relative=0x00000000000004d4
Event: 9.707 Thread 0x0000021bf2b44ca0 Uncommon trap: reason=class_check action=maybe_recompile pc=0x0000021b9ceda2d4 method=java.io.BufferedInputStream.read1([BII)I @ 52 c2
Event: 9.707 Thread 0x0000021bf2b44ca0 DEOPT PACKING pc=0x0000021b9ceda2d4 sp=0x00000068cdefd230
Event: 9.707 Thread 0x0000021bf2b44ca0 DEOPT UNPACKING pc=0x0000021b9c8d4402 sp=0x00000068cdefd1e8 mode 2
Event: 9.712 Thread 0x0000021bf2b44ca0 Uncommon trap: trap_request=0xffffffde fr.pc=0x0000021b9ceda2d4 relative=0x00000000000004d4
Event: 9.712 Thread 0x0000021bf2b44ca0 Uncommon trap: reason=class_check action=maybe_recompile pc=0x0000021b9ceda2d4 method=java.io.BufferedInputStream.read1([BII)I @ 52 c2
Event: 9.712 Thread 0x0000021bf2b44ca0 DEOPT PACKING pc=0x0000021b9ceda2d4 sp=0x00000068cdefd110
Event: 9.712 Thread 0x0000021bf2b44ca0 DEOPT UNPACKING pc=0x0000021b9c8d4402 sp=0x00000068cdefd0c8 mode 2
Event: 9.715 Thread 0x0000021bf2b44ca0 Uncommon trap: trap_request=0xffffffde fr.pc=0x0000021b9ceda2d4 relative=0x00000000000004d4
Event: 9.715 Thread 0x0000021bf2b44ca0 Uncommon trap: reason=class_check action=maybe_recompile pc=0x0000021b9ceda2d4 method=java.io.BufferedInputStream.read1([BII)I @ 52 c2
Event: 9.715 Thread 0x0000021bf2b44ca0 DEOPT PACKING pc=0x0000021b9ceda2d4 sp=0x00000068cdefd1d0
Event: 9.715 Thread 0x0000021bf2b44ca0 DEOPT UNPACKING pc=0x0000021b9c8d4402 sp=0x00000068cdefd188 mode 2
Event: 16.576 Thread 0x0000021bf2b44ca0 DEOPT PACKING pc=0x0000021b957659ba sp=0x00000068cdefd4b0
Event: 16.576 Thread 0x0000021bf2b44ca0 DEOPT UNPACKING pc=0x0000021b9c8d4b22 sp=0x00000068cdefc908 mode 0
Event: 16.578 Thread 0x0000021bf2b44ca0 DEOPT PACKING pc=0x0000021b957659ba sp=0x00000068cdefd4b0
Event: 16.578 Thread 0x0000021bf2b44ca0 DEOPT UNPACKING pc=0x0000021b9c8d4b22 sp=0x00000068cdefc908 mode 0
Event: 16.579 Thread 0x0000021bf2b44ca0 DEOPT PACKING pc=0x0000021b957659ba sp=0x00000068cdefd5f0
Event: 16.579 Thread 0x0000021bf2b44ca0 DEOPT UNPACKING pc=0x0000021b9c8d4b22 sp=0x00000068cdefca48 mode 0
Event: 16.608 Thread 0x0000021bf2b44ca0 DEOPT PACKING pc=0x0000021b957659ba sp=0x00000068cdefd4b0

Classes loaded (20 events):
Event: 9.684 Loading class java/util/concurrent/ConcurrentLinkedQueue$Node
Event: 9.684 Loading class java/util/concurrent/ConcurrentLinkedQueue$Node done
Event: 9.686 Loading class jdk/internal/ref/CleanerImpl$InnocuousThreadFactory
Event: 9.686 Loading class jdk/internal/ref/CleanerImpl$InnocuousThreadFactory done
Event: 9.690 Loading class sun/misc/Unsafe
Event: 9.690 Loading class sun/misc/Unsafe done
Event: 9.691 Loading class sun/misc/Unsafe$MemoryAccessOption
Event: 9.691 Loading class sun/misc/Unsafe$MemoryAccessOption done
Event: 9.716 Loading class java/nio/ShortBuffer
Event: 9.716 Loading class java/nio/ShortBuffer done
Event: 9.716 Loading class java/nio/DoubleBuffer
Event: 9.716 Loading class java/nio/DoubleBuffer done
Event: 9.717 Loading class java/nio/DirectFloatBufferU
Event: 9.717 Loading class java/nio/DirectFloatBufferU done
Event: 9.952 Loading class java/util/EnumMap$Values
Event: 9.952 Loading class java/util/EnumMap$Values done
Event: 9.952 Loading class java/util/EnumMap$ValueIterator
Event: 9.952 Loading class java/util/EnumMap$EnumMapIterator
Event: 9.952 Loading class java/util/EnumMap$EnumMapIterator done
Event: 9.952 Loading class java/util/EnumMap$ValueIterator done

Classes unloaded (0 events):
No events

Classes redefined (0 events):
No events

Internal exceptions (20 events):
Event: 5.938 Thread 0x0000021bf2e20770 Exception <a 'java/lang/NoSuchMethodError'{0x0000000711f72150}: 'java.lang.Object java.lang.invoke.DirectMethodHandle$Holder.invokeStatic(java.lang.Object, java.lang.Object, java.lang.Object, java.lang.Object, int)'> (0x0000000711f72150) 
thrown [s\open\src\hotspot\share\interpreter\linkResolver.cpp, line 796]
Event: 5.939 Thread 0x0000021bf2e20770 Exception <a 'java/lang/NoSuchMethodError'{0x0000000711f8edd0}: 'void java.lang.invoke.DelegatingMethodHandle$Holder.reinvoke_L(java.lang.Object, java.lang.Object, double)'> (0x0000000711f8edd0) 
thrown [s\open\src\hotspot\share\interpreter\linkResolver.cpp, line 796]
Event: 5.940 Thread 0x0000021bf2e20770 Exception <a 'java/lang/NoSuchMethodError'{0x0000000711f9cf80}: 'void java.lang.invoke.DirectMethodHandle$Holder.invokeSpecial(java.lang.Object, java.lang.Object, int)'> (0x0000000711f9cf80) 
thrown [s\open\src\hotspot\share\interpreter\linkResolver.cpp, line 796]
Event: 5.940 Thread 0x0000021bf2e20770 Exception <a 'java/lang/NoSuchMethodError'{0x0000000711fa3db0}: 'void java.lang.invoke.DelegatingMethodHandle$Holder.reinvoke_L(java.lang.Object, java.lang.Object, int)'> (0x0000000711fa3db0) 
thrown [s\open\src\hotspot\share\interpreter\linkResolver.cpp, line 796]
Event: 5.957 Thread 0x0000021bf2e20770 Exception <a 'java/lang/ClassNotFoundException'{0x0000000711c6edf8}: com/sun/glass/ui/win/themes> (0x0000000711c6edf8) 
thrown [s\open\src\hotspot\share\prims\jni.cpp, line 539]
Event: 5.957 Thread 0x0000021bf2e20770 Exception <a 'java/lang/ClassNotFoundException'{0x0000000711c76e78}: com/sun/glass/ui/win/themes_en> (0x0000000711c76e78) 
thrown [s\open\src\hotspot\share\prims\jni.cpp, line 539]
Event: 5.958 Thread 0x0000021bf2e20770 Exception <a 'java/lang/ClassNotFoundException'{0x0000000711c7eca0}: com/sun/glass/ui/win/themes_en_US> (0x0000000711c7eca0) 
thrown [s\open\src\hotspot\share\prims\jni.cpp, line 539]
Event: 6.345 Thread 0x0000021bf2e20770 Exception <a 'java/io/FileNotFoundException'{0x0000000710ae7798}> (0x0000000710ae7798) 
thrown [s\open\src\hotspot\share\prims\jni.cpp, line 520]
Event: 6.506 Thread 0x0000021bf2e20770 Exception <a 'java/lang/ClassNotFoundException'{0x00000007105f40d8}: com/sun/javafx/scene/control/skin/resources/controls> (0x00000007105f40d8) 
thrown [s\open\src\hotspot\share\prims\jni.cpp, line 539]
Event: 6.507 Thread 0x0000021bf2e20770 Exception <a 'java/lang/ClassNotFoundException'{0x0000000710202538}: com/sun/javafx/scene/control/skin/resources/controls_en> (0x0000000710202538) 
thrown [s\open\src\hotspot\share\prims\jni.cpp, line 539]
Event: 6.507 Thread 0x0000021bf2e20770 Exception <a 'java/lang/ClassNotFoundException'{0x00000007102038e8}: com/sun/javafx/scene/control/skin/resources/controls_en_US> (0x00000007102038e8) 
thrown [s\open\src\hotspot\share\prims\jni.cpp, line 539]
Event: 6.535 Thread 0x0000021bf2e20770 Exception <a 'java/lang/NoSuchMethodError'{0x00000007103eada0}: 'void java.lang.invoke.DirectMethodHandle$Holder.invokeSpecial(java.lang.Object, java.lang.Object, java.lang.Object, java.lang.Object, java.lang.Object, java.lang.Object)'> (0x00000007103eada0) 
thrown [s\open\src\hotspot\share\interpreter\linkResolver.cpp, line 796]
Event: 6.537 Thread 0x0000021bf2e20770 Exception <a 'java/lang/IncompatibleClassChangeError'{0x000000071000a4d0}: Found class java.lang.Object, but interface was expected> (0x000000071000a4d0) 
thrown [s\open\src\hotspot\share\interpreter\linkResolver.cpp, line 863]
Event: 7.596 Thread 0x0000021bf2e20770 Exception <a 'sun/nio/fs/WindowsException'{0x000000070fd3cd60}> (0x000000070fd3cd60) 
thrown [s\open\src\hotspot\share\prims\jni.cpp, line 520]
Event: 7.603 Thread 0x0000021bf2e20770 Exception <a 'java/lang/NoSuchMethodError'{0x000000070fd665f0}: 'int java.lang.invoke.DirectMethodHandle$Holder.invokeSpecial(java.lang.Object, java.lang.Object, int)'> (0x000000070fd665f0) 
thrown [s\open\src\hotspot\share\interpreter\linkResolver.cpp, line 796]
Event: 7.613 Thread 0x0000021bf2e20770 Exception <a 'java/lang/NoSuchMethodError'{0x000000070fdb3758}: 'java.lang.Object java.lang.invoke.DirectMethodHandle$Holder.newInvokeSpecial(java.lang.Object, java.lang.Object, int)'> (0x000000070fdb3758) 
thrown [s\open\src\hotspot\share\interpreter\linkResolver.cpp, line 796]
Event: 9.913 Thread 0x0000021bf2b44ca0 Exception <a 'java/lang/NoSuchMethodError'{0x000000071282cea0}: 'java.lang.Object java.lang.invoke.DirectMethodHandle$Holder.invokeStaticInit(java.lang.Object, int)'> (0x000000071282cea0) 
thrown [s\open\src\hotspot\share\interpreter\linkResolver.cpp, line 796]
Event: 9.946 Thread 0x0000021bf2e20770 Exception <a 'java/lang/NoSuchMethodError'{0x0000000712ac13e0}: 'long java.lang.invoke.DirectMethodHandle$Holder.invokeStatic(java.lang.Object, java.lang.Object, java.lang.Object)'> (0x0000000712ac13e0) 
thrown [s\open\src\hotspot\share\interpreter\linkResolver.cpp, line 796]
Event: 9.946 Thread 0x0000021bf2e20770 Exception <a 'java/lang/NoSuchMethodError'{0x0000000712ac47c8}: 'long java.lang.invoke.DirectMethodHandle$Holder.invokeStaticInit(java.lang.Object, java.lang.Object, java.lang.Object)'> (0x0000000712ac47c8) 
thrown [s\open\src\hotspot\share\interpreter\linkResolver.cpp, line 796]
Event: 9.948 Thread 0x0000021bf2e20770 Exception <a 'java/lang/NoSuchMethodError'{0x0000000712ad8f68}: 'java.lang.Object java.lang.invoke.DirectMethodHandle$Holder.newInvokeSpecial(java.lang.Object, java.lang.Object, long)'> (0x0000000712ad8f68) 
thrown [s\open\src\hotspot\share\interpreter\linkResolver.cpp, line 796]

VM Operations (20 events):
Event: 4.083 Executing VM operation: HandshakeAllThreads (Deoptimize)
Event: 4.083 Executing VM operation: HandshakeAllThreads (Deoptimize) done
Event: 4.121 Executing VM operation: HandshakeAllThreads (Deoptimize)
Event: 4.121 Executing VM operation: HandshakeAllThreads (Deoptimize) done
Event: 4.715 Executing VM operation: G1CollectForAllocation (G1 Evacuation Pause)
Event: 4.720 Executing VM operation: G1CollectForAllocation (G1 Evacuation Pause) done
Event: 4.813 Executing VM operation: HandshakeAllThreads (Deoptimize)
Event: 4.813 Executing VM operation: HandshakeAllThreads (Deoptimize) done
Event: 5.984 Executing VM operation: HandshakeAllThreads (Deoptimize)
Event: 5.984 Executing VM operation: HandshakeAllThreads (Deoptimize) done
Event: 7.572 Executing VM operation: HandshakeAllThreads (Deoptimize)
Event: 7.572 Executing VM operation: HandshakeAllThreads (Deoptimize) done
Event: 9.701 Executing VM operation: G1CollectForAllocation (G1 Evacuation Pause)
Event: 9.706 Executing VM operation: G1CollectForAllocation (G1 Evacuation Pause) done
Event: 9.916 Executing VM operation: CollectForMetadataAllocation (Metadata GC Threshold)
Event: 9.920 Executing VM operation: CollectForMetadataAllocation (Metadata GC Threshold) done
Event: 9.927 Executing VM operation: G1PauseRemark
Event: 9.928 Executing VM operation: G1PauseRemark done
Event: 9.930 Executing VM operation: G1PauseCleanup
Event: 9.930 Executing VM operation: G1PauseCleanup done

Memory protections (0 events):
No events

Nmethod flushes (0 events):
No events

Events (20 events):
Event: 1.859 Thread 0x0000021b8cc29800 Thread added: 0x0000021bf2819b80
Event: 2.226 Thread 0x0000021b8cc29800 Thread added: 0x0000021bf2b44ca0
Event: 2.235 Thread 0x0000021bac555870 Thread added: 0x0000021bf2cea9b0
Event: 3.293 Thread 0x0000021bf2cea9b0 Thread added: 0x0000021bf2b44420
Event: 3.309 Thread 0x0000021bac8c4c70 Thread exited: 0x0000021bac8c4c70
Event: 3.309 Thread 0x0000021bac94cf60 Thread exited: 0x0000021bac94cf60
Event: 3.331 Thread 0x0000021bf2b44420 Thread added: 0x0000021bf2e200e0
Event: 3.339 Thread 0x0000021bf2b44420 Thread added: 0x0000021bf2e22ed0
Event: 3.354 Thread 0x0000021b8cc29800 Thread added: 0x0000021bf2e221b0
Event: 3.357 Thread 0x0000021b8cc29800 Thread added: 0x0000021bf2e20770
Event: 3.910 Thread 0x0000021b8cc29800 Thread added: 0x0000021bf2e22840
Event: 3.919 Thread 0x0000021bf2e21490 Thread added: 0x0000021bf2e21490
Event: 4.105 Thread 0x0000021bac576480 Thread added: 0x0000021bf3088ee0
Event: 5.935 Thread 0x0000021bf3088ee0 Thread exited: 0x0000021bf3088ee0
Event: 5.993 Thread 0x0000021bac576480 Thread added: 0x0000021bf32b3e80
Event: 6.106 Thread 0x0000021bf2e20770 Thread added: 0x0000021bf2e21b20
Event: 6.958 Thread 0x0000021bf32b3e80 Thread exited: 0x0000021bf32b3e80
Event: 7.602 Thread 0x0000021bac576480 Thread added: 0x0000021bf35538a0
Event: 7.979 Thread 0x0000021bf35538a0 Thread exited: 0x0000021bf35538a0
Event: 9.686 Thread 0x0000021bf2b44ca0 Thread added: 0x0000021bac9157a0


Dynamic libraries:
0x00007ff740d60000 - 0x00007ff740d70000 	C:\Program Files\Java\jdk-23\bin\java.exe
0x00007ffd4aea0000 - 0x00007ffd4b103000 	C:\WINDOWS\SYSTEM32\ntdll.dll
0x00007ffd00720000 - 0x00007ffd0073a000 	C:\Program Files\Avast Software\Avast\aswhook.dll
0x00007ffd49e40000 - 0x00007ffd49f08000 	C:\WINDOWS\System32\KERNEL32.DLL
0x00007ffd484f0000 - 0x00007ffd488a2000 	C:\WINDOWS\System32\KERNELBASE.dll
0x00007ffd483a0000 - 0x00007ffd484eb000 	C:\WINDOWS\System32\ucrtbase.dll
0x00007ffd33c30000 - 0x00007ffd33c4b000 	C:\Program Files\Java\jdk-23\bin\VCRUNTIME140.dll
0x00007ffd33cd0000 - 0x00007ffd33ce7000 	C:\Program Files\Java\jdk-23\bin\jli.dll
0x00007ffd49040000 - 0x00007ffd49208000 	C:\WINDOWS\System32\USER32.dll
0x00007ffd2b1a0000 - 0x00007ffd2b430000 	C:\WINDOWS\WinSxS\amd64_microsoft.windows.common-controls_6595b64144ccf1df_6.0.26100.2454_none_3e0b68a2e331ad60\COMCTL32.dll
0x00007ffd48c20000 - 0x00007ffd48c47000 	C:\WINDOWS\System32\win32u.dll
0x00007ffd4a270000 - 0x00007ffd4a319000 	C:\WINDOWS\System32\msvcrt.dll
0x00007ffd48f50000 - 0x00007ffd48f7a000 	C:\WINDOWS\System32\GDI32.dll
0x00007ffd48af0000 - 0x00007ffd48c1b000 	C:\WINDOWS\System32\gdi32full.dll
0x00007ffd48c50000 - 0x00007ffd48cf3000 	C:\WINDOWS\System32\msvcp_win.dll
0x00007ffd49c90000 - 0x00007ffd49cbf000 	C:\WINDOWS\System32\IMM32.DLL
0x00007ffd34530000 - 0x00007ffd3453c000 	C:\Program Files\Java\jdk-23\bin\vcruntime140_1.dll
0x00007ffd2d090000 - 0x00007ffd2d11e000 	C:\Program Files\Java\jdk-23\bin\msvcp140.dll
0x00007ffccdad0000 - 0x00007ffcce81f000 	C:\Program Files\Java\jdk-23\bin\server\jvm.dll
0x00007ffd48f80000 - 0x00007ffd49034000 	C:\WINDOWS\System32\ADVAPI32.dll
0x00007ffd4a1c0000 - 0x00007ffd4a266000 	C:\WINDOWS\System32\sechost.dll
0x00007ffd49450000 - 0x00007ffd49566000 	C:\WINDOWS\System32\RPCRT4.dll
0x00007ffd48d00000 - 0x00007ffd48d74000 	C:\WINDOWS\System32\WS2_32.dll
0x00007ffd46f40000 - 0x00007ffd46f8e000 	C:\WINDOWS\SYSTEM32\POWRPROF.dll
0x00007ffd3b270000 - 0x00007ffd3b2a6000 	C:\WINDOWS\SYSTEM32\WINMM.dll
0x00007ffd41600000 - 0x00007ffd4160b000 	C:\WINDOWS\SYSTEM32\VERSION.dll
0x00007ffd46f20000 - 0x00007ffd46f34000 	C:\WINDOWS\SYSTEM32\UMPDC.dll
0x00007ffd471c0000 - 0x00007ffd471da000 	C:\WINDOWS\SYSTEM32\kernel.appcore.dll
0x00007ffd341c0000 - 0x00007ffd341ca000 	C:\Program Files\Java\jdk-23\bin\jimage.dll
0x00007ffd45b60000 - 0x00007ffd45da1000 	C:\WINDOWS\SYSTEM32\DBGHELP.DLL
0x00007ffd4a560000 - 0x00007ffd4a8de000 	C:\WINDOWS\System32\combase.dll
0x00007ffd49ce0000 - 0x00007ffd49db6000 	C:\WINDOWS\System32\OLEAUT32.dll
0x00007ffd3e7a0000 - 0x00007ffd3e7d9000 	C:\WINDOWS\SYSTEM32\dbgcore.DLL
0x00007ffd48300000 - 0x00007ffd48399000 	C:\WINDOWS\System32\bcryptPrimitives.dll
0x00007ffd3fc10000 - 0x00007ffd3fc1f000 	C:\Program Files\Java\jdk-23\bin\instrument.dll
0x00007ffd33a30000 - 0x00007ffd33a4e000 	C:\Program Files\Java\jdk-23\bin\java.dll
0x00007ffd492b0000 - 0x00007ffd49449000 	C:\WINDOWS\System32\ole32.dll
0x00007ffd49580000 - 0x00007ffd49c80000 	C:\WINDOWS\System32\SHELL32.dll
0x00007ffd45fc0000 - 0x00007ffd467f1000 	C:\WINDOWS\SYSTEM32\windows.storage.dll
0x00007ffd4a8f0000 - 0x00007ffd4a9ca000 	C:\WINDOWS\System32\SHCORE.dll
0x00007ffd4a470000 - 0x00007ffd4a4cd000 	C:\WINDOWS\System32\shlwapi.dll
0x00007ffd48180000 - 0x00007ffd481ae000 	C:\WINDOWS\SYSTEM32\profapi.dll
0x00007ffd2a790000 - 0x00007ffd2a867000 	C:\Program Files\Java\jdk-23\bin\jsvml.dll
0x00007ffd34030000 - 0x00007ffd34040000 	C:\Program Files\Java\jdk-23\bin\net.dll
0x00007ffd476c0000 - 0x00007ffd47728000 	C:\WINDOWS\system32\mswsock.dll
0x00007ffd33920000 - 0x00007ffd33936000 	C:\Program Files\Java\jdk-23\bin\nio.dll
0x00007ffd33900000 - 0x00007ffd33917000 	C:\Program Files\Java\jdk-23\bin\zip.dll
0x00007ffd3fbf0000 - 0x00007ffd3fc0a000 	C:\Program Files\JetBrains\IntelliJ IDEA 2024.3.1\bin\breakgen64.dll
0x00007ffd46d00000 - 0x00007ffd46e25000 	C:\WINDOWS\SYSTEM32\DNSAPI.dll
0x00007ffd46c30000 - 0x00007ffd46c62000 	C:\WINDOWS\SYSTEM32\IPHLPAPI.DLL
0x00007ffd49cd0000 - 0x00007ffd49cda000 	C:\WINDOWS\System32\NSI.dll
0x00007ffd3fac0000 - 0x00007ffd3facb000 	C:\Windows\System32\rasadhlp.dll
0x00007ffd43b00000 - 0x00007ffd43b85000 	C:\WINDOWS\System32\fwpuclnt.dll
0x00007ffd33c20000 - 0x00007ffd33c2a000 	C:\Program Files\Java\jdk-23\bin\management.dll
0x00007ffd338f0000 - 0x00007ffd338fb000 	C:\Program Files\Java\jdk-23\bin\management_ext.dll
0x00007ffd49570000 - 0x00007ffd49578000 	C:\WINDOWS\System32\PSAPI.DLL
0x0000021b8c3a0000 - 0x0000021b8c3a3000 	C:\Users\husse\.openjfx\cache\21+31\amd64\api-ms-win-core-console-l1-1-0.dll
0x0000021b8c3b0000 - 0x0000021b8c3b3000 	C:\Users\husse\.openjfx\cache\21+31\amd64\api-ms-win-core-console-l1-2-0.dll
0x0000021b8c3c0000 - 0x0000021b8c3c3000 	C:\Users\husse\.openjfx\cache\21+31\amd64\api-ms-win-core-datetime-l1-1-0.dll
0x0000021baccc0000 - 0x0000021baccc3000 	C:\Users\husse\.openjfx\cache\21+31\amd64\api-ms-win-core-debug-l1-1-0.dll
0x0000021baccd0000 - 0x0000021baccd3000 	C:\Users\husse\.openjfx\cache\21+31\amd64\api-ms-win-core-errorhandling-l1-1-0.dll
0x0000021bacce0000 - 0x0000021bacce4000 	C:\Users\husse\.openjfx\cache\21+31\amd64\api-ms-win-core-file-l1-1-0.dll
0x0000021baccf0000 - 0x0000021baccf3000 	C:\Users\husse\.openjfx\cache\21+31\amd64\api-ms-win-core-file-l1-2-0.dll
0x0000021bacd00000 - 0x0000021bacd03000 	C:\Users\husse\.openjfx\cache\21+31\amd64\api-ms-win-core-file-l2-1-0.dll
0x0000021bacd10000 - 0x0000021bacd13000 	C:\Users\husse\.openjfx\cache\21+31\amd64\api-ms-win-core-handle-l1-1-0.dll
0x0000021bacd20000 - 0x0000021bacd23000 	C:\Users\husse\.openjfx\cache\21+31\amd64\api-ms-win-core-heap-l1-1-0.dll
0x0000021bacd30000 - 0x0000021bacd33000 	C:\Users\husse\.openjfx\cache\21+31\amd64\api-ms-win-core-interlocked-l1-1-0.dll
0x0000021bacd40000 - 0x0000021bacd43000 	C:\Users\husse\.openjfx\cache\21+31\amd64\api-ms-win-core-libraryloader-l1-1-0.dll
0x0000021bacd50000 - 0x0000021bacd53000 	C:\Users\husse\.openjfx\cache\21+31\amd64\api-ms-win-core-localization-l1-2-0.dll
0x0000021bacd60000 - 0x0000021bacd63000 	C:\Users\husse\.openjfx\cache\21+31\amd64\api-ms-win-core-memory-l1-1-0.dll
0x0000021bacd70000 - 0x0000021bacd73000 	C:\Users\husse\.openjfx\cache\21+31\amd64\api-ms-win-core-namedpipe-l1-1-0.dll
0x0000021bacd80000 - 0x0000021bacd83000 	C:\Users\husse\.openjfx\cache\21+31\amd64\api-ms-win-core-processenvironment-l1-1-0.dll
0x0000021bacd90000 - 0x0000021bacd93000 	C:\Users\husse\.openjfx\cache\21+31\amd64\api-ms-win-core-processthreads-l1-1-0.dll
0x0000021bacda0000 - 0x0000021bacda3000 	C:\Users\husse\.openjfx\cache\21+31\amd64\api-ms-win-core-processthreads-l1-1-1.dll
0x0000021bacdb0000 - 0x0000021bacdb3000 	C:\Users\husse\.openjfx\cache\21+31\amd64\api-ms-win-core-profile-l1-1-0.dll
0x0000021bacdc0000 - 0x0000021bacdc3000 	C:\Users\husse\.openjfx\cache\21+31\amd64\api-ms-win-core-rtlsupport-l1-1-0.dll
0x0000021bacdd0000 - 0x0000021bacdd3000 	C:\Users\husse\.openjfx\cache\21+31\amd64\api-ms-win-core-string-l1-1-0.dll
0x0000021bacde0000 - 0x0000021bacde3000 	C:\Users\husse\.openjfx\cache\21+31\amd64\api-ms-win-core-synch-l1-1-0.dll
0x0000021bacdf0000 - 0x0000021bacdf3000 	C:\Users\husse\.openjfx\cache\21+31\amd64\api-ms-win-core-synch-l1-2-0.dll
0x0000021bace00000 - 0x0000021bace03000 	C:\Users\husse\.openjfx\cache\21+31\amd64\api-ms-win-core-sysinfo-l1-1-0.dll
0x0000021bace10000 - 0x0000021bace13000 	C:\Users\husse\.openjfx\cache\21+31\amd64\api-ms-win-core-timezone-l1-1-0.dll
0x0000021bace20000 - 0x0000021bace23000 	C:\Users\husse\.openjfx\cache\21+31\amd64\api-ms-win-core-util-l1-1-0.dll
0x0000021bace30000 - 0x0000021bace33000 	C:\Users\husse\.openjfx\cache\21+31\amd64\api-ms-win-crt-conio-l1-1-0.dll
0x0000021bace40000 - 0x0000021bace44000 	C:\Users\husse\.openjfx\cache\21+31\amd64\api-ms-win-crt-convert-l1-1-0.dll
0x0000021bace50000 - 0x0000021bace53000 	C:\Users\husse\.openjfx\cache\21+31\amd64\api-ms-win-crt-environment-l1-1-0.dll
0x0000021bace60000 - 0x0000021bace63000 	C:\Users\husse\.openjfx\cache\21+31\amd64\api-ms-win-crt-filesystem-l1-1-0.dll
0x0000021bace70000 - 0x0000021bace73000 	C:\Users\husse\.openjfx\cache\21+31\amd64\api-ms-win-crt-heap-l1-1-0.dll
0x0000021bace80000 - 0x0000021bace83000 	C:\Users\husse\.openjfx\cache\21+31\amd64\api-ms-win-crt-locale-l1-1-0.dll
0x0000021bace90000 - 0x0000021bace95000 	C:\Users\husse\.openjfx\cache\21+31\amd64\api-ms-win-crt-math-l1-1-0.dll
0x0000021bacea0000 - 0x0000021bacea5000 	C:\Users\husse\.openjfx\cache\21+31\amd64\api-ms-win-crt-multibyte-l1-1-0.dll
0x0000021baceb0000 - 0x0000021bacec0000 	C:\Users\husse\.openjfx\cache\21+31\amd64\api-ms-win-crt-private-l1-1-0.dll
0x0000021bacec0000 - 0x0000021bacec3000 	C:\Users\husse\.openjfx\cache\21+31\amd64\api-ms-win-crt-process-l1-1-0.dll
0x0000021baced0000 - 0x0000021baced4000 	C:\Users\husse\.openjfx\cache\21+31\amd64\api-ms-win-crt-runtime-l1-1-0.dll
0x0000021bacee0000 - 0x0000021bacee4000 	C:\Users\husse\.openjfx\cache\21+31\amd64\api-ms-win-crt-stdio-l1-1-0.dll
0x0000021bacef0000 - 0x0000021bacef4000 	C:\Users\husse\.openjfx\cache\21+31\amd64\api-ms-win-crt-string-l1-1-0.dll
0x0000021bacf00000 - 0x0000021bacf03000 	C:\Users\husse\.openjfx\cache\21+31\amd64\api-ms-win-crt-time-l1-1-0.dll
0x0000021bacf10000 - 0x0000021bacf13000 	C:\Users\husse\.openjfx\cache\21+31\amd64\api-ms-win-crt-utility-l1-1-0.dll
0x00007ffd34750000 - 0x00007ffd3484c000 	C:\Users\husse\.openjfx\cache\21+31\amd64\ucrtbase.dll
0x00007ffd3fbd0000 - 0x00007ffd3fbeb000 	C:\Users\husse\.openjfx\cache\21+31\amd64\vcruntime140.dll
0x00007ffd3fbc0000 - 0x00007ffd3fbcc000 	C:\Users\husse\.openjfx\cache\21+31\amd64\vcruntime140_1.dll
0x00007ffd29e90000 - 0x00007ffd29f1e000 	C:\Users\husse\.openjfx\cache\21+31\amd64\msvcp140.dll
0x00007ffd3fbb0000 - 0x00007ffd3fbb9000 	C:\Users\husse\.openjfx\cache\21+31\amd64\msvcp140_1.dll
0x00007ffd47960000 - 0x00007ffd4797c000 	C:\WINDOWS\SYSTEM32\CRYPTSP.dll
0x00007ffd47120000 - 0x00007ffd47158000 	C:\WINDOWS\system32\rsaenh.dll
0x00007ffd3fb80000 - 0x00007ffd3fbaf000 	C:\Users\husse\.openjfx\cache\21+31\amd64\msvcp140_2.dll
0x00007ffd47760000 - 0x00007ffd4778b000 	C:\WINDOWS\SYSTEM32\USERENV.dll
0x00007ffd47ba0000 - 0x00007ffd47bc6000 	C:\WINDOWS\SYSTEM32\bcrypt.dll
0x00007ffd47980000 - 0x00007ffd4798c000 	C:\WINDOWS\SYSTEM32\CRYPTBASE.dll
0x00007ffd17e80000 - 0x00007ffd17e98000 	C:\WINDOWS\system32\napinsp.dll
0x00007ffd176c0000 - 0x00007ffd176d2000 	C:\WINDOWS\System32\winrnr.dll
0x00007ffd17690000 - 0x00007ffd176b2000 	C:\WINDOWS\system32\nlansp_c.dll
0x00007ffd3fc20000 - 0x00007ffd3fc36000 	C:\WINDOWS\system32\wshbth.dll
0x00007ffd34720000 - 0x00007ffd3474f000 	C:\Users\husse\.openjfx\cache\21+31\amd64\prism_d3d.dll
0x00007ffd1e9f0000 - 0x00007ffd1eb96000 	C:\WINDOWS\system32\d3d9.dll
0x00007ffd45400000 - 0x00007ffd4542e000 	C:\WINDOWS\SYSTEM32\dwmapi.dll
0x00007ffd45260000 - 0x00007ffd452a7000 	C:\WINDOWS\SYSTEM32\dxcore.dll
0x00007ffd45100000 - 0x00007ffd451ad000 	C:\WINDOWS\system32\uxtheme.dll
0x00007ffd0cc60000 - 0x00007ffd0cdc5000 	C:\WINDOWS\System32\DriverStore\FileRepository\iigd_dch.inf_amd64_4208a7ac24ac6344\igdumdim64.dll
0x00007ffcc0ad0000 - 0x00007ffcc475b000 	C:\WINDOWS\System32\DriverStore\FileRepository\iigd_dch.inf_amd64_4208a7ac24ac6344\igd9dxva64.dll
0x00007ffd4a9d0000 - 0x00007ffd4ae56000 	C:\WINDOWS\System32\SETUPAPI.dll
0x00007ffd47f00000 - 0x00007ffd47f5f000 	C:\WINDOWS\SYSTEM32\cfgmgr32.dll
0x00007ffd3b370000 - 0x00007ffd3b6a6000 	C:\WINDOWS\System32\DriverStore\FileRepository\iigd_dch.inf_amd64_4208a7ac24ac6344\igdgmm64.dll
0x00007ffd45200000 - 0x00007ffd4525c000 	C:\WINDOWS\SYSTEM32\directxdatabasehelper.dll
0x00007ffd33a90000 - 0x00007ffd33ad2000 	C:\Users\husse\.openjfx\cache\21+31\amd64\glass.dll
0x00007ffd49f60000 - 0x00007ffd4a04d000 	C:\WINDOWS\System32\COMDLG32.dll
0x00007ffceb380000 - 0x00007ffceb4b1000 	C:\ProgramData\A-Volute\DellInc.AlienwareSoundCenter\Modules\ScheduledModules\x64\AudioDevProps2.dll
0x00007ffd19230000 - 0x00007ffd19286000 	C:\WINDOWS\SYSTEM32\pdh.dll
0x00007ffcfb9f0000 - 0x00007ffcfba9e000 	C:\ProgramData\A-Volute\DellInc.AlienwareSoundCenter\Modules\ScheduledModules\x64\NahimicOSD.dll

dbghelp: loaded successfully - version: 4.0.5 - missing functions: none
symbol engine: initialized successfully - sym options: 0x614 - pdb path: .;C:\Program Files\Java\jdk-23\bin;C:\WINDOWS\SYSTEM32;C:\Program Files\Avast Software\Avast;C:\WINDOWS\WinSxS\amd64_microsoft.windows.common-controls_6595b64144ccf1df_6.0.26100.2454_none_3e0b68a2e331ad60;C:\Program Files\Java\jdk-23\bin\server;C:\Program Files\JetBrains\IntelliJ IDEA 2024.3.1\bin;C:\Users\husse\.openjfx\cache\21+31\amd64;C:\WINDOWS\System32\DriverStore\FileRepository\iigd_dch.inf_amd64_4208a7ac24ac6344;C:\ProgramData\A-Volute\DellInc.AlienwareSoundCenter\Modules\ScheduledModules\x64;C:\Program Files\Common Files\Microsoft Shared\Ink

VM Arguments:
jvm_args: -javaagent:C:\Program Files\JetBrains\IntelliJ IDEA 2024.3.1\lib\idea_rt.jar=50057:C:\Program Files\JetBrains\IntelliJ IDEA 2024.3.1\bin -Dfile.encoding=UTF-8 -Dsun.stdout.encoding=UTF-8 -Dsun.stderr.encoding=UTF-8 --module-path=D:\Projects\IdeaProjects\fontawesomefx-materialdesignfont-2.0.26-9.1.2.jar;C:\Users\husse\.m2\repository\org\openjfx\javafx-base\21\javafx-base-21-win.jar;C:\Users\husse\.m2\repository\org\openjfx\javafx-web\21\javafx-web-21-win.jar;C:\Users\husse\.m2\repository\org\openjfx\javafx-media\21\javafx-media-21-win.jar;D:\Projects\IdeaProjects\fontawesomefx-commons-9.1.2.jar;D:\Projects\IdeaProjects\WatchItGui\target\classes;D:\Projects\IdeaProjects\fontawesomefx-materialicons-2.2.0-9.1.2.jar;C:\Users\husse\.m2\repository\org\openjfx\javafx-controls\21\javafx-controls-21-win.jar;C:\Users\husse\.m2\repository\org\openjfx\javafx-fxml\21\javafx-fxml-21-win.jar;D:\Projects\IdeaProjects\fontawesomefx-fontawesome-4.7.0-9.1.2.jar;C:\Users\husse\.m2\repository\org\openjfx\javafx-graphics\21\javafx-graphics-21-win.jar -Djdk.module.main=watchit 
java_command: watchit/WatchIt.Application
java_class_path (initial): C:\Users\husse\.m2\repository\org\openjfx\javafx-controls\21\javafx-controls-21.jar;C:\Users\husse\.m2\repository\org\openjfx\javafx-graphics\21\javafx-graphics-21.jar;C:\Users\husse\.m2\repository\org\openjfx\javafx-base\21\javafx-base-21.jar;C:\Users\husse\.m2\repository\org\openjfx\javafx-fxml\21\javafx-fxml-21.jar;C:\Users\husse\.m2\repository\org\openjfx\javafx-web\21\javafx-web-21.jar;C:\Users\husse\.m2\repository\org\openjfx\javafx-swing\21\javafx-swing-21.jar;C:\Users\husse\.m2\repository\org\openjfx\javafx-swing\21\javafx-swing-21-win.jar;C:\Users\husse\.m2\repository\org\openjfx\javafx-media\21\javafx-media-21.jar;C:\Users\husse\.m2\repository\org\controlsfx\controlsfx\11.1.2\controlsfx-11.1.2.jar;C:\Users\husse\.m2\repository\com\dlsc\formsfx\formsfx-core\11.6.0\formsfx-core-11.6.0.jar;C:\Users\husse\.m2\repository\net\synedra\validatorfx\0.4.0\validatorfx-0.4.0.jar;C:\Users\husse\.m2\repository\org\kordamp\ikonli\ikonli-javafx\12.3.1\ikonli-javafx-12.3.1.jar;C:\Users\husse\.m2\repository\org\kordamp\ikonli\ikonli-core\12.3.1\ikonli-core-12.3.1.jar;C:\Users\husse\.m2\repository\org\kordamp\bootstrapfx\bootstrapfx-core\0.4.0\bootstrapfx-core-0.4.0.jar;C:\Users\husse\.m2\repository\eu\hansolo\tilesfx\11.48\tilesfx-11.48.jar;C:\Users\husse\.m2\repository\com\github\almasb\fxgl\17.3\fxgl-17.3.jar;C:\Users\husse\.m2\repository\com\github\almasb\fxgl-core\17.3\fxgl-core-17.3.jar;C:\Users\husse\.m2\repository\com\gluonhq\attach\audio\4.0.17\audio-4.0.17.jar;C:\Users\husse\.m2\repository\com\github\almasb\fxgl-io\17.3\fxgl-io-17.3.jar;C:\Users\husse\.m2\repository\com\gluonhq\attach\storage\4.0.17\storage-4.0.17.jar;C:\Users\husse\.m2\repository\com\gluonhq\attach\util\4.0.17\util-4.0.17.jar;C:\Users\husse\.m2\repository\com\github\almasb\fxgl-entity\17.3\fxgl-entity-17.3.jar;C:\Users\husse\.m2\repository\com\github\almasb\fxgl-scene\17.3\fxgl-scene-17.3.jar;C:\Users\husse\.m2\repository\com\github\almasb\fxgl-gameplay\17.3\fxgl-gameplay-17.3.jar;C:\Users\husse\.m2\repository\com\fasterxml\jackson\core\jackson-annotations\2.14.2\jackson-annotations-2.14.2.jar;C:\Users\husse\.m2\repository\com\fasterxml\jackson\core\jackson-databind\2.14.2\jackson-databind-2.14.2.jar;C:\Users\husse\.m2\repository\com\fasterxml\jackson\core\jackson-core\2.14.2\jackson-core-2.14.2.jar;C:\Users\husse\.m2\repository\com\gluonhq\attach\lifecycle\4.0.17\lifecycle-4.0.17.jar;C:\Users\husse\.m2\repository\org\jetbrains\kotlin\kotlin-stdlib\1.8.10\kotlin-stdlib-1.8.10.jar;C:\Users\husse\.m2\repository\org\jetbrains\kotlin\kotlin-stdlib-common\1.8.10\kotlin-stdlib-common-1.8.10.jar;C:\Users\husse\.m2\repository\org\jetbrains\annotations\13.0\annotations-13.0.jar
Launcher Type: SUN_STANDARD

[Global flags]
     intx CICompilerCount                          = 4                                         {product} {ergonomic}
     uint ConcGCThreads                            = 3                                         {product} {ergonomic}
     uint G1ConcRefinementThreads                  = 10                                        {product} {ergonomic}
   size_t G1HeapRegionSize                         = 2097152                                   {product} {ergonomic}
   size_t InitialHeapSize                          = 266338304                                 {product} {ergonomic}
   size_t MarkStackSize                            = 4194304                                   {product} {ergonomic}
   size_t MarkStackSizeMax                         = 536870912                                 {product} {ergonomic}
   size_t MaxHeapSize                              = 4246732800                                {product} {ergonomic}
   size_t MaxNewSize                               = 2548039680                                {product} {ergonomic}
   size_t MinHeapDeltaBytes                        = 2097152                                   {product} {ergonomic}
   size_t MinHeapSize                              = 8388608                                   {product} {ergonomic}
    uintx NonNMethodCodeHeapSize                   = 5832704                                {pd product} {ergonomic}
    uintx NonProfiledCodeHeapSize                  = 122945536                              {pd product} {ergonomic}
    uintx ProfiledCodeHeapSize                     = 122880000                              {pd product} {ergonomic}
    uintx ReservedCodeCacheSize                    = 251658240                              {pd product} {ergonomic}
     bool SegmentedCodeCache                       = true                                      {product} {ergonomic}
   size_t SoftMaxHeapSize                          = 4246732800                             {manageable} {ergonomic}
     bool UseCompressedOops                        = true                           {product lp64_product} {ergonomic}
     bool UseG1GC                                  = true                                      {product} {ergonomic}
     bool UseLargePagesIndividualAllocation        = false                                  {pd product} {ergonomic}

Logging:
Log output configuration:
 #0: stdout all=warning uptime,level,tags foldmultilines=false
 #1: stderr all=off uptime,level,tags foldmultilines=false

Environment Variables:
PATH=C:\Oracle\Middleware\Oracle_FRHome1\bin;C:\app\husse\product\11.2.0\dbhome_1\bin;C:\Program Files\Common Files\Oracle\Java\javapath;C:\Program Files (x86)\Common Files\Oracle\Java\java8path;C:\Program Files (x86)\Common Files\Oracle\Java\javapath;C:\Program Files (x86)\VMware\VMware Workstation\bin\;C:\Windows\system32;C:\Windows;C:\Windows\System32\Wbem;C:\Windows\System32\WindowsPowerShell\v1.0\;C:\Windows\System32\OpenSSH\;C:\Program Files (x86)\NVIDIA Corporation\PhysX\Common;C:\Program Files\NVIDIA Corporation\NVIDIA NvDLISR;C:\WINDOWS\system32;C:\WINDOWS;C:\WINDOWS\System32\Wbem;C:\WINDOWS\System32\WindowsPowerShell\v1.0\;C:\WINDOWS\System32\OpenSSH\;C:\Program Files (x86)\Windows Kits\10\Windows Performance Toolkit\;C:\Program Files\Microsoft SQL Server\150\Tools\Binn\;C:\Program Files\Microsoft SQL Server\Client SDK\ODBC\170\Tools\Binn\;C:\Program Files\dotnet\;C:\Program Files\Common Files\Autodesk Shared\;C:\Program Files\Microsoft SQL Server\120\Tools\Binn\;C:\Program Files\Java\jdk-23\bin;C:\Program Files\dart-sdk\bin;C:\flutter\bin;C:\Oracle\Middleware\Oracle_FRHome1\opmn\bin;C:\Oracle\Middleware\Oracle_FRHome1\opmn\lib;C:\Oracle\Middleware\Oracle_FRHome1\perl\bin;C:\Program Files\Git\cmd;C:\Users\husse\AppData\Local\Programs\Python\Python39\Scripts\;C:\Users\husse\AppData\Local\Programs\Python\Python39\;C:\Users\husse\AppData\Local\Programs\Python\Python313\Scripts\;C:\Users\husse\AppData\Local\Programs\Python\Python313\;C:\Users\husse\AppData\Local\Microsoft\WindowsApps;C:\Users\husse\.dotnet\tools;C:\Users\husse\AppData\Local\Programs\Microsoft VS Code\bin;C:\msys64\ucrt64\bin;;C:\Program Files\JetBrains\IntelliJ IDEA 2024.3.1\bin;;C:\Program Files\JetBrains\IntelliJ IDEA Community Edition 2024.2.3\bin;
USERNAME=husse
LD_LIBRARY_PATH=C:\Oracle\Middleware\Oracle_FRHome1\lib
OS=Windows_NT
PROCESSOR_IDENTIFIER=Intel64 Family 6 Model 158 Stepping 10, GenuineIntel
TMP=C:\Users\husse\AppData\Local\Temp
TEMP=C:\Users\husse\AppData\Local\Temp




Periodic native trim disabled

---------------  S Y S T E M  ---------------

OS:
 Windows 11 , 64 bit Build 26100 (10.0.26100.2454)
OS uptime: 0 days 3:52 hours

CPU: total 12 (initial active 12) (6 cores per cpu, 2 threads per core) family 6 model 158 stepping 10 microcode 0xf4, cx8, cmov, fxsr, ht, mmx, 3dnowpref, sse, sse2, sse3, ssse3, sse4.1, sse4.2, popcnt, lzcnt, tsc, tscinvbit, avx, avx2, aes, erms, clmul, bmi1, bmi2, adx, fma, vzeroupper, clflush, clflushopt, rdtscp, f16c
Processor Information for the first 12 processors :
  Max Mhz: 2592, Current Mhz: 2592, Mhz Limit: 2592

Memory: 4k page, system-wide physical 16196M (3798M free)
TotalPageFile size 16196M (AvailPageFile size 75M)
current process WorkingSet (physical memory assigned to process): 292M, peak: 292M
current process commit charge ("private bytes"): 450M, peak: 450M

vm_info: Java HotSpot(TM) 64-Bit Server VM (23+37-2369) for windows-amd64 JRE (23+37-2369), built on 2024-08-20T16:01:23Z with MS VC++ 17.6 (VS2022)

END.
