#
# There is insufficient memory for the Java Runtime Environment to continue.
# Native memory allocation (mmap) failed to map 8388608 bytes. Error detail: G1 virtual space
# Possible reasons:
#   The system is out of physical RAM or swap space
#   This process is running with CompressedOops enabled, and the Java Heap may be blocking the growth of the native heap
# Possible solutions:
#   Reduce memory load on the system
#   Increase physical memory or swap space
#   Check if swap backing store is full
#   Decrease Java heap size (-Xmx/-Xms)
#   Decrease number of Java threads
#   Decrease Java thread stack sizes (-Xss)
#   Set larger code cache with -XX:ReservedCodeCacheSize=
#   JVM is running with Unscaled Compressed Oops mode in which the Java heap is
#     placed in the first 4GB address space. The Java Heap base address is the
#     maximum limit for the native heap growth. Please use -XX:HeapBaseMinAddress
#     to set the Java Heap base and to place the Java Heap above 4GB virtual address.
# This output file may be truncated or incomplete.
#
#  Out of Memory Error (os_windows.cpp:3703), pid=24712, tid=24948
#
# JRE version: OpenJDK Runtime Environment (23.0.1+11) (build 23.0.1+11-39)
# Java VM: OpenJDK 64-Bit Server VM (23.0.1+11-39, mixed mode, sharing, tiered, compressed oops, compressed class ptrs, g1 gc, windows-amd64)
# No core dump will be written. Minidumps are not enabled by default on client versions of Windows
#

---------------  S U M M A R Y ------------

Command Line: -javaagent:D:\inteilj\IntelliJ IDEA Community Edition 2024.2.4\lib\idea_rt.jar=61855:D:\inteilj\IntelliJ IDEA Community Edition 2024.2.4\bin -Dfile.encoding=UTF-8 -Dsun.stdout.encoding=UTF-8 -Dsun.stderr.encoding=UTF-8 --module-path=C:\Users\abu75\.m2\repository\org\openjfx\javafx-web\21\javafx-web-21-win.jar;C:\Users\abu75\Downloads\fontawesomefx-materialdesignfont-2.0.26-9.1.2.jar;C:\Users\abu75\.m2\repository\org\openjfx\javafx-fxml\21\javafx-fxml-21-win.jar;C:\Users\abu75\.m2\repository\org\openjfx\javafx-base\21\javafx-base-21-win.jar;C:\Users\abu75\Downloads\fontawesomefx-commons-9.1.2.jar;C:\Users\abu75\Downloads\fontawesomefx-fontawesome-4.7.0-9.1.2.jar;C:\Users\abu75\.m2\repository\org\openjfx\javafx-controls\21\javafx-controls-21-win.jar;C:\Users\abu75\.m2\repository\org\openjfx\javafx-media\21\javafx-media-21-win.jar;C:\Users\abu75\.m2\repository\org\openjfx\javafx-graphics\21\javafx-graphics-21-win.jar;C:\Users\abu75\Downloads\fontawesomefx-materialicons-2.2.0-9.1.2.jar;D:\WatchItGui\target\classes -Djdk.module.main=watchit watchit/WatchIt.Application

Host: Intel(R) Core(TM) i7-10710U CPU @ 1.10GHz, 12 cores, 7G,  Windows 11 , 64 bit Build 22621 (10.0.22621.4391)
Time: Tue Dec 24 12:04:56 2024 Egypt Standard Time elapsed time: 3.203528 seconds (0d 0h 0m 3s)

---------------  T H R E A D  ---------------

Current thread (0x000001ffc1496510):  VMThread "VM Thread"          [id=24948, stack(0x000000c135d00000,0x000000c135e00000) (1024K)]

Stack: [0x000000c135d00000,0x000000c135e00000]
Native frames: (J=compiled Java code, j=interpreted, Vv=VM code, C=native code)
V  [jvm.dll+0x6e08b9]  (no source info available)
V  [jvm.dll+0x87dc83]  (no source info available)
V  [jvm.dll+0x88010e]  (no source info available)
V  [jvm.dll+0x8807e3]  (no source info available)
V  [jvm.dll+0x27aee6]  (no source info available)
V  [jvm.dll+0x6dd1c5]  (no source info available)
V  [jvm.dll+0x6d104a]  (no source info available)
V  [jvm.dll+0x35b3ea]  (no source info available)
V  [jvm.dll+0x3637f6]  (no source info available)
V  [jvm.dll+0x34fd5e]  (no source info available)
V  [jvm.dll+0x34fff8]  (no source info available)
V  [jvm.dll+0x3289cc]  (no source info available)
V  [jvm.dll+0x32b3b9]  (no source info available)
V  [jvm.dll+0x335f74]  (no source info available)
V  [jvm.dll+0x372d55]  (no source info available)
V  [jvm.dll+0x886720]  (no source info available)
V  [jvm.dll+0x887a47]  (no source info available)
V  [jvm.dll+0x887f78]  (no source info available)
V  [jvm.dll+0x888213]  (no source info available)
V  [jvm.dll+0x824f8b]  (no source info available)
V  [jvm.dll+0x6df065]  (no source info available)
C  [ucrtbase.dll+0x29333]  (no source info available)
C  [KERNEL32.DLL+0x1259d]  (no source info available)
C  [ntdll.dll+0x5af38]  (no source info available)

VM_Operation (0x000000c1358ff3a0): G1PauseRemark, mode: safepoint, requested by thread 0x000001ffa434c370


---------------  P R O C E S S  ---------------

Threads class SMR info:
_java_thread_list=0x00000200077fede0, length=17, elements={
0x000001ffa42dfb10, 0x000001ffc14accb0, 0x000001ffc14adad0, 0x000001ffc14b0110,
0x000001ffc14b0d70, 0x000001ffc14b57f0, 0x000001ffc14c11d0, 0x000001ffc14cd990,
0x000001ffc14ce570, 0x000001ffc14c04b0, 0x000001ffc14c0b40, 0x000001ffc14c1860,
0x000001ffc14be3e0, 0x000001ffc14bea70, 0x000001ffc14bf100, 0x000001ffc14bf790,
0x000001ffc14bfe20
}

Java Threads: ( => current thread )
  0x000001ffa42dfb10 JavaThread "main"                              [_thread_blocked, id=26264, stack(0x000000c135600000,0x000000c135700000) (1024K)]
  0x000001ffc14accb0 JavaThread "Reference Handler"          daemon [_thread_blocked, id=15572, stack(0x000000c135e00000,0x000000c135f00000) (1024K)]
  0x000001ffc14adad0 JavaThread "Finalizer"                  daemon [_thread_blocked, id=22572, stack(0x000000c135f00000,0x000000c136000000) (1024K)]
  0x000001ffc14b0110 JavaThread "Signal Dispatcher"          daemon [_thread_blocked, id=29244, stack(0x000000c136000000,0x000000c136100000) (1024K)]
  0x000001ffc14b0d70 JavaThread "Attach Listener"            daemon [_thread_blocked, id=16656, stack(0x000000c136100000,0x000000c136200000) (1024K)]
  0x000001ffc14b57f0 JavaThread "Service Thread"             daemon [_thread_blocked, id=10868, stack(0x000000c136200000,0x000000c136300000) (1024K)]
  0x000001ffc14c11d0 JavaThread "Monitor Deflation Thread"   daemon [_thread_blocked, id=1264, stack(0x000000c136300000,0x000000c136400000) (1024K)]
  0x000001ffc14cd990 JavaThread "C2 CompilerThread0"         daemon [_thread_blocked, id=24568, stack(0x000000c136400000,0x000000c136500000) (1024K)]
  0x000001ffc14ce570 JavaThread "C1 CompilerThread0"         daemon [_thread_blocked, id=17268, stack(0x000000c136500000,0x000000c136600000) (1024K)]
  0x000001ffc14c04b0 JavaThread "Common-Cleaner"             daemon [_thread_blocked, id=21896, stack(0x000000c136600000,0x000000c136700000) (1024K)]
  0x000001ffc14c0b40 JavaThread "Monitor Ctrl-Break"         daemon [_thread_in_native, id=10580, stack(0x000000c136900000,0x000000c136a00000) (1024K)]
  0x000001ffc14c1860 JavaThread "Notification Thread"        daemon [_thread_blocked, id=28016, stack(0x000000c136a00000,0x000000c136b00000) (1024K)]
  0x000001ffc14be3e0 JavaThread "QuantumRenderer-0"          daemon [_thread_blocked, id=21516, stack(0x000000c136b00000,0x000000c136c00000) (1024K)]
  0x000001ffc14bea70 JavaThread "InvokeLaterDispatcher"      daemon [_thread_blocked, id=27184, stack(0x000000c136700000,0x000000c136800000) (1024K)]
  0x000001ffc14bf100 JavaThread "JavaFX Application Thread"         [_thread_blocked, id=25308, stack(0x000000c136800000,0x000000c136900000) (1024K)]
  0x000001ffc14bf790 JavaThread "Thread-1"                   daemon [_thread_blocked, id=19316, stack(0x000000c136f00000,0x000000c137000000) (1024K)]
  0x000001ffc14bfe20 JavaThread "JavaFX-Launcher"                   [_thread_blocked, id=27084, stack(0x000000c137000000,0x000000c137100000) (1024K)]
Total: 17

Other Threads:
=>0x000001ffc1496510 VMThread "VM Thread"                           [id=24948, stack(0x000000c135d00000,0x000000c135e00000) (1024K)]
  0x000001ffc1480bb0 WatcherThread "VM Periodic Task Thread"        [id=10352, stack(0x000000c135c00000,0x000000c135d00000) (1024K)]
  0x000001ffa4336860 WorkerThread "GC Thread#0"                     [id=7988, stack(0x000000c135700000,0x000000c135800000) (1024K)]
  0x00000200087211c0 WorkerThread "GC Thread#1"                     [id=1940, stack(0x000000c137100000,0x000000c137200000) (1024K)]
  0x0000020008721980 WorkerThread "GC Thread#2"                     [id=28112, stack(0x000000c137200000,0x000000c137300000) (1024K)]
  0x0000020008722140 WorkerThread "GC Thread#3"                     [id=11520, stack(0x000000c137300000,0x000000c137400000) (1024K)]
  0x000002000872a8c0 WorkerThread "GC Thread#4"                     [id=9236, stack(0x000000c137400000,0x000000c137500000) (1024K)]
  0x000002000872ac70 WorkerThread "GC Thread#5"                     [id=25288, stack(0x000000c137500000,0x000000c137600000) (1024K)]
  0x0000020008528ec0 WorkerThread "GC Thread#6"                     [id=8384, stack(0x000000c137600000,0x000000c137700000) (1024K)]
  0x0000020008528b10 WorkerThread "GC Thread#7"                     [id=27728, stack(0x000000c137700000,0x000000c137800000) (1024K)]
  0x0000020008529d80 WorkerThread "GC Thread#8"                     [id=21596, stack(0x000000c137800000,0x000000c137900000) (1024K)]
  0x000001ffa434c370 ConcurrentGCThread "G1 Main Marker"            [id=15584, stack(0x000000c135800000,0x000000c135900000) (1024K)]
  0x000001ffa434d030 WorkerThread "G1 Conc#0"                       [id=13904, stack(0x000000c135900000,0x000000c135a00000) (1024K)]
  0x000002000852a130 WorkerThread "G1 Conc#1"                       [id=13824, stack(0x000000c137900000,0x000000c137a00000) (1024K)]
  0x0000020008529270 WorkerThread "G1 Conc#2"                       [id=21600, stack(0x000000c137a00000,0x000000c137b00000) (1024K)]
  0x000001ffa439eb00 ConcurrentGCThread "G1 Refine#0"               [id=3996, stack(0x000000c135a00000,0x000000c135b00000) (1024K)]
  0x000001ffc13568f0 ConcurrentGCThread "G1 Service"                [id=25616, stack(0x000000c135b00000,0x000000c135c00000) (1024K)]
Total: 17

Threads with active compile tasks:
Total: 0

VM state: at safepoint (normal execution)

VM Mutex/Monitor currently owned by a thread:  ([mutex/lock_event])
[0x00007ffda8603910] Threads_lock - owner thread: 0x000001ffc1496510
[0x00007ffda8603a10] Heap_lock - owner thread: 0x000001ffa434c370

Heap address: 0x0000000082200000, size: 2014 MB, Compressed Oops mode: 32-bit

CDS archive(s) mapped at: [0x000001ffc2000000-0x000001ffc2d70000-0x000001ffc2d70000), size 14090240, SharedBaseAddress: 0x000001ffc2000000, ArchiveRelocationMode: 1.
Compressed class space mapped at: 0x000001ffc3000000-0x0000020003000000, reserved size: 1073741824
Narrow klass base: 0x000001ffc2000000, Narrow klass shift: 0, Narrow klass range: 0x41000000

GC Precious Log:
 CardTable entry size: 512
 Card Set container configuration: InlinePtr #cards 5 size 8 Array Of Cards #cards 10 size 36 Howl #buckets 4 coarsen threshold 1843 Howl Bitmap #cards 512 size 80 coarsen threshold 460 Card regions per heap region 1 cards per card region 2048
 CPUs: 12 total, 12 available
 Memory: 8054M
 Large Page Support: Disabled
 NUMA Support: Disabled
 Compressed Oops: Enabled (32-bit)
 Heap Region Size: 1M
 Heap Min Capacity: 8M
 Heap Initial Capacity: 126M
 Heap Max Capacity: 2014M
 Pre-touch: Disabled
 Parallel Workers: 10
 Concurrent Workers: 3
 Concurrent Refinement Workers: 10
 Periodic GC: Disabled

Heap:
 garbage-first heap   total reserved 2062336K, committed 132096K, used 82701K [0x0000000082200000, 0x0000000100000000)
  region size 1024K, 4 young (4096K), 3 survivors (3072K)
 Metaspace       used 6136K, committed 6336K, reserved 1114112K
  class space    used 731K, committed 832K, reserved 1048576K

Heap Regions: E=young(eden), S=young(survivor), O=old, HS=humongous(starts), HC=humongous(continues), CS=collection set, F=free, TAMS=top-at-mark-start, PB=parsable bottom
|   0|0x0000000082200000, 0x0000000082300000, 0x0000000082300000|100%| O|  |TAMS 0x0000000082300000| PB 0x0000000082300000| Untracked |  0
|   1|0x0000000082300000, 0x0000000082400000, 0x0000000082400000|100%|HS|  |TAMS 0x0000000082400000| PB 0x0000000082300000| Complete |  0
|   2|0x0000000082400000, 0x0000000082500000, 0x0000000082500000|100%|HC|  |TAMS 0x0000000082500000| PB 0x0000000082400000| Complete |  0
|   3|0x0000000082500000, 0x0000000082600000, 0x0000000082600000|100%|HS|  |TAMS 0x0000000082600000| PB 0x0000000082500000| Complete |  0
|   4|0x0000000082600000, 0x0000000082700000, 0x0000000082700000|100%|HC|  |TAMS 0x0000000082700000| PB 0x0000000082600000| Complete |  0
|   5|0x0000000082700000, 0x0000000082800000, 0x0000000082800000|100%|HC|  |TAMS 0x0000000082800000| PB 0x0000000082700000| Complete |  0
|   6|0x0000000082800000, 0x0000000082900000, 0x0000000082900000|100%|HC|  |TAMS 0x0000000082900000| PB 0x0000000082800000| Complete |  0
|   7|0x0000000082900000, 0x0000000082a00000, 0x0000000082a00000|100%|HS|  |TAMS 0x0000000082a00000| PB 0x0000000082900000| Complete |  0
|   8|0x0000000082a00000, 0x0000000082b00000, 0x0000000082b00000|100%|HC|  |TAMS 0x0000000082b00000| PB 0x0000000082a00000| Complete |  0
|   9|0x0000000082b00000, 0x0000000082c00000, 0x0000000082c00000|100%|HC|  |TAMS 0x0000000082c00000| PB 0x0000000082b00000| Complete |  0
|  10|0x0000000082c00000, 0x0000000082d00000, 0x0000000082d00000|100%|HC|  |TAMS 0x0000000082d00000| PB 0x0000000082c00000| Complete |  0
|  11|0x0000000082d00000, 0x0000000082e00000, 0x0000000082e00000|100%|HS|  |TAMS 0x0000000082e00000| PB 0x0000000082d00000| Complete |  0
|  12|0x0000000082e00000, 0x0000000082f00000, 0x0000000082f00000|100%|HC|  |TAMS 0x0000000082f00000| PB 0x0000000082e00000| Complete |  0
|  13|0x0000000082f00000, 0x0000000083000000, 0x0000000083000000|100%|HC|  |TAMS 0x0000000083000000| PB 0x0000000082f00000| Complete |  0
|  14|0x0000000083000000, 0x0000000083100000, 0x0000000083100000|100%|HC|  |TAMS 0x0000000083100000| PB 0x0000000083000000| Complete |  0
|  15|0x0000000083100000, 0x0000000083200000, 0x0000000083200000|100%|HS|  |TAMS 0x0000000083200000| PB 0x0000000083100000| Complete |  0
|  16|0x0000000083200000, 0x0000000083300000, 0x0000000083300000|100%|HC|  |TAMS 0x0000000083300000| PB 0x0000000083200000| Complete |  0
|  17|0x0000000083300000, 0x0000000083400000, 0x0000000083400000|100%|HC|  |TAMS 0x0000000083400000| PB 0x0000000083300000| Complete |  0
|  18|0x0000000083400000, 0x0000000083500000, 0x0000000083500000|100%|HC|  |TAMS 0x0000000083500000| PB 0x0000000083400000| Complete |  0
|  19|0x0000000083500000, 0x0000000083600000, 0x0000000083600000|100%|HS|  |TAMS 0x0000000083600000| PB 0x0000000083500000| Complete |  0
|  20|0x0000000083600000, 0x0000000083700000, 0x0000000083700000|100%|HC|  |TAMS 0x0000000083700000| PB 0x0000000083600000| Complete |  0
|  21|0x0000000083700000, 0x0000000083800000, 0x0000000083800000|100%|HC|  |TAMS 0x0000000083800000| PB 0x0000000083700000| Complete |  0
|  22|0x0000000083800000, 0x0000000083900000, 0x0000000083900000|100%|HC|  |TAMS 0x0000000083900000| PB 0x0000000083800000| Complete |  0
|  23|0x0000000083900000, 0x0000000083a00000, 0x0000000083a00000|100%|HS|  |TAMS 0x0000000083a00000| PB 0x0000000083900000| Complete |  0
|  24|0x0000000083a00000, 0x0000000083b00000, 0x0000000083b00000|100%|HC|  |TAMS 0x0000000083b00000| PB 0x0000000083a00000| Complete |  0
|  25|0x0000000083b00000, 0x0000000083c00000, 0x0000000083c00000|100%|HC|  |TAMS 0x0000000083c00000| PB 0x0000000083b00000| Complete |  0
|  26|0x0000000083c00000, 0x0000000083d00000, 0x0000000083d00000|100%|HC|  |TAMS 0x0000000083d00000| PB 0x0000000083c00000| Complete |  0
|  27|0x0000000083d00000, 0x0000000083e00000, 0x0000000083e00000|100%|HS|  |TAMS 0x0000000083e00000| PB 0x0000000083d00000| Complete |  0
|  28|0x0000000083e00000, 0x0000000083f00000, 0x0000000083f00000|100%|HC|  |TAMS 0x0000000083f00000| PB 0x0000000083e00000| Complete |  0
|  29|0x0000000083f00000, 0x0000000084000000, 0x0000000084000000|100%|HC|  |TAMS 0x0000000084000000| PB 0x0000000083f00000| Complete |  0
|  30|0x0000000084000000, 0x0000000084100000, 0x0000000084100000|100%|HC|  |TAMS 0x0000000084100000| PB 0x0000000084000000| Complete |  0
|  31|0x0000000084100000, 0x0000000084200000, 0x0000000084200000|100%|HS|  |TAMS 0x0000000084200000| PB 0x0000000084100000| Complete |  0
|  32|0x0000000084200000, 0x0000000084300000, 0x0000000084300000|100%|HC|  |TAMS 0x0000000084300000| PB 0x0000000084200000| Complete |  0
|  33|0x0000000084300000, 0x0000000084400000, 0x0000000084400000|100%|HC|  |TAMS 0x0000000084400000| PB 0x0000000084300000| Complete |  0
|  34|0x0000000084400000, 0x0000000084500000, 0x0000000084500000|100%|HC|  |TAMS 0x0000000084500000| PB 0x0000000084400000| Complete |  0
|  35|0x0000000084500000, 0x0000000084600000, 0x0000000084600000|100%|HS|  |TAMS 0x0000000084600000| PB 0x0000000084500000| Complete |  0
|  36|0x0000000084600000, 0x0000000084700000, 0x0000000084700000|100%|HC|  |TAMS 0x0000000084700000| PB 0x0000000084600000| Complete |  0
|  37|0x0000000084700000, 0x0000000084800000, 0x0000000084800000|100%|HC|  |TAMS 0x0000000084800000| PB 0x0000000084700000| Complete |  0
|  38|0x0000000084800000, 0x0000000084900000, 0x0000000084900000|100%|HC|  |TAMS 0x0000000084900000| PB 0x0000000084800000| Complete |  0
|  39|0x0000000084900000, 0x0000000084a00000, 0x0000000084a00000|100%|HS|  |TAMS 0x0000000084a00000| PB 0x0000000084900000| Complete |  0
|  40|0x0000000084a00000, 0x0000000084b00000, 0x0000000084b00000|100%|HC|  |TAMS 0x0000000084b00000| PB 0x0000000084a00000| Complete |  0
|  41|0x0000000084b00000, 0x0000000084c00000, 0x0000000084c00000|100%|HC|  |TAMS 0x0000000084c00000| PB 0x0000000084b00000| Complete |  0
|  42|0x0000000084c00000, 0x0000000084d00000, 0x0000000084d00000|100%|HC|  |TAMS 0x0000000084d00000| PB 0x0000000084c00000| Complete |  0
|  43|0x0000000084d00000, 0x0000000084e00000, 0x0000000084e00000|100%|HS|  |TAMS 0x0000000084e00000| PB 0x0000000084d00000| Complete |  0
|  44|0x0000000084e00000, 0x0000000084f00000, 0x0000000084f00000|100%|HC|  |TAMS 0x0000000084f00000| PB 0x0000000084e00000| Complete |  0
|  45|0x0000000084f00000, 0x0000000085000000, 0x0000000085000000|100%|HS|  |TAMS 0x0000000085000000| PB 0x0000000084f00000| Complete |  0
|  46|0x0000000085000000, 0x0000000085100000, 0x0000000085100000|100%|HC|  |TAMS 0x0000000085100000| PB 0x0000000085000000| Complete |  0
|  47|0x0000000085100000, 0x0000000085200000, 0x0000000085200000|100%|HC|  |TAMS 0x0000000085200000| PB 0x0000000085100000| Complete |  0
|  48|0x0000000085200000, 0x0000000085300000, 0x0000000085300000|100%|HC|  |TAMS 0x0000000085300000| PB 0x0000000085200000| Complete |  0
|  49|0x0000000085300000, 0x0000000085400000, 0x0000000085400000|100%|HS|  |TAMS 0x0000000085400000| PB 0x0000000085300000| Complete |  0
|  50|0x0000000085400000, 0x0000000085500000, 0x0000000085500000|100%|HC|  |TAMS 0x0000000085500000| PB 0x0000000085400000| Complete |  0
|  51|0x0000000085500000, 0x0000000085600000, 0x0000000085600000|100%|HC|  |TAMS 0x0000000085600000| PB 0x0000000085500000| Complete |  0
|  52|0x0000000085600000, 0x0000000085700000, 0x0000000085700000|100%|HC|  |TAMS 0x0000000085700000| PB 0x0000000085600000| Complete |  0
|  53|0x0000000085700000, 0x0000000085800000, 0x0000000085800000|100%|HS|  |TAMS 0x0000000085800000| PB 0x0000000085700000| Complete |  0
|  54|0x0000000085800000, 0x0000000085900000, 0x0000000085900000|100%|HC|  |TAMS 0x0000000085900000| PB 0x0000000085800000| Complete |  0
|  55|0x0000000085900000, 0x0000000085a00000, 0x0000000085a00000|100%|HC|  |TAMS 0x0000000085a00000| PB 0x0000000085900000| Complete |  0
|  56|0x0000000085a00000, 0x0000000085b00000, 0x0000000085b00000|100%| O|  |TAMS 0x0000000085b00000| PB 0x0000000085b00000| Untracked |  0
|  57|0x0000000085b00000, 0x0000000085c00000, 0x0000000085c00000|100%| O|  |TAMS 0x0000000085c00000| PB 0x0000000085c00000| Untracked |  0
|  58|0x0000000085c00000, 0x0000000085c705f8, 0x0000000085d00000| 43%| O|  |TAMS 0x0000000085c705f8| PB 0x0000000085c705f8| Untracked |  0
|  59|0x0000000085d00000, 0x0000000085e00000, 0x0000000085e00000|100%|HS|  |TAMS 0x0000000085e00000| PB 0x0000000085d00000| Complete |  0
|  60|0x0000000085e00000, 0x0000000085f00000, 0x0000000085f00000|100%|HS|  |TAMS 0x0000000085f00000| PB 0x0000000085e00000| Complete |  0
|  61|0x0000000085f00000, 0x0000000086000000, 0x0000000086000000|100%|HC|  |TAMS 0x0000000086000000| PB 0x0000000085f00000| Complete |  0
|  62|0x0000000086000000, 0x0000000086100000, 0x0000000086100000|100%|HC|  |TAMS 0x0000000086100000| PB 0x0000000086000000| Complete |  0
|  63|0x0000000086100000, 0x0000000086200000, 0x0000000086200000|100%|HC|  |TAMS 0x0000000086200000| PB 0x0000000086100000| Complete |  0
|  64|0x0000000086200000, 0x0000000086300000, 0x0000000086300000|100%|HC|  |TAMS 0x0000000086300000| PB 0x0000000086200000| Complete |  0
|  65|0x0000000086300000, 0x0000000086400000, 0x0000000086400000|100%|HC|  |TAMS 0x0000000086400000| PB 0x0000000086300000| Complete |  0
|  66|0x0000000086400000, 0x0000000086500000, 0x0000000086500000|100%|HS|  |TAMS 0x0000000086500000| PB 0x0000000086400000| Complete |  0
|  67|0x0000000086500000, 0x0000000086600000, 0x0000000086600000|100%|HC|  |TAMS 0x0000000086600000| PB 0x0000000086500000| Complete |  0
|  68|0x0000000086600000, 0x0000000086700000, 0x0000000086700000|100%|HC|  |TAMS 0x0000000086700000| PB 0x0000000086600000| Complete |  0
|  69|0x0000000086700000, 0x0000000086800000, 0x0000000086800000|100%|HC|  |TAMS 0x0000000086800000| PB 0x0000000086700000| Complete |  0
|  70|0x0000000086800000, 0x0000000086900000, 0x0000000086900000|100%|HS|  |TAMS 0x0000000086900000| PB 0x0000000086800000| Complete |  0
|  71|0x0000000086900000, 0x0000000086a00000, 0x0000000086a00000|100%|HS|  |TAMS 0x0000000086a00000| PB 0x0000000086900000| Complete |  0
|  72|0x0000000086a00000, 0x0000000086b00000, 0x0000000086b00000|100%|HS|  |TAMS 0x0000000086b00000| PB 0x0000000086a00000| Complete |  0
|  73|0x0000000086b00000, 0x0000000086c00000, 0x0000000086c00000|100%|HS|  |TAMS 0x0000000086c00000| PB 0x0000000086b00000| Complete |  0
|  74|0x0000000086c00000, 0x0000000086d00000, 0x0000000086d00000|100%|HS|  |TAMS 0x0000000086d00000| PB 0x0000000086c00000| Complete |  0
|  75|0x0000000086d00000, 0x0000000086e00000, 0x0000000086e00000|100%|HS|  |TAMS 0x0000000086d00000| PB 0x0000000086d00000| Complete |  0
|  76|0x0000000086e00000, 0x0000000086f00000, 0x0000000086f00000|100%|HC|  |TAMS 0x0000000086e00000| PB 0x0000000086e00000| Complete |  0
|  77|0x0000000086f00000, 0x0000000087000000, 0x0000000087000000|100%|HC|  |TAMS 0x0000000086f00000| PB 0x0000000086f00000| Complete |  0
|  78|0x0000000087000000, 0x0000000087100000, 0x0000000087100000|100%|HC|  |TAMS 0x0000000087000000| PB 0x0000000087000000| Complete |  0
|  79|0x0000000087100000, 0x0000000087100000, 0x0000000087200000|  0%| F|  |TAMS 0x0000000087100000| PB 0x0000000087100000| Untracked |  0
|  80|0x0000000087200000, 0x0000000087200000, 0x0000000087300000|  0%| F|  |TAMS 0x0000000087200000| PB 0x0000000087200000| Untracked |  0
|  81|0x0000000087300000, 0x0000000087300000, 0x0000000087400000|  0%| F|  |TAMS 0x0000000087300000| PB 0x0000000087300000| Untracked |  0
|  82|0x0000000087400000, 0x0000000087400000, 0x0000000087500000|  0%| F|  |TAMS 0x0000000087400000| PB 0x0000000087400000| Untracked |  0
|  83|0x0000000087500000, 0x0000000087500000, 0x0000000087600000|  0%| F|  |TAMS 0x0000000087500000| PB 0x0000000087500000| Untracked |  0
|  84|0x0000000087600000, 0x0000000087600000, 0x0000000087700000|  0%| F|  |TAMS 0x0000000087600000| PB 0x0000000087600000| Untracked |  0
|  85|0x0000000087700000, 0x0000000087700000, 0x0000000087800000|  0%| F|  |TAMS 0x0000000087700000| PB 0x0000000087700000| Untracked |  0
|  86|0x0000000087800000, 0x0000000087800000, 0x0000000087900000|  0%| F|  |TAMS 0x0000000087800000| PB 0x0000000087800000| Untracked |  0
|  87|0x0000000087900000, 0x0000000087900000, 0x0000000087a00000|  0%| F|  |TAMS 0x0000000087900000| PB 0x0000000087900000| Untracked |  0
|  88|0x0000000087a00000, 0x0000000087a00000, 0x0000000087b00000|  0%| F|  |TAMS 0x0000000087a00000| PB 0x0000000087a00000| Untracked |  0
|  89|0x0000000087b00000, 0x0000000087b00000, 0x0000000087c00000|  0%| F|  |TAMS 0x0000000087b00000| PB 0x0000000087b00000| Untracked |  0
|  90|0x0000000087c00000, 0x0000000087c00000, 0x0000000087d00000|  0%| F|  |TAMS 0x0000000087c00000| PB 0x0000000087c00000| Untracked |  0
|  91|0x0000000087d00000, 0x0000000087d00000, 0x0000000087e00000|  0%| F|  |TAMS 0x0000000087d00000| PB 0x0000000087d00000| Untracked |  0
|  92|0x0000000087e00000, 0x0000000087e00000, 0x0000000087f00000|  0%| F|  |TAMS 0x0000000087e00000| PB 0x0000000087e00000| Untracked |  0
|  93|0x0000000087f00000, 0x0000000087f00000, 0x0000000088000000|  0%| F|  |TAMS 0x0000000087f00000| PB 0x0000000087f00000| Untracked |  0
|  94|0x0000000088000000, 0x0000000088000000, 0x0000000088100000|  0%| F|  |TAMS 0x0000000088000000| PB 0x0000000088000000| Untracked |  0
|  95|0x0000000088100000, 0x0000000088100000, 0x0000000088200000|  0%| F|  |TAMS 0x0000000088100000| PB 0x0000000088100000| Untracked |  0
|  96|0x0000000088200000, 0x0000000088200000, 0x0000000088300000|  0%| F|  |TAMS 0x0000000088200000| PB 0x0000000088200000| Untracked |  0
|  97|0x0000000088300000, 0x0000000088300000, 0x0000000088400000|  0%| F|  |TAMS 0x0000000088300000| PB 0x0000000088300000| Untracked |  0
|  98|0x0000000088400000, 0x0000000088400000, 0x0000000088500000|  0%| F|  |TAMS 0x0000000088400000| PB 0x0000000088400000| Untracked |  0
|  99|0x0000000088500000, 0x0000000088500000, 0x0000000088600000|  0%| F|  |TAMS 0x0000000088500000| PB 0x0000000088500000| Untracked |  0
| 100|0x0000000088600000, 0x0000000088600000, 0x0000000088700000|  0%| F|  |TAMS 0x0000000088600000| PB 0x0000000088600000| Untracked |  0
| 101|0x0000000088700000, 0x0000000088700000, 0x0000000088800000|  0%| F|  |TAMS 0x0000000088700000| PB 0x0000000088700000| Untracked |  0
| 102|0x0000000088800000, 0x0000000088800000, 0x0000000088900000|  0%| F|  |TAMS 0x0000000088800000| PB 0x0000000088800000| Untracked |  0
| 103|0x0000000088900000, 0x0000000088900000, 0x0000000088a00000|  0%| F|  |TAMS 0x0000000088900000| PB 0x0000000088900000| Untracked |  0
| 104|0x0000000088a00000, 0x0000000088a00000, 0x0000000088b00000|  0%| F|  |TAMS 0x0000000088a00000| PB 0x0000000088a00000| Untracked |  0
| 105|0x0000000088b00000, 0x0000000088b00000, 0x0000000088c00000|  0%| F|  |TAMS 0x0000000088b00000| PB 0x0000000088b00000| Untracked |  0
| 106|0x0000000088c00000, 0x0000000088c00000, 0x0000000088d00000|  0%| F|  |TAMS 0x0000000088c00000| PB 0x0000000088c00000| Untracked |  0
| 107|0x0000000088d00000, 0x0000000088d00000, 0x0000000088e00000|  0%| F|  |TAMS 0x0000000088d00000| PB 0x0000000088d00000| Untracked |  0
| 108|0x0000000088e00000, 0x0000000088e00000, 0x0000000088f00000|  0%| F|  |TAMS 0x0000000088e00000| PB 0x0000000088e00000| Untracked |  0
| 109|0x0000000088f00000, 0x0000000088f00000, 0x0000000089000000|  0%| F|  |TAMS 0x0000000088f00000| PB 0x0000000088f00000| Untracked |  0
| 110|0x0000000089000000, 0x0000000089000000, 0x0000000089100000|  0%| F|  |TAMS 0x0000000089000000| PB 0x0000000089000000| Untracked |  0
| 111|0x0000000089100000, 0x0000000089100000, 0x0000000089200000|  0%| F|  |TAMS 0x0000000089100000| PB 0x0000000089100000| Untracked |  0
| 112|0x0000000089200000, 0x0000000089200000, 0x0000000089300000|  0%| F|  |TAMS 0x0000000089200000| PB 0x0000000089200000| Untracked |  0
| 113|0x0000000089300000, 0x0000000089300000, 0x0000000089400000|  0%| F|  |TAMS 0x0000000089300000| PB 0x0000000089300000| Untracked |  0
| 114|0x0000000089400000, 0x0000000089400000, 0x0000000089500000|  0%| F|  |TAMS 0x0000000089400000| PB 0x0000000089400000| Untracked |  0
| 115|0x0000000089500000, 0x0000000089500000, 0x0000000089600000|  0%| F|  |TAMS 0x0000000089500000| PB 0x0000000089500000| Untracked |  0
| 116|0x0000000089600000, 0x0000000089600000, 0x0000000089700000|  0%| F|  |TAMS 0x0000000089600000| PB 0x0000000089600000| Untracked |  0
| 117|0x0000000089700000, 0x0000000089700000, 0x0000000089800000|  0%| F|  |TAMS 0x0000000089700000| PB 0x0000000089700000| Untracked |  0
| 118|0x0000000089800000, 0x0000000089800000, 0x0000000089900000|  0%| F|  |TAMS 0x0000000089800000| PB 0x0000000089800000| Untracked |  0
| 119|0x0000000089900000, 0x0000000089900000, 0x0000000089a00000|  0%| F|  |TAMS 0x0000000089900000| PB 0x0000000089900000| Untracked |  0
| 120|0x0000000089a00000, 0x0000000089a00000, 0x0000000089b00000|  0%| F|  |TAMS 0x0000000089a00000| PB 0x0000000089a00000| Untracked |  0
| 121|0x0000000089b00000, 0x0000000089b00000, 0x0000000089c00000|  0%| F|  |TAMS 0x0000000089b00000| PB 0x0000000089b00000| Untracked |  0
| 122|0x0000000089c00000, 0x0000000089c00000, 0x0000000089d00000|  0%| F|  |TAMS 0x0000000089c00000| PB 0x0000000089c00000| Untracked |  0
| 123|0x0000000089d00000, 0x0000000089d52eb8, 0x0000000089e00000| 32%| S|CS|TAMS 0x0000000089d00000| PB 0x0000000089d00000| Complete |  0
| 124|0x0000000089e00000, 0x0000000089e00000, 0x0000000089f00000|  0%| F|  |TAMS 0x0000000089e00000| PB 0x0000000089e00000| Untracked |  0
| 125|0x0000000089f00000, 0x0000000089f00000, 0x000000008a000000|  0%| F|  |TAMS 0x0000000089f00000| PB 0x0000000089f00000| Untracked |  0
| 126|0x000000008a000000, 0x000000008a06cca8, 0x000000008a100000| 42%| E|  |TAMS 0x000000008a000000| PB 0x000000008a000000| Complete |  0
| 127|0x000000008a100000, 0x000000008a200000, 0x000000008a200000|100%| S|CS|TAMS 0x000000008a100000| PB 0x000000008a100000| Complete |  0
| 128|0x000000008a200000, 0x000000008a300000, 0x000000008a300000|100%| S|CS|TAMS 0x000000008a200000| PB 0x000000008a200000| Complete |  1

Card table byte_map: [0x000001ffbc460000,0x000001ffbc850000] _byte_map_base: 0x000001ffbc04f000

Marking Bits: (CMBitMap*) 0x000001ffa4336f70
 Bits: [0x000001ffbc850000, 0x000001ffbe7c8000)

Polling page: 0x000001ffa22e0000

Metaspace:

Usage:
  Non-class:      5.28 MB used.
      Class:    731.18 KB used.
       Both:      5.99 MB used.

Virtual space:
  Non-class space:       64.00 MB reserved,       5.38 MB (  8%) committed,  1 nodes.
      Class space:        1.00 GB reserved,     832.00 KB ( <1%) committed,  1 nodes.
             Both:        1.06 GB reserved,       6.19 MB ( <1%) committed. 

Chunk freelists:
   Non-Class:  9.54 MB
       Class:  15.03 MB
        Both:  24.56 MB

MaxMetaspaceSize: unlimited
CompressedClassSpaceSize: 1.00 GB
Initial GC threshold: 21.00 MB
Current GC threshold: 21.00 MB
CDS: on
 - commit_granule_bytes: 65536.
 - commit_granule_words: 8192.
 - virtual_space_node_default_size: 8388608.
 - enlarge_chunks_in_place: 1.
 - use_allocation_guard: 0.


Internal statistics:

num_allocs_failed_limit: 0.
num_arena_births: 164.
num_arena_deaths: 0.
num_vsnodes_births: 2.
num_vsnodes_deaths: 0.
num_space_committed: 99.
num_space_uncommitted: 0.
num_chunks_returned_to_freelist: 0.
num_chunks_taken_from_freelist: 310.
num_chunk_merges: 0.
num_chunk_splits: 206.
num_chunks_enlarged: 138.
num_inconsistent_stats: 0.

CodeHeap 'non-profiled nmethods': size=120064Kb used=417Kb max_used=474Kb free=119646Kb
 bounds [0x000001ffb44d0000, 0x000001ffb4740000, 0x000001ffbba10000]
CodeHeap 'profiled nmethods': size=120000Kb used=1577Kb max_used=1805Kb free=118422Kb
 bounds [0x000001ffaca10000, 0x000001ffacc80000, 0x000001ffb3f40000]
CodeHeap 'non-nmethods': size=5696Kb used=1498Kb max_used=1519Kb free=4197Kb
 bounds [0x000001ffb3f40000, 0x000001ffb41b0000, 0x000001ffb44d0000]
CodeCache: size=245760Kb, used=3492Kb, max_used=3798Kb, free=242265Kb
 total_blobs=1917, nmethods=1329, adapters=494, full_count=0
Compilation: enabled, stopped_count=0, restarted_count=0

Compilation events (20 events):
Event: 3.126 Thread 0x000001ffc14ce570 1493       1       sun.util.calendar.BaseCalendar$Date::getCachedJan1 (5 bytes)
Event: 3.126 Thread 0x000001ffc14ce570 nmethod 1493 0x000001ffb44df088 code [0x000001ffb44df1a0, 0x000001ffb44df268]
Event: 3.126 Thread 0x000001ffc14ce570 1494       1       java.text.NumberFormat::isGroupingUsed (5 bytes)
Event: 3.126 Thread 0x000001ffc14ce570 nmethod 1494 0x000001ffb44deb08 code [0x000001ffb44dec20, 0x000001ffb44decf0]
Event: 3.127 Thread 0x000001ffc14ce570 1495       3       java.util.Calendar::aggregateStamp (16 bytes)
Event: 3.127 Thread 0x000001ffc14ce570 nmethod 1495 0x000001ffaca20188 code [0x000001ffaca202c0, 0x000001ffaca204d0]
Event: 3.127 Thread 0x000001ffc14ce570 1496       3       java.util.Calendar::isSet (15 bytes)
Event: 3.128 Thread 0x000001ffc14ce570 nmethod 1496 0x000001ffaca6dd08 code [0x000001ffaca6de20, 0x000001ffaca6dfa8]
Event: 3.160 Thread 0x000001ffc14ce570 1497       3       java.lang.Long::valueOf (40 bytes)
Event: 3.161 Thread 0x000001ffc14ce570 nmethod 1497 0x000001ffaca79f88 code [0x000001ffaca7a0c0, 0x000001ffaca7a3e8]
Event: 3.165 Thread 0x000001ffc14ce570 1498       3       java.nio.CharBuffer::limit (8 bytes)
Event: 3.166 Thread 0x000001ffc14ce570 nmethod 1498 0x000001ffaca6f708 code [0x000001ffaca6f820, 0x000001ffaca6f970]
Event: 3.166 Thread 0x000001ffc14ce570 1499       3       java.util.TreeMap$PrivateEntryIterator::hasNext (13 bytes)
Event: 3.167 Thread 0x000001ffc14ce570 nmethod 1499 0x000001ffaca71188 code [0x000001ffaca712a0, 0x000001ffaca71400]
Event: 3.167 Thread 0x000001ffc14ce570 1500       3       sun.nio.fs.WindowsPathParser::normalize (233 bytes)
Event: 3.172 Thread 0x000001ffc14ce570 nmethod 1500 0x000001ffaca31d08 code [0x000001ffaca32240, 0x000001ffaca34e30]
Event: 3.172 Thread 0x000001ffc14ce570 1501       3       sun.nio.fs.WindowsPath::getFileSystem (5 bytes)
Event: 3.173 Thread 0x000001ffc14ce570 nmethod 1501 0x000001ffaca8c508 code [0x000001ffaca8c620, 0x000001ffaca8c7c8]
Event: 3.174 Thread 0x000001ffc14ce570 1502       3       java.text.DigitList::append (59 bytes)
Event: 3.174 Thread 0x000001ffc14ce570 nmethod 1502 0x000001ffaca9ae08 code [0x000001ffaca9af40, 0x000001ffaca9b278]

GC Heap History (20 events):
Event: 1.948 GC heap before
{Heap before GC invocations=0 (full 0):
 garbage-first heap   total reserved 2062336K, committed 129024K, used 23552K [0x0000000082200000, 0x0000000100000000)
  region size 1024K, 24 young (24576K), 0 survivors (0K)
 Metaspace       used 4853K, committed 5120K, reserved 1114112K
  class space    used 542K, committed 640K, reserved 1048576K
}
Event: 1.960 GC heap after
{Heap after GC invocations=1 (full 0):
 garbage-first heap   total reserved 2062336K, committed 129024K, used 3405K [0x0000000082200000, 0x0000000100000000)
  region size 1024K, 3 young (3072K), 3 survivors (3072K)
 Metaspace       used 4853K, committed 5120K, reserved 1114112K
  class space    used 542K, committed 640K, reserved 1048576K
}
Event: 2.762 GC heap before
{Heap before GC invocations=1 (full 0):
 garbage-first heap   total reserved 2062336K, committed 129024K, used 65869K [0x0000000082200000, 0x0000000100000000)
  region size 1024K, 10 young (10240K), 3 survivors (3072K)
 Metaspace       used 6131K, committed 6336K, reserved 1114112K
  class space    used 729K, committed 832K, reserved 1048576K
}
Event: 2.769 GC heap after
{Heap after GC invocations=2 (full 0):
 garbage-first heap   total reserved 2062336K, committed 129024K, used 61270K [0x0000000082200000, 0x0000000100000000)
  region size 1024K, 2 young (2048K), 2 survivors (2048K)
 Metaspace       used 6131K, committed 6336K, reserved 1114112K
  class space    used 729K, committed 832K, reserved 1048576K
}
Event: 2.784 GC heap before
{Heap before GC invocations=3 (full 0):
 garbage-first heap   total reserved 2062336K, committed 129024K, used 62294K [0x0000000082200000, 0x0000000100000000)
  region size 1024K, 3 young (3072K), 2 survivors (2048K)
 Metaspace       used 6135K, committed 6336K, reserved 1114112K
  class space    used 729K, committed 832K, reserved 1048576K
}
Event: 2.787 GC heap after
{Heap after GC invocations=4 (full 0):
 garbage-first heap   total reserved 2062336K, committed 129024K, used 62178K [0x0000000082200000, 0x0000000100000000)
  region size 1024K, 2 young (2048K), 2 survivors (2048K)
 Metaspace       used 6135K, committed 6336K, reserved 1114112K
  class space    used 729K, committed 832K, reserved 1048576K
}
Event: 2.932 GC heap before
{Heap before GC invocations=5 (full 0):
 garbage-first heap   total reserved 2062336K, committed 129024K, used 68322K [0x0000000082200000, 0x0000000100000000)
  region size 1024K, 3 young (3072K), 2 survivors (2048K)
 Metaspace       used 6135K, committed 6336K, reserved 1114112K
  class space    used 730K, committed 832K, reserved 1048576K
}
Event: 2.936 GC heap after
{Heap after GC invocations=6 (full 0):
 garbage-first heap   total reserved 2062336K, committed 129024K, used 68443K [0x0000000082200000, 0x0000000100000000)
  region size 1024K, 2 young (2048K), 2 survivors (2048K)
 Metaspace       used 6135K, committed 6336K, reserved 1114112K
  class space    used 730K, committed 832K, reserved 1048576K
}
Event: 2.989 GC heap before
{Heap before GC invocations=7 (full 0):
 garbage-first heap   total reserved 2062336K, committed 129024K, used 72539K [0x0000000082200000, 0x0000000100000000)
  region size 1024K, 3 young (3072K), 2 survivors (2048K)
 Metaspace       used 6135K, committed 6336K, reserved 1114112K
  class space    used 730K, committed 832K, reserved 1048576K
}
Event: 2.994 GC heap after
{Heap after GC invocations=8 (full 0):
 garbage-first heap   total reserved 2062336K, committed 129024K, used 72604K [0x0000000082200000, 0x0000000100000000)
  region size 1024K, 2 young (2048K), 2 survivors (2048K)
 Metaspace       used 6135K, committed 6336K, reserved 1114112K
  class space    used 730K, committed 832K, reserved 1048576K
}
Event: 3.029 GC heap before
{Heap before GC invocations=9 (full 0):
 garbage-first heap   total reserved 2062336K, committed 129024K, used 73628K [0x0000000082200000, 0x0000000100000000)
  region size 1024K, 3 young (3072K), 2 survivors (2048K)
 Metaspace       used 6136K, committed 6336K, reserved 1114112K
  class space    used 731K, committed 832K, reserved 1048576K
}
Event: 3.033 GC heap after
{Heap after GC invocations=10 (full 0):
 garbage-first heap   total reserved 2062336K, committed 129024K, used 73890K [0x0000000082200000, 0x0000000100000000)
  region size 1024K, 2 young (2048K), 2 survivors (2048K)
 Metaspace       used 6136K, committed 6336K, reserved 1114112K
  class space    used 731K, committed 832K, reserved 1048576K
}
Event: 3.058 GC heap before
{Heap before GC invocations=11 (full 0):
 garbage-first heap   total reserved 2062336K, committed 129024K, used 74914K [0x0000000082200000, 0x0000000100000000)
  region size 1024K, 3 young (3072K), 2 survivors (2048K)
 Metaspace       used 6136K, committed 6336K, reserved 1114112K
  class space    used 731K, committed 832K, reserved 1048576K
}
Event: 3.062 GC heap after
{Heap after GC invocations=12 (full 0):
 garbage-first heap   total reserved 2062336K, committed 129024K, used 74805K [0x0000000082200000, 0x0000000100000000)
  region size 1024K, 2 young (2048K), 2 survivors (2048K)
 Metaspace       used 6136K, committed 6336K, reserved 1114112K
  class space    used 731K, committed 832K, reserved 1048576K
}
Event: 3.095 GC heap before
{Heap before GC invocations=13 (full 0):
 garbage-first heap   total reserved 2062336K, committed 129024K, used 75829K [0x0000000082200000, 0x0000000100000000)
  region size 1024K, 3 young (3072K), 2 survivors (2048K)
 Metaspace       used 6136K, committed 6336K, reserved 1114112K
  class space    used 731K, committed 832K, reserved 1048576K
}
Event: 3.100 GC heap after
{Heap after GC invocations=14 (full 0):
 garbage-first heap   total reserved 2062336K, committed 129024K, used 75917K [0x0000000082200000, 0x0000000100000000)
  region size 1024K, 2 young (2048K), 2 survivors (2048K)
 Metaspace       used 6136K, committed 6336K, reserved 1114112K
  class space    used 731K, committed 832K, reserved 1048576K
}
Event: 3.128 GC heap before
{Heap before GC invocations=15 (full 0):
 garbage-first heap   total reserved 2062336K, committed 130048K, used 76941K [0x0000000082200000, 0x0000000100000000)
  region size 1024K, 3 young (3072K), 2 survivors (2048K)
 Metaspace       used 6136K, committed 6336K, reserved 1114112K
  class space    used 731K, committed 832K, reserved 1048576K
}
Event: 3.133 GC heap after
{Heap after GC invocations=16 (full 0):
 garbage-first heap   total reserved 2062336K, committed 130048K, used 76844K [0x0000000082200000, 0x0000000100000000)
  region size 1024K, 2 young (2048K), 2 survivors (2048K)
 Metaspace       used 6136K, committed 6336K, reserved 1114112K
  class space    used 731K, committed 832K, reserved 1048576K
}
Event: 3.186 GC heap before
{Heap before GC invocations=17 (full 0):
 garbage-first heap   total reserved 2062336K, committed 132096K, used 77868K [0x0000000082200000, 0x0000000100000000)
  region size 1024K, 3 young (3072K), 2 survivors (2048K)
 Metaspace       used 6136K, committed 6336K, reserved 1114112K
  class space    used 731K, committed 832K, reserved 1048576K
}
Event: 3.190 GC heap after
{Heap after GC invocations=18 (full 0):
 garbage-first heap   total reserved 2062336K, committed 132096K, used 78605K [0x0000000082200000, 0x0000000100000000)
  region size 1024K, 3 young (3072K), 3 survivors (3072K)
 Metaspace       used 6136K, committed 6336K, reserved 1114112K
  class space    used 731K, committed 832K, reserved 1048576K
}

Dll operation events (20 events):
Event: 1.246 Loaded shared library C:\Users\abu75\.openjfx\cache\21+31\amd64\api-ms-win-crt-locale-l1-1-0.dll
Event: 1.250 Loaded shared library C:\Users\abu75\.openjfx\cache\21+31\amd64\api-ms-win-crt-math-l1-1-0.dll
Event: 1.254 Loaded shared library C:\Users\abu75\.openjfx\cache\21+31\amd64\api-ms-win-crt-multibyte-l1-1-0.dll
Event: 1.261 Loaded shared library C:\Users\abu75\.openjfx\cache\21+31\amd64\api-ms-win-crt-private-l1-1-0.dll
Event: 1.266 Loaded shared library C:\Users\abu75\.openjfx\cache\21+31\amd64\api-ms-win-crt-process-l1-1-0.dll
Event: 1.270 Loaded shared library C:\Users\abu75\.openjfx\cache\21+31\amd64\api-ms-win-crt-runtime-l1-1-0.dll
Event: 1.274 Loaded shared library C:\Users\abu75\.openjfx\cache\21+31\amd64\api-ms-win-crt-stdio-l1-1-0.dll
Event: 1.278 Loaded shared library C:\Users\abu75\.openjfx\cache\21+31\amd64\api-ms-win-crt-string-l1-1-0.dll
Event: 1.282 Loaded shared library C:\Users\abu75\.openjfx\cache\21+31\amd64\api-ms-win-crt-time-l1-1-0.dll
Event: 1.286 Loaded shared library C:\Users\abu75\.openjfx\cache\21+31\amd64\api-ms-win-crt-utility-l1-1-0.dll
Event: 1.314 Loaded shared library C:\Users\abu75\.openjfx\cache\21+31\amd64\ucrtbase.dll
Event: 1.321 Loaded shared library C:\Users\abu75\.openjfx\cache\21+31\amd64\vcruntime140.dll
Event: 1.325 Loaded shared library C:\Users\abu75\.openjfx\cache\21+31\amd64\vcruntime140_1.dll
Event: 1.341 Loaded shared library C:\Users\abu75\.openjfx\cache\21+31\amd64\msvcp140.dll
Event: 1.345 Loaded shared library C:\Users\abu75\.openjfx\cache\21+31\amd64\msvcp140_1.dll
Event: 1.353 Loaded shared library C:\Users\abu75\.openjfx\cache\21+31\amd64\msvcp140_2.dll
Event: 1.423 Loaded shared library C:\Users\abu75\.openjfx\cache\21+31\amd64\prism_d3d.dll
Event: 1.582 Loaded shared library C:\Users\abu75\.openjfx\cache\21+31\amd64\glass.dll
Event: 2.076 Loaded shared library C:\Users\abu75\.jdks\openjdk-23.0.1\bin\jimage.dll
Event: 2.250 Loaded shared library C:\Users\abu75\.openjfx\cache\21+31\amd64\javafx_iio.dll

Deoptimization events (20 events):
Event: 2.205 Thread 0x000001ffc14bf100 Uncommon trap: trap_request=0xffffff45 fr.pc=0x000001ffb4534da8 relative=0x0000000000000148
Event: 2.206 Thread 0x000001ffc14bf100 Uncommon trap: reason=unstable_if action=reinterpret pc=0x000001ffb4534da8 method=java.util.regex.Pattern$BmpCharPropertyGreedy.match(Ljava/util/regex/Matcher;ILjava/lang/CharSequence;)Z @ 12 c2
Event: 2.206 Thread 0x000001ffc14bf100 DEOPT PACKING pc=0x000001ffb4534da8 sp=0x000000c1368fd3c0
Event: 2.206 Thread 0x000001ffc14bf100 DEOPT UNPACKING pc=0x000001ffb3f94402 sp=0x000000c1368fd358 mode 2
Event: 2.236 Thread 0x000001ffc14bf100 Uncommon trap: trap_request=0xffffff45 fr.pc=0x000001ffb44e4334 relative=0x0000000000000194
Event: 2.236 Thread 0x000001ffc14bf100 Uncommon trap: reason=unstable_if action=reinterpret pc=0x000001ffb44e4334 method=jdk.internal.util.ArraysSupport.vectorizedHashCode(Ljava/lang/Object;IIII)I @ 2 c2
Event: 2.236 Thread 0x000001ffc14bf100 DEOPT PACKING pc=0x000001ffb44e4334 sp=0x000000c1368fce30
Event: 2.236 Thread 0x000001ffc14bf100 DEOPT UNPACKING pc=0x000001ffb3f94402 sp=0x000000c1368fcde0 mode 2
Event: 2.354 Thread 0x000001ffc14bf100 Uncommon trap: trap_request=0xffffff45 fr.pc=0x000001ffb44e20f0 relative=0x00000000000001d0
Event: 2.354 Thread 0x000001ffc14bf100 Uncommon trap: reason=unstable_if action=reinterpret pc=0x000001ffb44e20f0 method=java.lang.String.isLatin1()Z @ 10 c2
Event: 2.354 Thread 0x000001ffc14bf100 DEOPT PACKING pc=0x000001ffb44e20f0 sp=0x000000c1368fde50
Event: 2.354 Thread 0x000001ffc14bf100 DEOPT UNPACKING pc=0x000001ffb3f94402 sp=0x000000c1368fdda0 mode 2
Event: 2.891 Thread 0x000001ffc14bf100 Uncommon trap: trap_request=0xffffff45 fr.pc=0x000001ffb44f0dc8 relative=0x0000000000000688
Event: 2.891 Thread 0x000001ffc14bf100 Uncommon trap: reason=unstable_if action=reinterpret pc=0x000001ffb44f0dc8 method=java.lang.String.isLatin1()Z @ 10 c2
Event: 2.891 Thread 0x000001ffc14bf100 DEOPT PACKING pc=0x000001ffb44f0dc8 sp=0x000000c1368fdd00
Event: 2.891 Thread 0x000001ffc14bf100 DEOPT UNPACKING pc=0x000001ffb3f94402 sp=0x000000c1368fdc58 mode 2
Event: 2.891 Thread 0x000001ffc14bf100 Uncommon trap: trap_request=0xffffff3d fr.pc=0x000001ffb4504168 relative=0x0000000000000168
Event: 2.891 Thread 0x000001ffc14bf100 Uncommon trap: reason=unstable_fused_if action=reinterpret pc=0x000001ffb4504168 method=java.lang.StringLatin1.canEncode(I)Z @ 1 c2
Event: 2.891 Thread 0x000001ffc14bf100 DEOPT PACKING pc=0x000001ffb4504168 sp=0x000000c1368fd960
Event: 2.891 Thread 0x000001ffc14bf100 DEOPT UNPACKING pc=0x000001ffb3f94402 sp=0x000000c1368fd818 mode 2

Classes loaded (20 events):
Event: 2.197 Loading class sun/util/locale/provider/CalendarDataUtility$CalendarFieldValueNamesMapGetter
Event: 2.197 Loading class sun/util/locale/provider/CalendarDataUtility$CalendarFieldValueNamesMapGetter done
Event: 2.199 Loading class sun/util/cldr/CLDRCalendarNameProviderImpl
Event: 2.199 Loading class sun/util/locale/provider/CalendarNameProviderImpl
Event: 2.199 Loading class sun/util/locale/provider/CalendarNameProviderImpl done
Event: 2.199 Loading class sun/util/cldr/CLDRCalendarNameProviderImpl done
Event: 2.199 Loading class sun/util/locale/provider/FallbackLocaleProviderAdapter
Event: 2.199 Loading class sun/util/locale/provider/FallbackLocaleProviderAdapter done
Event: 2.201 Loading class sun/util/locale/provider/BaseLocaleDataMetaInfo
Event: 2.201 Loading class sun/util/locale/provider/BaseLocaleDataMetaInfo done
Event: 2.206 Loading class sun/util/locale/provider/CalendarNameProviderImpl$LengthBasedComparator
Event: 2.206 Loading class sun/util/locale/provider/CalendarNameProviderImpl$LengthBasedComparator done
Event: 2.232 Loading class java/io/EOFException
Event: 2.232 Loading class java/io/EOFException done
Event: 2.232 Loading class java/io/SequenceInputStream
Event: 2.232 Loading class java/io/SequenceInputStream done
Event: 2.273 Loading class java/nio/FloatBuffer
Event: 2.273 Loading class java/nio/FloatBuffer done
Event: 2.278 Loading class java/lang/NoSuchFieldError
Event: 2.278 Loading class java/lang/NoSuchFieldError done

Classes unloaded (0 events):
No events

Classes redefined (0 events):
No events

Internal exceptions (16 events):
Event: 0.689 Thread 0x000001ffa42dfb10 Exception <a 'java/lang/NoSuchMethodError'{0x00000000899799e8}: 'void java.lang.invoke.DirectMethodHandle$Holder.invokeVirtual(java.lang.Object, java.lang.Object)'> (0x00000000899799e8) 
thrown [s\open\src\hotspot\share\interpreter\linkResolver.cpp, line 796]
Event: 0.692 Thread 0x000001ffa42dfb10 Exception <a 'java/lang/NoSuchMethodError'{0x0000000089984c18}: 'java.lang.Object java.lang.invoke.DirectMethodHandle$Holder.invokeInterface(java.lang.Object, java.lang.Object, java.lang.Object)'> (0x0000000089984c18) 
thrown [s\open\src\hotspot\share\interpreter\linkResolver.cpp, line 796]
Event: 0.846 Thread 0x000001ffa42dfb10 Exception <a 'java/lang/NoSuchMethodError'{0x00000000897e8ed0}: 'java.lang.Object java.lang.invoke.Invokers$Holder.invokeExact_MT(java.lang.Object, java.lang.Object, java.lang.Object, java.lang.Object, java.lang.Object)'> (0x00000000897e8ed0) 
thrown [s\open\src\hotspot\share\interpreter\linkResolver.cpp, line 796]
Event: 0.895 Thread 0x000001ffa42dfb10 Exception <a 'java/lang/NoSuchMethodError'{0x0000000089509478}: 'void java.lang.invoke.DirectMethodHandle$Holder.invokeStatic(java.lang.Object, java.lang.Object, java.lang.Object, java.lang.Object)'> (0x0000000089509478) 
thrown [s\open\src\hotspot\share\interpreter\linkResolver.cpp, line 796]
Event: 0.895 Thread 0x000001ffc14c0b40 Exception <a 'java/lang/ClassNotFoundException'{0x00000000896043d0}: jdk/net/ExtendedSocketOptions> (0x00000000896043d0) 
thrown [s\open\src\hotspot\share\classfile\systemDictionary.cpp, line 313]
Event: 0.896 Thread 0x000001ffa42dfb10 Exception <a 'java/lang/NoSuchMethodError'{0x000000008950d250}: 'void java.lang.invoke.DirectMethodHandle$Holder.invokeSpecial(java.lang.Object, java.lang.Object, java.lang.Object, java.lang.Object, java.lang.Object)'> (0x000000008950d250) 
thrown [s\open\src\hotspot\share\interpreter\linkResolver.cpp, line 796]
Event: 0.897 Thread 0x000001ffc14c0b40 Exception <a 'java/lang/NoSuchMethodError'{0x0000000089605b40}: 'void java.lang.invoke.DirectMethodHandle$Holder.invokeStatic(java.lang.Object, java.lang.Object)'> (0x0000000089605b40) 
thrown [s\open\src\hotspot\share\interpreter\linkResolver.cpp, line 796]
Event: 1.393 Thread 0x000001ffa42dfb10 Exception <a 'java/lang/NoSuchMethodError'{0x0000000088fca838}: 'void java.lang.invoke.DirectMethodHandle$Holder.invokeSpecial(java.lang.Object, java.lang.Object, java.lang.Object)'> (0x0000000088fca838) 
thrown [s\open\src\hotspot\share\interpreter\linkResolver.cpp, line 796]
Event: 1.524 Thread 0x000001ffa42dfb10 Exception <a 'java/lang/NoSuchMethodError'{0x0000000088e24568}: 'int java.lang.invoke.DirectMethodHandle$Holder.invokeStaticInit(java.lang.Object, java.lang.Object, java.lang.Object)'> (0x0000000088e24568) 
thrown [s\open\src\hotspot\share\interpreter\linkResolver.cpp, line 796]
Event: 1.597 Thread 0x000001ffa42dfb10 Exception <a 'java/lang/NoSuchMethodError'{0x0000000088dfaf40}: 'java.lang.Object java.lang.invoke.DirectMethodHandle$Holder.newInvokeSpecial(java.lang.Object, java.lang.Object, int, java.lang.Object)'> (0x0000000088dfaf40) 
thrown [s\open\src\hotspot\share\interpreter\linkResolver.cpp, line 796]
Event: 1.599 Thread 0x000001ffa42dfb10 Exception <a 'java/lang/NoSuchMethodError'{0x0000000088dff190}: 'java.lang.Object java.lang.invoke.DirectMethodHandle$Holder.invokeSpecial(java.lang.Object, java.lang.Object, java.lang.Object, int, java.lang.Object)'> (0x0000000088dff190) 
thrown [s\open\src\hotspot\share\interpreter\linkResolver.cpp, line 796]
Event: 1.775 Thread 0x000001ffc14bf100 Exception <a 'java/lang/NoSuchMethodError'{0x00000000889484c8}: 'void java.lang.invoke.DirectMethodHandle$Holder.invokeStaticInit(java.lang.Object)'> (0x00000000889484c8) 
thrown [s\open\src\hotspot\share\interpreter\linkResolver.cpp, line 796]
Event: 1.785 Thread 0x000001ffa42dfb10 Exception <a 'java/lang/NoSuchMethodError'{0x0000000088c0f940}: 'java.lang.Object java.lang.invoke.DirectMethodHandle$Holder.newInvokeSpecial(java.lang.Object, java.lang.Object, java.lang.Object, java.lang.Object, java.lang.Object, java.lang.Object)'> (0x0000000088c0f940) 
thrown [s\open\src\hotspot\share\interpreter\linkResolver.cpp, line 796]
Event: 1.870 Thread 0x000001ffc14bf100 Exception <a 'java/lang/NoSuchMethodError'{0x00000000889e81e8}: 'void java.lang.invoke.DirectMethodHandle$Holder.invokeStatic(java.lang.Object, int, java.lang.Object)'> (0x00000000889e81e8) 
thrown [s\open\src\hotspot\share\interpreter\linkResolver.cpp, line 796]
Event: 2.282 Thread 0x000001ffc14bf100 Exception <a 'java/lang/NoSuchMethodError'{0x0000000089943508}: 'int java.lang.invoke.DirectMethodHandle$Holder.invokeStatic(java.lang.Object, int, java.lang.Object, java.lang.Object)'> (0x0000000089943508) 
thrown [s\open\src\hotspot\share\interpreter\linkResolver.cpp, line 796]
Event: 2.283 Thread 0x000001ffc14bf100 Exception <a 'java/lang/NoSuchMethodError'{0x00000000899490c0}: 'java.lang.Object java.lang.invoke.DirectMethodHandle$Holder.newInvokeSpecial(java.lang.Object, int, java.lang.Object)'> (0x00000000899490c0) 
thrown [s\open\src\hotspot\share\interpreter\linkResolver.cpp, line 796]

VM Operations (20 events):
Event: 3.063 Executing VM operation: G1TryInitiateConcMark (G1 Humongous Allocation) done
Event: 3.079 Executing VM operation: G1PauseRemark
Event: 3.082 Executing VM operation: G1PauseRemark done
Event: 3.087 Executing VM operation: G1PauseCleanup
Event: 3.087 Executing VM operation: G1PauseCleanup done
Event: 3.095 Executing VM operation: G1TryInitiateConcMark (G1 Humongous Allocation)
Event: 3.100 Executing VM operation: G1TryInitiateConcMark (G1 Humongous Allocation) done
Event: 3.110 Executing VM operation: G1PauseRemark
Event: 3.112 Executing VM operation: G1PauseRemark done
Event: 3.117 Executing VM operation: G1PauseCleanup
Event: 3.117 Executing VM operation: G1PauseCleanup done
Event: 3.128 Executing VM operation: G1TryInitiateConcMark (G1 Humongous Allocation)
Event: 3.133 Executing VM operation: G1TryInitiateConcMark (G1 Humongous Allocation) done
Event: 3.146 Executing VM operation: G1PauseRemark
Event: 3.148 Executing VM operation: G1PauseRemark done
Event: 3.153 Executing VM operation: G1PauseCleanup
Event: 3.153 Executing VM operation: G1PauseCleanup done
Event: 3.186 Executing VM operation: G1TryInitiateConcMark (G1 Humongous Allocation)
Event: 3.190 Executing VM operation: G1TryInitiateConcMark (G1 Humongous Allocation) done
Event: 3.197 Executing VM operation: G1PauseRemark

Memory protections (0 events):
No events

Nmethod flushes (20 events):
Event: 2.803 Thread 0x000001ffc1496510 flushing  nmethod 0x000001ffaca20188
Event: 2.803 Thread 0x000001ffc1496510 flushing  nmethod 0x000001ffaca43d08
Event: 2.803 Thread 0x000001ffc1496510 flushing  nmethod 0x000001ffaca44108
Event: 2.803 Thread 0x000001ffc1496510 flushing  nmethod 0x000001ffaca44588
Event: 2.803 Thread 0x000001ffc1496510 flushing  nmethod 0x000001ffaca44f88
Event: 2.803 Thread 0x000001ffc1496510 flushing  nmethod 0x000001ffaca45608
Event: 2.803 Thread 0x000001ffc1496510 flushing  nmethod 0x000001ffaca45c08
Event: 2.803 Thread 0x000001ffc1496510 flushing  nmethod 0x000001ffaca46108
Event: 2.803 Thread 0x000001ffc1496510 flushing  nmethod 0x000001ffaca46608
Event: 2.803 Thread 0x000001ffc1496510 flushing  nmethod 0x000001ffaca47088
Event: 2.803 Thread 0x000001ffc1496510 flushing  nmethod 0x000001ffaca6dd08
Event: 2.803 Thread 0x000001ffc1496510 flushing  nmethod 0x000001ffaca6f708
Event: 2.803 Thread 0x000001ffc1496510 flushing  nmethod 0x000001ffaca71188
Event: 2.803 Thread 0x000001ffc1496510 flushing  nmethod 0x000001ffaca94908
Event: 2.803 Thread 0x000001ffc1496510 flushing  nmethod 0x000001ffaca9ae08
Event: 2.954 Thread 0x000001ffc1496510 flushing  nmethod 0x000001ffacbb0e08
Event: 3.007 Thread 0x000001ffc1496510 flushing  nmethod 0x000001ffb4503f08
Event: 3.007 Thread 0x000001ffc1496510 flushing  nmethod 0x000001ffb44f0608
Event: 3.007 Thread 0x000001ffc1496510 flushing  nmethod 0x000001ffacbb2608
Event: 3.147 Thread 0x000001ffc1496510 flushing  nmethod 0x000001ffacab3308

Events (20 events):
Event: 0.130 Thread 0x000001ffa42dfb10 Thread added: 0x000001ffc14b0110
Event: 0.130 Thread 0x000001ffa42dfb10 Thread added: 0x000001ffc14b0d70
Event: 0.130 Thread 0x000001ffa42dfb10 Thread added: 0x000001ffc14b57f0
Event: 0.131 Thread 0x000001ffa42dfb10 Thread added: 0x000001ffc14c11d0
Event: 0.131 Thread 0x000001ffa42dfb10 Thread added: 0x000001ffc14cd990
Event: 0.131 Thread 0x000001ffa42dfb10 Thread added: 0x000001ffc14ce570
Event: 0.302 Thread 0x000001ffa42dfb10 Thread added: 0x000001ffc14c04b0
Event: 0.508 Thread 0x000001ffc14ce570 Thread added: 0x000001ffc16c86a0
Event: 0.551 Thread 0x000001ffc14ce570 Thread added: 0x000001ffc187c7d0
Event: 0.853 Thread 0x000001ffa42dfb10 Thread added: 0x000001ffc14c0b40
Event: 0.853 Thread 0x000001ffa42dfb10 Thread added: 0x000001ffc14c1860
Event: 1.409 Thread 0x000001ffa42dfb10 Thread added: 0x000001ffc14be3e0
Event: 1.514 Thread 0x000001ffc187c7d0 Thread exited: 0x000001ffc187c7d0
Event: 1.518 Thread 0x000001ffc16c86a0 Thread exited: 0x000001ffc16c86a0
Event: 1.590 Thread 0x000001ffa42dfb10 Thread added: 0x000001ffc14bea70
Event: 1.603 Thread 0x000001ffa42dfb10 Thread added: 0x000001ffc14bf100
Event: 1.808 Thread 0x000001ffc14bf790 Thread added: 0x000001ffc14bf790
Event: 1.941 Thread 0x000001ffa42dfb10 Thread added: 0x000001ffc14bfe20
Event: 2.178 Thread 0x000001ffc14ce570 Thread added: 0x0000020007d9d770
Event: 2.438 Thread 0x0000020007d9d770 Thread exited: 0x0000020007d9d770


Dynamic libraries:
0x00007ff720a00000 - 0x00007ff720a0e000 	C:\Users\abu75\.jdks\openjdk-23.0.1\bin\java.exe
0x00007ffe95810000 - 0x00007ffe95a27000 	C:\WINDOWS\SYSTEM32\ntdll.dll
0x00007ffe94ab0000 - 0x00007ffe94b74000 	C:\WINDOWS\System32\KERNEL32.DLL
0x00007ffe930d0000 - 0x00007ffe9348a000 	C:\WINDOWS\System32\KERNELBASE.dll
0x00007ffe92f10000 - 0x00007ffe93021000 	C:\WINDOWS\System32\ucrtbase.dll
0x00007ffe87580000 - 0x00007ffe8759b000 	C:\Users\abu75\.jdks\openjdk-23.0.1\bin\VCRUNTIME140.dll
0x00007ffe61ce0000 - 0x00007ffe61cf7000 	C:\Users\abu75\.jdks\openjdk-23.0.1\bin\jli.dll
0x00007ffe94130000 - 0x00007ffe942de000 	C:\WINDOWS\System32\USER32.dll
0x00007ffe7ff90000 - 0x00007ffe80222000 	C:\WINDOWS\WinSxS\amd64_microsoft.windows.common-controls_6595b64144ccf1df_6.0.22621.4541_none_2710d1c57384c085\COMCTL32.dll
0x00007ffe92c80000 - 0x00007ffe92ca6000 	C:\WINDOWS\System32\win32u.dll
0x00007ffe93eb0000 - 0x00007ffe93f57000 	C:\WINDOWS\System32\msvcrt.dll
0x00007ffe94a80000 - 0x00007ffe94aa9000 	C:\WINDOWS\System32\GDI32.dll
0x00007ffe92ae0000 - 0x00007ffe92bfb000 	C:\WINDOWS\System32\gdi32full.dll
0x00007ffe93030000 - 0x00007ffe930ca000 	C:\WINDOWS\System32\msvcp_win.dll
0x00007ffe94b90000 - 0x00007ffe94bc1000 	C:\WINDOWS\System32\IMM32.DLL
0x00007ffe87570000 - 0x00007ffe8757c000 	C:\Users\abu75\.jdks\openjdk-23.0.1\bin\vcruntime140_1.dll
0x00007ffe5e5a0000 - 0x00007ffe5e62e000 	C:\Users\abu75\.jdks\openjdk-23.0.1\bin\msvcp140.dll
0x00007ffda7990000 - 0x00007ffda86df000 	C:\Users\abu75\.jdks\openjdk-23.0.1\bin\server\jvm.dll
0x00007ffe95680000 - 0x00007ffe95732000 	C:\WINDOWS\System32\ADVAPI32.dll
0x00007ffe955d0000 - 0x00007ffe95677000 	C:\WINDOWS\System32\sechost.dll
0x00007ffe92ee0000 - 0x00007ffe92f08000 	C:\WINDOWS\System32\bcrypt.dll
0x00007ffe94f40000 - 0x00007ffe95054000 	C:\WINDOWS\System32\RPCRT4.dll
0x00007ffe951c0000 - 0x00007ffe95231000 	C:\WINDOWS\System32\WS2_32.dll
0x00007ffe92360000 - 0x00007ffe923ad000 	C:\WINDOWS\SYSTEM32\POWRPROF.dll
0x00007ffe8ea70000 - 0x00007ffe8eaa4000 	C:\WINDOWS\SYSTEM32\WINMM.dll
0x00007ffe8ee90000 - 0x00007ffe8ee9a000 	C:\WINDOWS\SYSTEM32\VERSION.dll
0x00007ffe922f0000 - 0x00007ffe92303000 	C:\WINDOWS\SYSTEM32\UMPDC.dll
0x00007ffe91b20000 - 0x00007ffe91b38000 	C:\WINDOWS\SYSTEM32\kernel.appcore.dll
0x00007ffe66840000 - 0x00007ffe6684a000 	C:\Users\abu75\.jdks\openjdk-23.0.1\bin\jimage.dll
0x00007ffe8c1f0000 - 0x00007ffe8c422000 	C:\WINDOWS\SYSTEM32\DBGHELP.DLL
0x00007ffe95240000 - 0x00007ffe955cf000 	C:\WINDOWS\System32\combase.dll
0x00007ffe93fe0000 - 0x00007ffe940b7000 	C:\WINDOWS\System32\OLEAUT32.dll
0x00007ffe8c170000 - 0x00007ffe8c1a2000 	C:\WINDOWS\SYSTEM32\dbgcore.DLL
0x00007ffe93490000 - 0x00007ffe9350b000 	C:\WINDOWS\System32\bcryptPrimitives.dll
0x00007ffe66810000 - 0x00007ffe6681f000 	C:\Users\abu75\.jdks\openjdk-23.0.1\bin\instrument.dll
0x00007ffe60080000 - 0x00007ffe6009e000 	C:\Users\abu75\.jdks\openjdk-23.0.1\bin\java.dll
0x00007ffe948d0000 - 0x00007ffe94a75000 	C:\WINDOWS\System32\ole32.dll
0x00007ffe93530000 - 0x00007ffe93da8000 	C:\WINDOWS\System32\SHELL32.dll
0x00007ffe90a20000 - 0x00007ffe91328000 	C:\WINDOWS\SYSTEM32\windows.storage.dll
0x00007ffe908e0000 - 0x00007ffe90a1f000 	C:\WINDOWS\SYSTEM32\wintypes.dll
0x00007ffe94e40000 - 0x00007ffe94f3a000 	C:\WINDOWS\System32\SHCORE.dll
0x00007ffe95060000 - 0x00007ffe950be000 	C:\WINDOWS\System32\shlwapi.dll
0x00007ffe92a10000 - 0x00007ffe92a3b000 	C:\WINDOWS\SYSTEM32\profapi.dll
0x00007ffe15450000 - 0x00007ffe15527000 	C:\Users\abu75\.jdks\openjdk-23.0.1\bin\jsvml.dll
0x00007ffe64240000 - 0x00007ffe64250000 	C:\Users\abu75\.jdks\openjdk-23.0.1\bin\net.dll
0x00007ffe92010000 - 0x00007ffe92079000 	C:\WINDOWS\system32\mswsock.dll
0x00007ffe5e580000 - 0x00007ffe5e596000 	C:\Users\abu75\.jdks\openjdk-23.0.1\bin\nio.dll
0x00007ffe59a20000 - 0x00007ffe59a37000 	C:\Users\abu75\.jdks\openjdk-23.0.1\bin\zip.dll
0x00007ffe31760000 - 0x00007ffe3177a000 	D:\inteilj\IntelliJ IDEA Community Edition 2024.2.4\bin\breakgen64.dll
0x000001ffa4250000 - 0x000001ffa4253000 	C:\Users\abu75\.openjfx\cache\21+31\amd64\api-ms-win-core-console-l1-1-0.dll
0x000001ffa4260000 - 0x000001ffa4263000 	C:\Users\abu75\.openjfx\cache\21+31\amd64\api-ms-win-core-console-l1-2-0.dll
0x000001ffa4270000 - 0x000001ffa4273000 	C:\Users\abu75\.openjfx\cache\21+31\amd64\api-ms-win-core-datetime-l1-1-0.dll
0x000001ffa4280000 - 0x000001ffa4283000 	C:\Users\abu75\.openjfx\cache\21+31\amd64\api-ms-win-core-debug-l1-1-0.dll
0x000001ffa4290000 - 0x000001ffa4293000 	C:\Users\abu75\.openjfx\cache\21+31\amd64\api-ms-win-core-errorhandling-l1-1-0.dll
0x000001ffc1a10000 - 0x000001ffc1a14000 	C:\Users\abu75\.openjfx\cache\21+31\amd64\api-ms-win-core-file-l1-1-0.dll
0x000001ffc1a20000 - 0x000001ffc1a23000 	C:\Users\abu75\.openjfx\cache\21+31\amd64\api-ms-win-core-file-l1-2-0.dll
0x000001ffc1900000 - 0x000001ffc1903000 	C:\Users\abu75\.openjfx\cache\21+31\amd64\api-ms-win-core-file-l2-1-0.dll
0x000001ffc1910000 - 0x000001ffc1913000 	C:\Users\abu75\.openjfx\cache\21+31\amd64\api-ms-win-core-handle-l1-1-0.dll
0x000001ffc1920000 - 0x000001ffc1923000 	C:\Users\abu75\.openjfx\cache\21+31\amd64\api-ms-win-core-heap-l1-1-0.dll
0x000001ffc1930000 - 0x000001ffc1933000 	C:\Users\abu75\.openjfx\cache\21+31\amd64\api-ms-win-core-interlocked-l1-1-0.dll
0x000001ffc1940000 - 0x000001ffc1943000 	C:\Users\abu75\.openjfx\cache\21+31\amd64\api-ms-win-core-libraryloader-l1-1-0.dll
0x000001ffc1950000 - 0x000001ffc1953000 	C:\Users\abu75\.openjfx\cache\21+31\amd64\api-ms-win-core-localization-l1-2-0.dll
0x000001ffc1960000 - 0x000001ffc1963000 	C:\Users\abu75\.openjfx\cache\21+31\amd64\api-ms-win-core-memory-l1-1-0.dll
0x000001ffc1970000 - 0x000001ffc1973000 	C:\Users\abu75\.openjfx\cache\21+31\amd64\api-ms-win-core-namedpipe-l1-1-0.dll
0x000001ffc1980000 - 0x000001ffc1983000 	C:\Users\abu75\.openjfx\cache\21+31\amd64\api-ms-win-core-processenvironment-l1-1-0.dll
0x000001ffc1990000 - 0x000001ffc1993000 	C:\Users\abu75\.openjfx\cache\21+31\amd64\api-ms-win-core-processthreads-l1-1-0.dll
0x000001ffc19a0000 - 0x000001ffc19a3000 	C:\Users\abu75\.openjfx\cache\21+31\amd64\api-ms-win-core-processthreads-l1-1-1.dll
0x000001ffc19b0000 - 0x000001ffc19b3000 	C:\Users\abu75\.openjfx\cache\21+31\amd64\api-ms-win-core-profile-l1-1-0.dll
0x000001ffc19c0000 - 0x000001ffc19c3000 	C:\Users\abu75\.openjfx\cache\21+31\amd64\api-ms-win-core-rtlsupport-l1-1-0.dll
0x000001ffc19d0000 - 0x000001ffc19d3000 	C:\Users\abu75\.openjfx\cache\21+31\amd64\api-ms-win-core-string-l1-1-0.dll
0x000001ffc19e0000 - 0x000001ffc19e3000 	C:\Users\abu75\.openjfx\cache\21+31\amd64\api-ms-win-core-synch-l1-1-0.dll
0x000001ffc19f0000 - 0x000001ffc19f3000 	C:\Users\abu75\.openjfx\cache\21+31\amd64\api-ms-win-core-synch-l1-2-0.dll
0x000001ffc1a00000 - 0x000001ffc1a03000 	C:\Users\abu75\.openjfx\cache\21+31\amd64\api-ms-win-core-sysinfo-l1-1-0.dll
0x000001ffc1a30000 - 0x000001ffc1a33000 	C:\Users\abu75\.openjfx\cache\21+31\amd64\api-ms-win-core-timezone-l1-1-0.dll
0x000001ffc1a40000 - 0x000001ffc1a43000 	C:\Users\abu75\.openjfx\cache\21+31\amd64\api-ms-win-core-util-l1-1-0.dll
0x000001ffc1a50000 - 0x000001ffc1a53000 	C:\Users\abu75\.openjfx\cache\21+31\amd64\api-ms-win-crt-conio-l1-1-0.dll
0x000001ffc1a60000 - 0x000001ffc1a64000 	C:\Users\abu75\.openjfx\cache\21+31\amd64\api-ms-win-crt-convert-l1-1-0.dll
0x000001ffc1a70000 - 0x000001ffc1a73000 	C:\Users\abu75\.openjfx\cache\21+31\amd64\api-ms-win-crt-environment-l1-1-0.dll
0x000001ffc1a80000 - 0x000001ffc1a83000 	C:\Users\abu75\.openjfx\cache\21+31\amd64\api-ms-win-crt-filesystem-l1-1-0.dll
0x000001ffc1a90000 - 0x000001ffc1a93000 	C:\Users\abu75\.openjfx\cache\21+31\amd64\api-ms-win-crt-heap-l1-1-0.dll
0x000001ffc1aa0000 - 0x000001ffc1aa3000 	C:\Users\abu75\.openjfx\cache\21+31\amd64\api-ms-win-crt-locale-l1-1-0.dll
0x000001ffc1ab0000 - 0x000001ffc1ab5000 	C:\Users\abu75\.openjfx\cache\21+31\amd64\api-ms-win-crt-math-l1-1-0.dll
0x000001ffc1ac0000 - 0x000001ffc1ac5000 	C:\Users\abu75\.openjfx\cache\21+31\amd64\api-ms-win-crt-multibyte-l1-1-0.dll
0x000001ffc1ad0000 - 0x000001ffc1ae0000 	C:\Users\abu75\.openjfx\cache\21+31\amd64\api-ms-win-crt-private-l1-1-0.dll
0x000001ffc1ae0000 - 0x000001ffc1ae3000 	C:\Users\abu75\.openjfx\cache\21+31\amd64\api-ms-win-crt-process-l1-1-0.dll
0x000001ffc1af0000 - 0x000001ffc1af4000 	C:\Users\abu75\.openjfx\cache\21+31\amd64\api-ms-win-crt-runtime-l1-1-0.dll
0x000001ffc1b00000 - 0x000001ffc1b04000 	C:\Users\abu75\.openjfx\cache\21+31\amd64\api-ms-win-crt-stdio-l1-1-0.dll
0x000001ffc1b10000 - 0x000001ffc1b14000 	C:\Users\abu75\.openjfx\cache\21+31\amd64\api-ms-win-crt-string-l1-1-0.dll
0x000001ffc1b20000 - 0x000001ffc1b23000 	C:\Users\abu75\.openjfx\cache\21+31\amd64\api-ms-win-crt-time-l1-1-0.dll
0x000001ffc1b30000 - 0x000001ffc1b33000 	C:\Users\abu75\.openjfx\cache\21+31\amd64\api-ms-win-crt-utility-l1-1-0.dll
0x00007ffde6520000 - 0x00007ffde661c000 	C:\Users\abu75\.openjfx\cache\21+31\amd64\ucrtbase.dll
0x00007ffe31380000 - 0x00007ffe3139b000 	C:\Users\abu75\.openjfx\cache\21+31\amd64\vcruntime140.dll
0x00007ffe619e0000 - 0x00007ffe619ec000 	C:\Users\abu75\.openjfx\cache\21+31\amd64\vcruntime140_1.dll
0x00007ffdea810000 - 0x00007ffdea89e000 	C:\Users\abu75\.openjfx\cache\21+31\amd64\msvcp140.dll
0x00007ffe61280000 - 0x00007ffe61289000 	C:\Users\abu75\.openjfx\cache\21+31\amd64\msvcp140_1.dll
0x00007ffe2b540000 - 0x00007ffe2b56f000 	C:\Users\abu75\.openjfx\cache\21+31\amd64\msvcp140_2.dll
0x00007ffe248b0000 - 0x00007ffe248df000 	C:\Users\abu75\.openjfx\cache\21+31\amd64\prism_d3d.dll
0x00007ffe6df10000 - 0x00007ffe6e0b8000 	C:\WINDOWS\system32\d3d9.dll
0x00007ffe90260000 - 0x00007ffe9028b000 	C:\WINDOWS\SYSTEM32\dwmapi.dll
0x00007ffe90110000 - 0x00007ffe90147000 	C:\WINDOWS\SYSTEM32\dxcore.dll
0x00007ffe8fff0000 - 0x00007ffe900a1000 	C:\WINDOWS\system32\uxtheme.dll
0x00007ffe8a870000 - 0x00007ffe8a9d4000 	C:\WINDOWS\System32\DriverStore\FileRepository\iigd_dch.inf_amd64_01a6f4ee2e1cbcc2\igdumdim64.dll
0x00007ffe175f0000 - 0x00007ffe1b063000 	C:\WINDOWS\System32\DriverStore\FileRepository\iigd_dch.inf_amd64_01a6f4ee2e1cbcc2\igd9dxva64.dll
0x00007ffe942e0000 - 0x00007ffe94754000 	C:\WINDOWS\System32\SETUPAPI.dll
0x00007ffe927d0000 - 0x00007ffe9281e000 	C:\WINDOWS\SYSTEM32\cfgmgr32.dll
0x00007ffe74d80000 - 0x00007ffe74fc2000 	C:\WINDOWS\System32\DriverStore\FileRepository\iigd_dch.inf_amd64_01a6f4ee2e1cbcc2\igdgmm64.dll
0x00007ffe89060000 - 0x00007ffe890a9000 	C:\WINDOWS\SYSTEM32\directxdatabasehelper.dll
0x00007ffe15810000 - 0x00007ffe15852000 	C:\Users\abu75\.openjfx\cache\21+31\amd64\glass.dll
0x00007ffe93db0000 - 0x00007ffe93eb0000 	C:\WINDOWS\System32\COMDLG32.dll
0x00007ffe94760000 - 0x00007ffe948c1000 	C:\WINDOWS\System32\MSCTF.dll
0x00007ffe34680000 - 0x00007ffe346a7000 	C:\WINDOWS\System32\DriverStore\FileRepository\iigd_dch.inf_amd64_01a6f4ee2e1cbcc2\igdinfo64.dll
0x00007ffe71fc0000 - 0x00007ffe74bb2000 	C:\WINDOWS\System32\DriverStore\FileRepository\iigd_dch.inf_amd64_01a6f4ee2e1cbcc2\igc64.dll
0x00007ffe24780000 - 0x00007ffe247ad000 	C:\Users\abu75\.openjfx\cache\21+31\amd64\javafx_iio.dll

dbghelp: loaded successfully - version: 4.0.5 - missing functions: none
symbol engine: initialized successfully - sym options: 0x614 - pdb path: .;C:\Users\abu75\.jdks\openjdk-23.0.1\bin;C:\WINDOWS\SYSTEM32;C:\WINDOWS\WinSxS\amd64_microsoft.windows.common-controls_6595b64144ccf1df_6.0.22621.4541_none_2710d1c57384c085;C:\Users\abu75\.jdks\openjdk-23.0.1\bin\server;D:\inteilj\IntelliJ IDEA Community Edition 2024.2.4\bin;C:\Users\abu75\.openjfx\cache\21+31\amd64;C:\WINDOWS\System32\DriverStore\FileRepository\iigd_dch.inf_amd64_01a6f4ee2e1cbcc2;C:\WINDOWS\System32\DriverStore\FileRepository\nvdnb.inf_amd64_838c502e6e29e228

VM Arguments:
jvm_args: -javaagent:D:\inteilj\IntelliJ IDEA Community Edition 2024.2.4\lib\idea_rt.jar=61855:D:\inteilj\IntelliJ IDEA Community Edition 2024.2.4\bin -Dfile.encoding=UTF-8 -Dsun.stdout.encoding=UTF-8 -Dsun.stderr.encoding=UTF-8 --module-path=C:\Users\abu75\.m2\repository\org\openjfx\javafx-web\21\javafx-web-21-win.jar;C:\Users\abu75\Downloads\fontawesomefx-materialdesignfont-2.0.26-9.1.2.jar;C:\Users\abu75\.m2\repository\org\openjfx\javafx-fxml\21\javafx-fxml-21-win.jar;C:\Users\abu75\.m2\repository\org\openjfx\javafx-base\21\javafx-base-21-win.jar;C:\Users\abu75\Downloads\fontawesomefx-commons-9.1.2.jar;C:\Users\abu75\Downloads\fontawesomefx-fontawesome-4.7.0-9.1.2.jar;C:\Users\abu75\.m2\repository\org\openjfx\javafx-controls\21\javafx-controls-21-win.jar;C:\Users\abu75\.m2\repository\org\openjfx\javafx-media\21\javafx-media-21-win.jar;C:\Users\abu75\.m2\repository\org\openjfx\javafx-graphics\21\javafx-graphics-21-win.jar;C:\Users\abu75\Downloads\fontawesomefx-materialicons-2.2.0-9.1.2.jar;D:\WatchItGui\target\classes -Djdk.module.main=watchit 
java_command: watchit/WatchIt.Application
java_class_path (initial): C:\Users\abu75\.m2\repository\org\openjfx\javafx-controls\21\javafx-controls-21.jar;C:\Users\abu75\.m2\repository\org\openjfx\javafx-graphics\21\javafx-graphics-21.jar;C:\Users\abu75\.m2\repository\org\openjfx\javafx-base\21\javafx-base-21.jar;C:\Users\abu75\.m2\repository\org\openjfx\javafx-fxml\21\javafx-fxml-21.jar;C:\Users\abu75\.m2\repository\org\openjfx\javafx-web\21\javafx-web-21.jar;C:\Users\abu75\.m2\repository\org\openjfx\javafx-swing\21\javafx-swing-21.jar;C:\Users\abu75\.m2\repository\org\openjfx\javafx-swing\21\javafx-swing-21-win.jar;C:\Users\abu75\.m2\repository\org\openjfx\javafx-media\21\javafx-media-21.jar;C:\Users\abu75\.m2\repository\org\controlsfx\controlsfx\11.1.2\controlsfx-11.1.2.jar;C:\Users\abu75\.m2\repository\com\dlsc\formsfx\formsfx-core\11.6.0\formsfx-core-11.6.0.jar;C:\Users\abu75\.m2\repository\net\synedra\validatorfx\0.4.0\validatorfx-0.4.0.jar;C:\Users\abu75\.m2\repository\org\kordamp\ikonli\ikonli-javafx\12.3.1\ikonli-javafx-12.3.1.jar;C:\Users\abu75\.m2\repository\org\kordamp\ikonli\ikonli-core\12.3.1\ikonli-core-12.3.1.jar;C:\Users\abu75\.m2\repository\org\kordamp\bootstrapfx\bootstrapfx-core\0.4.0\bootstrapfx-core-0.4.0.jar;C:\Users\abu75\.m2\repository\eu\hansolo\tilesfx\11.48\tilesfx-11.48.jar;C:\Users\abu75\.m2\repository\com\github\almasb\fxgl\17.3\fxgl-17.3.jar;C:\Users\abu75\.m2\repository\com\github\almasb\fxgl-core\17.3\fxgl-core-17.3.jar;C:\Users\abu75\.m2\repository\com\gluonhq\attach\audio\4.0.17\audio-4.0.17.jar;C:\Users\abu75\.m2\repository\com\github\almasb\fxgl-io\17.3\fxgl-io-17.3.jar;C:\Users\abu75\.m2\repository\com\gluonhq\attach\storage\4.0.17\storage-4.0.17.jar;C:\Users\abu75\.m2\repository\com\gluonhq\attach\util\4.0.17\util-4.0.17.jar;C:\Users\abu75\.m2\repository\com\github\almasb\fxgl-entity\17.3\fxgl-entity-17.3.jar;C:\Users\abu75\.m2\repository\com\github\almasb\fxgl-scene\17.3\fxgl-scene-17.3.jar;C:\Users\abu75\.m2\repository\com\github\almasb\fxgl-gameplay\17.3\fxgl-gameplay-17.3.jar;C:\Users\abu75\.m2\repository\com\fasterxml\jackson\core\jackson-annotations\2.14.2\jackson-annotations-2.14.2.jar;C:\Users\abu75\.m2\repository\com\fasterxml\jackson\core\jackson-databind\2.14.2\jackson-databind-2.14.2.jar;C:\Users\abu75\.m2\repository\com\fasterxml\jackson\core\jackson-core\2.14.2\jackson-core-2.14.2.jar;C:\Users\abu75\.m2\repository\com\gluonhq\attach\lifecycle\4.0.17\lifecycle-4.0.17.jar;C:\Users\abu75\.m2\repository\org\jetbrains\kotlin\kotlin-stdlib\1.8.10\kotlin-stdlib-1.8.10.jar;C:\Users\abu75\.m2\repository\org\jetbrains\kotlin\kotlin-stdlib-common\1.8.10\kotlin-stdlib-common-1.8.10.jar;C:\Users\abu75\.m2\repository\org\jetbrains\annotations\13.0\annotations-13.0.jar;C:\Users\abu75\Downloads\fontawesomefx-8.2.jar
Launcher Type: SUN_STANDARD

[Global flags]
     intx CICompilerCount                          = 4                                         {product} {ergonomic}
     uint ConcGCThreads                            = 3                                         {product} {ergonomic}
     uint G1ConcRefinementThreads                  = 10                                        {product} {ergonomic}
   size_t G1HeapRegionSize                         = 1048576                                   {product} {ergonomic}
   size_t InitialHeapSize                          = 132120576                                 {product} {ergonomic}
   size_t MarkStackSize                            = 4194304                                   {product} {ergonomic}
   size_t MarkStackSizeMax                         = 536870912                                 {product} {ergonomic}
   size_t MaxHeapSize                              = 2111832064                                {product} {ergonomic}
   size_t MaxNewSize                               = 1266679808                                {product} {ergonomic}
   size_t MinHeapDeltaBytes                        = 1048576                                   {product} {ergonomic}
   size_t MinHeapSize                              = 8388608                                   {product} {ergonomic}
    uintx NonNMethodCodeHeapSize                   = 5832704                                {pd product} {ergonomic}
    uintx NonProfiledCodeHeapSize                  = 122945536                              {pd product} {ergonomic}
    uintx ProfiledCodeHeapSize                     = 122880000                              {pd product} {ergonomic}
    uintx ReservedCodeCacheSize                    = 251658240                              {pd product} {ergonomic}
     bool SegmentedCodeCache                       = true                                      {product} {ergonomic}
   size_t SoftMaxHeapSize                          = 2111832064                             {manageable} {ergonomic}
     bool UseCompressedOops                        = true                           {product lp64_product} {ergonomic}
     bool UseG1GC                                  = true                                      {product} {ergonomic}
     bool UseLargePagesIndividualAllocation        = false                                  {pd product} {ergonomic}

Logging:
Log output configuration:
 #0: stdout all=warning uptime,level,tags foldmultilines=false
 #1: stderr all=off uptime,level,tags foldmultilines=false

Environment Variables:
PATH=C:\Program Files (x86)\Common Files\Oracle\Java\java8path;C:\Program Files (x86)\Common Files\Oracle\Java\javapath;C:\Windows\system32;C:\Windows;C:\Windows\System32\Wbem;C:\Windows\System32\WindowsPowerShell\v1.0\;C:\Windows\System32\OpenSSH\;C:\Program Files (x86)\NVIDIA Corporation\PhysX\Common;C:\Program Files\NVIDIA Corporation\NVIDIA NvDLISR;C:\WINDOWS\system32;C:\WINDOWS;C:\WINDOWS\System32\Wbem;C:\WINDOWS\System32\WindowsPowerShell\v1.0\;C:\WINDOWS\System32\OpenSSH\;C:\Program Files\Git\cmd;C:\Users\abu75\AppData\Local\Microsoft\WindowsApps;
USERNAME=abu75
OS=Windows_NT
PROCESSOR_IDENTIFIER=Intel64 Family 6 Model 166 Stepping 0, GenuineIntel
TMP=C:\Users\abu75\AppData\Local\Temp
TEMP=C:\Users\abu75\AppData\Local\Temp




Periodic native trim disabled

---------------  S Y S T E M  ---------------

OS:
 Windows 11 , 64 bit Build 22621 (10.0.22621.4391)
OS uptime: 11 days 16:24 hours

CPU: total 12 (initial active 12) (6 cores per cpu, 2 threads per core) family 6 model 166 stepping 0 microcode 0xe0, cx8, cmov, fxsr, ht, mmx, 3dnowpref, sse, sse2, sse3, ssse3, sse4.1, sse4.2, popcnt, lzcnt, tsc, tscinvbit, avx, avx2, aes, erms, clmul, bmi1, bmi2, adx, fma, vzeroupper, clflush, clflushopt, rdtscp, f16c
Processor Information for the first 12 processors :
  Max Mhz: 1608, Current Mhz: 1105, Mhz Limit: 1093

Memory: 4k page, system-wide physical 8054M (640M free)
TotalPageFile size 21550M (AvailPageFile size 5M)
current process WorkingSet (physical memory assigned to process): 188M, peak: 188M
current process commit charge ("private bytes"): 273M, peak: 279M

vm_info: OpenJDK 64-Bit Server VM (23.0.1+11-39) for windows-amd64 JRE (23.0.1+11-39), built on 2024-09-30T07:20:43Z with MS VC++ 17.6 (VS2022)

END.
