#
# There is insufficient memory for the Java Runtime Environment to continue.
# Native memory allocation (malloc) failed to allocate 1841680 bytes. Error detail: Chunk::new
# Possible reasons:
#   The system is out of physical RAM or swap space
#   This process is running with CompressedOops enabled, and the Java Heap may be blocking the growth of the native heap
# Possible solutions:
#   Reduce memory load on the system
#   Increase physical memory or swap space
#   Check if swap backing store is full
#   Decrease Java heap size (-Xmx/-Xms)
#   Decrease number of Java threads
#   Decrease Java thread stack sizes (-Xss)
#   Set larger code cache with -XX:ReservedCodeCacheSize=
#   JVM is running with Unscaled Compressed Oops mode in which the Java heap is
#     placed in the first 4GB address space. The Java Heap base address is the
#     maximum limit for the native heap growth. Please use -XX:HeapBaseMinAddress
#     to set the Java Heap base and to place the Java Heap above 4GB virtual address.
# This output file may be truncated or incomplete.
#
#  Out of Memory Error (arena.cpp:149), pid=26344, tid=1680
#
# JRE version: OpenJDK Runtime Environment (23.0.1+11) (build 23.0.1+11-39)
# Java VM: OpenJDK 64-Bit Server VM (23.0.1+11-39, mixed mode, sharing, tiered, compressed oops, compressed class ptrs, g1 gc, windows-amd64)
# No core dump will be written. Minidumps are not enabled by default on client versions of Windows
#

---------------  S U M M A R Y ------------

Command Line: -javaagent:D:\inteilj\IntelliJ IDEA Community Edition 2024.2.4\lib\idea_rt.jar=61850:D:\inteilj\IntelliJ IDEA Community Edition 2024.2.4\bin -Dfile.encoding=UTF-8 -Dsun.stdout.encoding=UTF-8 -Dsun.stderr.encoding=UTF-8 --module-path=C:\Users\abu75\.m2\repository\org\openjfx\javafx-web\21\javafx-web-21-win.jar;C:\Users\abu75\Downloads\fontawesomefx-materialdesignfont-2.0.26-9.1.2.jar;C:\Users\abu75\.m2\repository\org\openjfx\javafx-fxml\21\javafx-fxml-21-win.jar;C:\Users\abu75\.m2\repository\org\openjfx\javafx-base\21\javafx-base-21-win.jar;C:\Users\abu75\Downloads\fontawesomefx-commons-9.1.2.jar;C:\Users\abu75\Downloads\fontawesomefx-fontawesome-4.7.0-9.1.2.jar;C:\Users\abu75\.m2\repository\org\openjfx\javafx-controls\21\javafx-controls-21-win.jar;C:\Users\abu75\.m2\repository\org\openjfx\javafx-media\21\javafx-media-21-win.jar;C:\Users\abu75\.m2\repository\org\openjfx\javafx-graphics\21\javafx-graphics-21-win.jar;C:\Users\abu75\Downloads\fontawesomefx-materialicons-2.2.0-9.1.2.jar;D:\WatchItGui\target\classes -Djdk.module.main=watchit watchit/WatchIt.Application

Host: Intel(R) Core(TM) i7-10710U CPU @ 1.10GHz, 12 cores, 7G,  Windows 11 , 64 bit Build 22621 (10.0.22621.4391)
Time: Tue Dec 24 12:04:18 2024 Egypt Standard Time elapsed time: 21.021355 seconds (0d 0h 0m 21s)

---------------  T H R E A D  ---------------

Current thread (0x00000260ee2b54d0):  JavaThread "C2 CompilerThread0" daemon [_thread_in_native, id=1680, stack(0x000000d6c5200000,0x000000d6c5300000) (1024K)]


Current CompileTask:
C2:21021 4471 %     4       com.sun.marlin.Renderer::_endRendering @ 787 (2639 bytes)

Stack: [0x000000d6c5200000,0x000000d6c5300000]
Native frames: (J=compiled Java code, j=interpreted, Vv=VM code, C=native code)
V  [jvm.dll+0x6e08b9]  (no source info available)
V  [jvm.dll+0x87dc83]  (no source info available)
V  [jvm.dll+0x88010e]  (no source info available)
V  [jvm.dll+0x8807e3]  (no source info available)
V  [jvm.dll+0x27aee6]  (no source info available)
V  [jvm.dll+0xbc06f]  (no source info available)
V  [jvm.dll+0xbc2cb]  (no source info available)
V  [jvm.dll+0x3b3a9c]  (no source info available)
V  [jvm.dll+0x1dc19c]  (no source info available)
V  [jvm.dll+0x244be5]  (no source info available)
V  [jvm.dll+0x243dff]  (no source info available)
V  [jvm.dll+0x1c33a0]  (no source info available)
V  [jvm.dll+0x253cf1]  (no source info available)
V  [jvm.dll+0x251faa]  (no source info available)
V  [jvm.dll+0x3ee036]  (no source info available)
V  [jvm.dll+0x824f8b]  (no source info available)
V  [jvm.dll+0x6df065]  (no source info available)
C  [ucrtbase.dll+0x29333]  (no source info available)
C  [KERNEL32.DLL+0x1259d]  (no source info available)
C  [ntdll.dll+0x5af38]  (no source info available)

Lock stack of current Java thread (top to bottom):


---------------  P R O C E S S  ---------------

Threads class SMR info:
_java_thread_list=0x00000260c5a277b0, length=20, elements={
0x00000260cf147a40, 0x00000260ee2aced0, 0x00000260ee2adea0, 0x00000260ee2b01b0,
0x00000260ee2b2e80, 0x00000260ee2b3ec0, 0x00000260ee2c1e50, 0x00000260ee2b54d0,
0x00000260ee2b60b0, 0x00000260ee2c0aa0, 0x00000260ee2bf060, 0x00000260ee2bf6f0,
0x00000260ee2be9d0, 0x00000260ee2bfd80, 0x00000260ee2c0410, 0x00000260ee2c17c0,
0x00000260c6b60b70, 0x00000260c6b61890, 0x00000260c6b62c40, 0x00000260c582a980
}

Java Threads: ( => current thread )
  0x00000260cf147a40 JavaThread "main"                              [_thread_blocked, id=18048, stack(0x000000d6c4400000,0x000000d6c4500000) (1024K)]
  0x00000260ee2aced0 JavaThread "Reference Handler"          daemon [_thread_blocked, id=11796, stack(0x000000d6c4c00000,0x000000d6c4d00000) (1024K)]
  0x00000260ee2adea0 JavaThread "Finalizer"                  daemon [_thread_blocked, id=5428, stack(0x000000d6c4d00000,0x000000d6c4e00000) (1024K)]
  0x00000260ee2b01b0 JavaThread "Signal Dispatcher"          daemon [_thread_blocked, id=24652, stack(0x000000d6c4e00000,0x000000d6c4f00000) (1024K)]
  0x00000260ee2b2e80 JavaThread "Attach Listener"            daemon [_thread_blocked, id=14488, stack(0x000000d6c4f00000,0x000000d6c5000000) (1024K)]
  0x00000260ee2b3ec0 JavaThread "Service Thread"             daemon [_thread_blocked, id=16304, stack(0x000000d6c5000000,0x000000d6c5100000) (1024K)]
  0x00000260ee2c1e50 JavaThread "Monitor Deflation Thread"   daemon [_thread_blocked, id=26208, stack(0x000000d6c5100000,0x000000d6c5200000) (1024K)]
=>0x00000260ee2b54d0 JavaThread "C2 CompilerThread0"         daemon [_thread_in_native, id=1680, stack(0x000000d6c5200000,0x000000d6c5300000) (1024K)]
  0x00000260ee2b60b0 JavaThread "C1 CompilerThread0"         daemon [_thread_blocked, id=22628, stack(0x000000d6c5300000,0x000000d6c5400000) (1024K)]
  0x00000260ee2c0aa0 JavaThread "Common-Cleaner"             daemon [_thread_blocked, id=14568, stack(0x000000d6c5400000,0x000000d6c5500000) (1024K)]
  0x00000260ee2bf060 JavaThread "Monitor Ctrl-Break"         daemon [_thread_in_native, id=20664, stack(0x000000d6c5700000,0x000000d6c5800000) (1024K)]
  0x00000260ee2bf6f0 JavaThread "Notification Thread"        daemon [_thread_blocked, id=6260, stack(0x000000d6c5800000,0x000000d6c5900000) (1024K)]
  0x00000260ee2be9d0 JavaThread "QuantumRenderer-0"          daemon [_thread_blocked, id=24992, stack(0x000000d6c5500000,0x000000d6c5600000) (1024K)]
  0x00000260ee2bfd80 JavaThread "InvokeLaterDispatcher"      daemon [_thread_blocked, id=25620, stack(0x000000d6c5600000,0x000000d6c5700000) (1024K)]
  0x00000260ee2c0410 JavaThread "JavaFX Application Thread"         [_thread_in_native, id=17180, stack(0x000000d6c5900000,0x000000d6c5a00000) (1024K)]
  0x00000260ee2c17c0 JavaThread "Thread-1"                   daemon [_thread_in_native, id=16984, stack(0x000000d6c5d00000,0x000000d6c5e00000) (1024K)]
  0x00000260c6b60b70 JavaThread "JavaFX-Launcher"                   [_thread_blocked, id=11748, stack(0x000000d6c5e00000,0x000000d6c5f00000) (1024K)]
  0x00000260c6b61890 JavaThread "Prism Font Disposer"        daemon [_thread_blocked, id=19768, stack(0x000000d6c6c00000,0x000000d6c6d00000) (1024K)]
  0x00000260c6b62c40 JavaThread "Cleaner-0"                  daemon [_thread_blocked, id=1720, stack(0x000000d6c6e00000,0x000000d6c6f00000) (1024K)]
  0x00000260c582a980 JavaThread "C2 CompilerThread1"         daemon [_thread_in_native, id=26112, stack(0x000000d6c6f00000,0x000000d6c7000000) (1024K)]
Total: 20

Other Threads:
  0x00000260ee2953e0 VMThread "VM Thread"                           [id=26164, stack(0x000000d6c4b00000,0x000000d6c4c00000) (1024K)]
  0x00000260ee281c00 WatcherThread "VM Periodic Task Thread"        [id=22592, stack(0x000000d6c4a00000,0x000000d6c4b00000) (1024K)]
  0x00000260d1435e90 WorkerThread "GC Thread#0"                     [id=22020, stack(0x000000d6c4500000,0x000000d6c4600000) (1024K)]
  0x00000260c6b65130 WorkerThread "GC Thread#1"                     [id=27312, stack(0x000000d6c5f00000,0x000000d6c6000000) (1024K)]
  0x00000260c6b6e700 WorkerThread "GC Thread#2"                     [id=13256, stack(0x000000d6c6000000,0x000000d6c6100000) (1024K)]
  0x00000260c6b712d0 WorkerThread "GC Thread#3"                     [id=9232, stack(0x000000d6c6100000,0x000000d6c6200000) (1024K)]
  0x00000260c6b71680 WorkerThread "GC Thread#4"                     [id=5784, stack(0x000000d6c6200000,0x000000d6c6300000) (1024K)]
  0x00000260c6b7cad0 WorkerThread "GC Thread#5"                     [id=23812, stack(0x000000d6c6300000,0x000000d6c6400000) (1024K)]
  0x00000260c69a0a00 WorkerThread "GC Thread#6"                     [id=19584, stack(0x000000d6c6400000,0x000000d6c6500000) (1024K)]
  0x00000260c69a0db0 WorkerThread "GC Thread#7"                     [id=26668, stack(0x000000d6c6500000,0x000000d6c6600000) (1024K)]
  0x00000260c69a1510 WorkerThread "GC Thread#8"                     [id=6048, stack(0x000000d6c6600000,0x000000d6c6700000) (1024K)]
  0x00000260c69a18c0 WorkerThread "GC Thread#9"                     [id=11392, stack(0x000000d6c6900000,0x000000d6c6a00000) (1024K)]
  0x00000260d144a990 ConcurrentGCThread "G1 Main Marker"            [id=11156, stack(0x000000d6c4600000,0x000000d6c4700000) (1024K)]
  0x00000260d144c660 WorkerThread "G1 Conc#0"                       [id=12492, stack(0x000000d6c4700000,0x000000d6c4800000) (1024K)]
  0x00000260c69a1160 WorkerThread "G1 Conc#1"                       [id=29340, stack(0x000000d6c6700000,0x000000d6c6800000) (1024K)]
  0x00000260c69a0650 WorkerThread "G1 Conc#2"                       [id=20548, stack(0x000000d6c6800000,0x000000d6c6900000) (1024K)]
  0x00000260d149e650 ConcurrentGCThread "G1 Refine#0"               [id=8880, stack(0x000000d6c4800000,0x000000d6c4900000) (1024K)]
  0x00000260ee158310 ConcurrentGCThread "G1 Service"                [id=16932, stack(0x000000d6c4900000,0x000000d6c4a00000) (1024K)]
Total: 18

Threads with active compile tasks:
C2 CompilerThread0  21211 4471 %     4       com.sun.marlin.Renderer::_endRendering @ 787 (2639 bytes)
C2 CompilerThread1  21211 4599 %     4       com.sun.javafx.css.StyleManager$RefList::add @ 12 (88 bytes)
Total: 2

VM state: not at safepoint (normal execution)

VM Mutex/Monitor currently owned by a thread: None

Heap address: 0x0000000082200000, size: 2014 MB, Compressed Oops mode: 32-bit

CDS archive(s) mapped at: [0x0000026080000000-0x0000026080d70000-0x0000026080d70000), size 14090240, SharedBaseAddress: 0x0000026080000000, ArchiveRelocationMode: 1.
Compressed class space mapped at: 0x0000026081000000-0x00000260c1000000, reserved size: 1073741824
Narrow klass base: 0x0000026080000000, Narrow klass shift: 0, Narrow klass range: 0x41000000

GC Precious Log:
 CardTable entry size: 512
 Card Set container configuration: InlinePtr #cards 5 size 8 Array Of Cards #cards 10 size 36 Howl #buckets 4 coarsen threshold 1843 Howl Bitmap #cards 512 size 80 coarsen threshold 460 Card regions per heap region 1 cards per card region 2048
 CPUs: 12 total, 12 available
 Memory: 8054M
 Large Page Support: Disabled
 NUMA Support: Disabled
 Compressed Oops: Enabled (32-bit)
 Heap Region Size: 1M
 Heap Min Capacity: 8M
 Heap Initial Capacity: 126M
 Heap Max Capacity: 2014M
 Pre-touch: Disabled
 Parallel Workers: 10
 Concurrent Workers: 3
 Concurrent Refinement Workers: 10
 Periodic GC: Disabled

Heap:
 garbage-first heap   total reserved 2062336K, committed 260096K, used 169935K [0x0000000082200000, 0x0000000100000000)
  region size 1024K, 17 young (17408K), 1 survivors (1024K)
 Metaspace       used 20318K, committed 20672K, reserved 1114112K
  class space    used 2937K, committed 3072K, reserved 1048576K

Heap Regions: E=young(eden), S=young(survivor), O=old, HS=humongous(starts), HC=humongous(continues), CS=collection set, F=free, TAMS=top-at-mark-start, PB=parsable bottom
|   0|0x0000000082200000, 0x0000000082300000, 0x0000000082300000|100%| O|  |TAMS 0x0000000082200000| PB 0x0000000082200000| Untracked |  0
|   1|0x0000000082300000, 0x0000000082400000, 0x0000000082400000|100%|HS|  |TAMS 0x0000000082300000| PB 0x0000000082300000| Complete |  0
|   2|0x0000000082400000, 0x0000000082500000, 0x0000000082500000|100%|HC|  |TAMS 0x0000000082400000| PB 0x0000000082400000| Complete |  0
|   3|0x0000000082500000, 0x0000000082600000, 0x0000000082600000|100%|HS|  |TAMS 0x0000000082500000| PB 0x0000000082500000| Complete |  0
|   4|0x0000000082600000, 0x0000000082700000, 0x0000000082700000|100%|HC|  |TAMS 0x0000000082600000| PB 0x0000000082600000| Complete |  0
|   5|0x0000000082700000, 0x0000000082800000, 0x0000000082800000|100%|HC|  |TAMS 0x0000000082700000| PB 0x0000000082700000| Complete |  0
|   6|0x0000000082800000, 0x0000000082900000, 0x0000000082900000|100%|HC|  |TAMS 0x0000000082800000| PB 0x0000000082800000| Complete |  0
|   7|0x0000000082900000, 0x0000000082a00000, 0x0000000082a00000|100%|HS|  |TAMS 0x0000000082900000| PB 0x0000000082900000| Complete |  0
|   8|0x0000000082a00000, 0x0000000082b00000, 0x0000000082b00000|100%|HC|  |TAMS 0x0000000082a00000| PB 0x0000000082a00000| Complete |  0
|   9|0x0000000082b00000, 0x0000000082c00000, 0x0000000082c00000|100%|HC|  |TAMS 0x0000000082b00000| PB 0x0000000082b00000| Complete |  0
|  10|0x0000000082c00000, 0x0000000082d00000, 0x0000000082d00000|100%|HC|  |TAMS 0x0000000082c00000| PB 0x0000000082c00000| Complete |  0
|  11|0x0000000082d00000, 0x0000000082e00000, 0x0000000082e00000|100%|HS|  |TAMS 0x0000000082d00000| PB 0x0000000082d00000| Complete |  0
|  12|0x0000000082e00000, 0x0000000082f00000, 0x0000000082f00000|100%|HC|  |TAMS 0x0000000082e00000| PB 0x0000000082e00000| Complete |  0
|  13|0x0000000082f00000, 0x0000000083000000, 0x0000000083000000|100%|HC|  |TAMS 0x0000000082f00000| PB 0x0000000082f00000| Complete |  0
|  14|0x0000000083000000, 0x0000000083100000, 0x0000000083100000|100%|HC|  |TAMS 0x0000000083000000| PB 0x0000000083000000| Complete |  0
|  15|0x0000000083100000, 0x0000000083200000, 0x0000000083200000|100%|HS|  |TAMS 0x0000000083100000| PB 0x0000000083100000| Complete |  0
|  16|0x0000000083200000, 0x0000000083300000, 0x0000000083300000|100%|HC|  |TAMS 0x0000000083200000| PB 0x0000000083200000| Complete |  0
|  17|0x0000000083300000, 0x0000000083400000, 0x0000000083400000|100%|HC|  |TAMS 0x0000000083300000| PB 0x0000000083300000| Complete |  0
|  18|0x0000000083400000, 0x0000000083500000, 0x0000000083500000|100%|HC|  |TAMS 0x0000000083400000| PB 0x0000000083400000| Complete |  0
|  19|0x0000000083500000, 0x0000000083600000, 0x0000000083600000|100%|HS|  |TAMS 0x0000000083500000| PB 0x0000000083500000| Complete |  0
|  20|0x0000000083600000, 0x0000000083700000, 0x0000000083700000|100%|HC|  |TAMS 0x0000000083600000| PB 0x0000000083600000| Complete |  0
|  21|0x0000000083700000, 0x0000000083800000, 0x0000000083800000|100%|HC|  |TAMS 0x0000000083700000| PB 0x0000000083700000| Complete |  0
|  22|0x0000000083800000, 0x0000000083900000, 0x0000000083900000|100%|HC|  |TAMS 0x0000000083800000| PB 0x0000000083800000| Complete |  0
|  23|0x0000000083900000, 0x0000000083a00000, 0x0000000083a00000|100%|HS|  |TAMS 0x0000000083900000| PB 0x0000000083900000| Complete |  0
|  24|0x0000000083a00000, 0x0000000083b00000, 0x0000000083b00000|100%|HC|  |TAMS 0x0000000083a00000| PB 0x0000000083a00000| Complete |  0
|  25|0x0000000083b00000, 0x0000000083c00000, 0x0000000083c00000|100%|HC|  |TAMS 0x0000000083b00000| PB 0x0000000083b00000| Complete |  0
|  26|0x0000000083c00000, 0x0000000083d00000, 0x0000000083d00000|100%|HC|  |TAMS 0x0000000083c00000| PB 0x0000000083c00000| Complete |  0
|  27|0x0000000083d00000, 0x0000000083e00000, 0x0000000083e00000|100%|HS|  |TAMS 0x0000000083d00000| PB 0x0000000083d00000| Complete |  0
|  28|0x0000000083e00000, 0x0000000083f00000, 0x0000000083f00000|100%|HC|  |TAMS 0x0000000083e00000| PB 0x0000000083e00000| Complete |  0
|  29|0x0000000083f00000, 0x0000000084000000, 0x0000000084000000|100%|HC|  |TAMS 0x0000000083f00000| PB 0x0000000083f00000| Complete |  0
|  30|0x0000000084000000, 0x0000000084100000, 0x0000000084100000|100%|HC|  |TAMS 0x0000000084000000| PB 0x0000000084000000| Complete |  0
|  31|0x0000000084100000, 0x0000000084200000, 0x0000000084200000|100%|HS|  |TAMS 0x0000000084100000| PB 0x0000000084100000| Complete |  0
|  32|0x0000000084200000, 0x0000000084300000, 0x0000000084300000|100%|HC|  |TAMS 0x0000000084200000| PB 0x0000000084200000| Complete |  0
|  33|0x0000000084300000, 0x0000000084400000, 0x0000000084400000|100%|HC|  |TAMS 0x0000000084300000| PB 0x0000000084300000| Complete |  0
|  34|0x0000000084400000, 0x0000000084500000, 0x0000000084500000|100%|HC|  |TAMS 0x0000000084400000| PB 0x0000000084400000| Complete |  0
|  35|0x0000000084500000, 0x0000000084600000, 0x0000000084600000|100%|HS|  |TAMS 0x0000000084500000| PB 0x0000000084500000| Complete |  0
|  36|0x0000000084600000, 0x0000000084700000, 0x0000000084700000|100%|HC|  |TAMS 0x0000000084600000| PB 0x0000000084600000| Complete |  0
|  37|0x0000000084700000, 0x0000000084800000, 0x0000000084800000|100%|HC|  |TAMS 0x0000000084700000| PB 0x0000000084700000| Complete |  0
|  38|0x0000000084800000, 0x0000000084900000, 0x0000000084900000|100%|HC|  |TAMS 0x0000000084800000| PB 0x0000000084800000| Complete |  0
|  39|0x0000000084900000, 0x0000000084a00000, 0x0000000084a00000|100%|HS|  |TAMS 0x0000000084900000| PB 0x0000000084900000| Complete |  0
|  40|0x0000000084a00000, 0x0000000084b00000, 0x0000000084b00000|100%|HC|  |TAMS 0x0000000084a00000| PB 0x0000000084a00000| Complete |  0
|  41|0x0000000084b00000, 0x0000000084c00000, 0x0000000084c00000|100%|HC|  |TAMS 0x0000000084b00000| PB 0x0000000084b00000| Complete |  0
|  42|0x0000000084c00000, 0x0000000084d00000, 0x0000000084d00000|100%|HC|  |TAMS 0x0000000084c00000| PB 0x0000000084c00000| Complete |  0
|  43|0x0000000084d00000, 0x0000000084e00000, 0x0000000084e00000|100%|HS|  |TAMS 0x0000000084d00000| PB 0x0000000084d00000| Complete |  0
|  44|0x0000000084e00000, 0x0000000084f00000, 0x0000000084f00000|100%|HC|  |TAMS 0x0000000084e00000| PB 0x0000000084e00000| Complete |  0
|  45|0x0000000084f00000, 0x0000000085000000, 0x0000000085000000|100%|HS|  |TAMS 0x0000000084f00000| PB 0x0000000084f00000| Complete |  0
|  46|0x0000000085000000, 0x0000000085100000, 0x0000000085100000|100%|HC|  |TAMS 0x0000000085000000| PB 0x0000000085000000| Complete |  0
|  47|0x0000000085100000, 0x0000000085200000, 0x0000000085200000|100%|HC|  |TAMS 0x0000000085100000| PB 0x0000000085100000| Complete |  0
|  48|0x0000000085200000, 0x0000000085300000, 0x0000000085300000|100%|HC|  |TAMS 0x0000000085200000| PB 0x0000000085200000| Complete |  0
|  49|0x0000000085300000, 0x0000000085400000, 0x0000000085400000|100%|HS|  |TAMS 0x0000000085300000| PB 0x0000000085300000| Complete |  0
|  50|0x0000000085400000, 0x0000000085500000, 0x0000000085500000|100%|HC|  |TAMS 0x0000000085400000| PB 0x0000000085400000| Complete |  0
|  51|0x0000000085500000, 0x0000000085600000, 0x0000000085600000|100%|HC|  |TAMS 0x0000000085500000| PB 0x0000000085500000| Complete |  0
|  52|0x0000000085600000, 0x0000000085700000, 0x0000000085700000|100%|HC|  |TAMS 0x0000000085600000| PB 0x0000000085600000| Complete |  0
|  53|0x0000000085700000, 0x0000000085800000, 0x0000000085800000|100%|HS|  |TAMS 0x0000000085700000| PB 0x0000000085700000| Complete |  0
|  54|0x0000000085800000, 0x0000000085900000, 0x0000000085900000|100%|HC|  |TAMS 0x0000000085800000| PB 0x0000000085800000| Complete |  0
|  55|0x0000000085900000, 0x0000000085a00000, 0x0000000085a00000|100%|HC|  |TAMS 0x0000000085900000| PB 0x0000000085900000| Complete |  0
|  56|0x0000000085a00000, 0x0000000085b00000, 0x0000000085b00000|100%| O|  |TAMS 0x0000000085a00000| PB 0x0000000085a00000| Untracked |  0
|  57|0x0000000085b00000, 0x0000000085c00000, 0x0000000085c00000|100%| O|  |TAMS 0x0000000085b00000| PB 0x0000000085b00000| Untracked |  0
|  58|0x0000000085c00000, 0x0000000085d00000, 0x0000000085d00000|100%| O|Cm|TAMS 0x0000000085c00000| PB 0x0000000085c00000| Complete |  0
|  59|0x0000000085d00000, 0x0000000085e00000, 0x0000000085e00000|100%|HS|  |TAMS 0x0000000085d00000| PB 0x0000000085d00000| Complete |  0
|  60|0x0000000085e00000, 0x0000000085f00000, 0x0000000085f00000|100%|HS|  |TAMS 0x0000000085e00000| PB 0x0000000085e00000| Complete |  0
|  61|0x0000000085f00000, 0x0000000086000000, 0x0000000086000000|100%|HC|  |TAMS 0x0000000085f00000| PB 0x0000000085f00000| Complete |  0
|  62|0x0000000086000000, 0x0000000086100000, 0x0000000086100000|100%|HC|  |TAMS 0x0000000086000000| PB 0x0000000086000000| Complete |  0
|  63|0x0000000086100000, 0x0000000086200000, 0x0000000086200000|100%|HC|  |TAMS 0x0000000086100000| PB 0x0000000086100000| Complete |  0
|  64|0x0000000086200000, 0x0000000086300000, 0x0000000086300000|100%|HC|  |TAMS 0x0000000086200000| PB 0x0000000086200000| Complete |  0
|  65|0x0000000086300000, 0x0000000086400000, 0x0000000086400000|100%|HC|  |TAMS 0x0000000086300000| PB 0x0000000086300000| Complete |  0
|  66|0x0000000086400000, 0x0000000086500000, 0x0000000086500000|100%|HS|  |TAMS 0x0000000086400000| PB 0x0000000086400000| Complete |  0
|  67|0x0000000086500000, 0x0000000086600000, 0x0000000086600000|100%|HC|  |TAMS 0x0000000086500000| PB 0x0000000086500000| Complete |  0
|  68|0x0000000086600000, 0x0000000086700000, 0x0000000086700000|100%|HC|  |TAMS 0x0000000086600000| PB 0x0000000086600000| Complete |  0
|  69|0x0000000086700000, 0x0000000086800000, 0x0000000086800000|100%|HC|  |TAMS 0x0000000086700000| PB 0x0000000086700000| Complete |  0
|  70|0x0000000086800000, 0x0000000086900000, 0x0000000086900000|100%|HS|  |TAMS 0x0000000086800000| PB 0x0000000086800000| Complete |  0
|  71|0x0000000086900000, 0x0000000086a00000, 0x0000000086a00000|100%|HS|  |TAMS 0x0000000086900000| PB 0x0000000086900000| Complete |  0
|  72|0x0000000086a00000, 0x0000000086b00000, 0x0000000086b00000|100%|HS|  |TAMS 0x0000000086a00000| PB 0x0000000086a00000| Complete |  0
|  73|0x0000000086b00000, 0x0000000086c00000, 0x0000000086c00000|100%|HS|  |TAMS 0x0000000086b00000| PB 0x0000000086b00000| Complete |  0
|  74|0x0000000086c00000, 0x0000000086d00000, 0x0000000086d00000|100%|HS|  |TAMS 0x0000000086c00000| PB 0x0000000086c00000| Complete |  0
|  75|0x0000000086d00000, 0x0000000086e00000, 0x0000000086e00000|100%|HS|  |TAMS 0x0000000086d00000| PB 0x0000000086d00000| Complete |  0
|  76|0x0000000086e00000, 0x0000000086f00000, 0x0000000086f00000|100%|HC|  |TAMS 0x0000000086e00000| PB 0x0000000086e00000| Complete |  0
|  77|0x0000000086f00000, 0x0000000087000000, 0x0000000087000000|100%|HC|  |TAMS 0x0000000086f00000| PB 0x0000000086f00000| Complete |  0
|  78|0x0000000087000000, 0x0000000087100000, 0x0000000087100000|100%|HC|  |TAMS 0x0000000087000000| PB 0x0000000087000000| Complete |  0
|  79|0x0000000087100000, 0x0000000087200000, 0x0000000087200000|100%|HS|  |TAMS 0x0000000087100000| PB 0x0000000087100000| Complete |  0
|  80|0x0000000087200000, 0x0000000087300000, 0x0000000087300000|100%|HC|  |TAMS 0x0000000087200000| PB 0x0000000087200000| Complete |  0
|  81|0x0000000087300000, 0x0000000087400000, 0x0000000087400000|100%|HC|  |TAMS 0x0000000087300000| PB 0x0000000087300000| Complete |  0
|  82|0x0000000087400000, 0x0000000087500000, 0x0000000087500000|100%|HC|  |TAMS 0x0000000087400000| PB 0x0000000087400000| Complete |  0
|  83|0x0000000087500000, 0x0000000087600000, 0x0000000087600000|100%|HS|  |TAMS 0x0000000087500000| PB 0x0000000087500000| Complete |  0
|  84|0x0000000087600000, 0x0000000087700000, 0x0000000087700000|100%|HC|  |TAMS 0x0000000087600000| PB 0x0000000087600000| Complete |  0
|  85|0x0000000087700000, 0x0000000087800000, 0x0000000087800000|100%|HC|  |TAMS 0x0000000087700000| PB 0x0000000087700000| Complete |  0
|  86|0x0000000087800000, 0x0000000087900000, 0x0000000087900000|100%|HC|  |TAMS 0x0000000087800000| PB 0x0000000087800000| Complete |  0
|  87|0x0000000087900000, 0x0000000087a00000, 0x0000000087a00000|100%|HS|  |TAMS 0x0000000087900000| PB 0x0000000087900000| Complete |  0
|  88|0x0000000087a00000, 0x0000000087b00000, 0x0000000087b00000|100%|HC|  |TAMS 0x0000000087a00000| PB 0x0000000087a00000| Complete |  0
|  89|0x0000000087b00000, 0x0000000087c00000, 0x0000000087c00000|100%|HC|  |TAMS 0x0000000087b00000| PB 0x0000000087b00000| Complete |  0
|  90|0x0000000087c00000, 0x0000000087d00000, 0x0000000087d00000|100%|HC|  |TAMS 0x0000000087c00000| PB 0x0000000087c00000| Complete |  0
|  91|0x0000000087d00000, 0x0000000087e00000, 0x0000000087e00000|100%|HS|  |TAMS 0x0000000087d00000| PB 0x0000000087d00000| Complete |  0
|  92|0x0000000087e00000, 0x0000000087f00000, 0x0000000087f00000|100%|HC|  |TAMS 0x0000000087e00000| PB 0x0000000087e00000| Complete |  0
|  93|0x0000000087f00000, 0x0000000088000000, 0x0000000088000000|100%|HS|  |TAMS 0x0000000087f00000| PB 0x0000000087f00000| Complete |  0
|  94|0x0000000088000000, 0x0000000088100000, 0x0000000088100000|100%|HC|  |TAMS 0x0000000088000000| PB 0x0000000088000000| Complete |  0
|  95|0x0000000088100000, 0x0000000088200000, 0x0000000088200000|100%|HS|  |TAMS 0x0000000088100000| PB 0x0000000088100000| Complete |  0
|  96|0x0000000088200000, 0x0000000088300000, 0x0000000088300000|100%|HC|  |TAMS 0x0000000088200000| PB 0x0000000088200000| Complete |  0
|  97|0x0000000088300000, 0x0000000088400000, 0x0000000088400000|100%|HS|  |TAMS 0x0000000088300000| PB 0x0000000088300000| Complete |  0
|  98|0x0000000088400000, 0x0000000088500000, 0x0000000088500000|100%|HC|  |TAMS 0x0000000088400000| PB 0x0000000088400000| Complete |  0
|  99|0x0000000088500000, 0x0000000088600000, 0x0000000088600000|100%|HS|  |TAMS 0x0000000088500000| PB 0x0000000088500000| Complete |  0
| 100|0x0000000088600000, 0x0000000088700000, 0x0000000088700000|100%|HC|  |TAMS 0x0000000088600000| PB 0x0000000088600000| Complete |  0
| 101|0x0000000088700000, 0x0000000088800000, 0x0000000088800000|100%|HS|  |TAMS 0x0000000088700000| PB 0x0000000088700000| Complete |  0
| 102|0x0000000088800000, 0x0000000088900000, 0x0000000088900000|100%|HC|  |TAMS 0x0000000088800000| PB 0x0000000088800000| Complete |  0
| 103|0x0000000088900000, 0x0000000088a00000, 0x0000000088a00000|100%|HS|  |TAMS 0x0000000088900000| PB 0x0000000088900000| Complete |  0
| 104|0x0000000088a00000, 0x0000000088b00000, 0x0000000088b00000|100%|HC|  |TAMS 0x0000000088a00000| PB 0x0000000088a00000| Complete |  0
| 105|0x0000000088b00000, 0x0000000088c00000, 0x0000000088c00000|100%|HS|  |TAMS 0x0000000088b00000| PB 0x0000000088b00000| Complete |  0
| 106|0x0000000088c00000, 0x0000000088d00000, 0x0000000088d00000|100%|HC|  |TAMS 0x0000000088c00000| PB 0x0000000088c00000| Complete |  0
| 107|0x0000000088d00000, 0x0000000088e00000, 0x0000000088e00000|100%|HC|  |TAMS 0x0000000088d00000| PB 0x0000000088d00000| Complete |  0
| 108|0x0000000088e00000, 0x0000000088f00000, 0x0000000088f00000|100%|HC|  |TAMS 0x0000000088e00000| PB 0x0000000088e00000| Complete |  0
| 109|0x0000000088f00000, 0x0000000089000000, 0x0000000089000000|100%|HC|  |TAMS 0x0000000088f00000| PB 0x0000000088f00000| Complete |  0
| 110|0x0000000089000000, 0x0000000089100000, 0x0000000089100000|100%|HC|  |TAMS 0x0000000089000000| PB 0x0000000089000000| Complete |  0
| 111|0x0000000089100000, 0x0000000089200000, 0x0000000089200000|100%|HS|  |TAMS 0x0000000089100000| PB 0x0000000089100000| Complete |  0
| 112|0x0000000089200000, 0x0000000089300000, 0x0000000089300000|100%|HC|  |TAMS 0x0000000089200000| PB 0x0000000089200000| Complete |  0
| 113|0x0000000089300000, 0x0000000089400000, 0x0000000089400000|100%|HS|  |TAMS 0x0000000089300000| PB 0x0000000089300000| Complete |  0
| 114|0x0000000089400000, 0x0000000089500000, 0x0000000089500000|100%|HC|  |TAMS 0x0000000089400000| PB 0x0000000089400000| Complete |  0
| 115|0x0000000089500000, 0x0000000089600000, 0x0000000089600000|100%| O|  |TAMS 0x0000000089500000| PB 0x0000000089500000| Untracked |  0
| 116|0x0000000089600000, 0x0000000089700000, 0x0000000089700000|100%| O|  |TAMS 0x0000000089600000| PB 0x0000000089600000| Untracked |  0
| 117|0x0000000089700000, 0x0000000089800000, 0x0000000089800000|100%| O|  |TAMS 0x0000000089700000| PB 0x0000000089700000| Untracked |  0
| 118|0x0000000089800000, 0x0000000089900000, 0x0000000089900000|100%| O|  |TAMS 0x0000000089800000| PB 0x0000000089800000| Untracked |  0
| 119|0x0000000089900000, 0x0000000089a00000, 0x0000000089a00000|100%| O|  |TAMS 0x0000000089900000| PB 0x0000000089900000| Untracked |  0
| 120|0x0000000089a00000, 0x0000000089b00000, 0x0000000089b00000|100%| O|  |TAMS 0x0000000089a00000| PB 0x0000000089a00000| Untracked |  0
| 121|0x0000000089b00000, 0x0000000089c00000, 0x0000000089c00000|100%| O|  |TAMS 0x0000000089b00000| PB 0x0000000089b00000| Untracked |  0
| 122|0x0000000089c00000, 0x0000000089d00000, 0x0000000089d00000|100%| O|  |TAMS 0x0000000089c00000| PB 0x0000000089c00000| Untracked |  0
| 123|0x0000000089d00000, 0x0000000089e00000, 0x0000000089e00000|100%|HS|  |TAMS 0x0000000089d00000| PB 0x0000000089d00000| Complete |  0
| 124|0x0000000089e00000, 0x0000000089f00000, 0x0000000089f00000|100%|HC|  |TAMS 0x0000000089e00000| PB 0x0000000089e00000| Complete |  0
| 125|0x0000000089f00000, 0x000000008a000000, 0x000000008a000000|100%| O|  |TAMS 0x0000000089f00000| PB 0x0000000089f00000| Untracked |  0
| 126|0x000000008a000000, 0x000000008a100000, 0x000000008a100000|100%|HS|  |TAMS 0x000000008a000000| PB 0x000000008a000000| Complete |  0
| 127|0x000000008a100000, 0x000000008a200000, 0x000000008a200000|100%|HC|  |TAMS 0x000000008a100000| PB 0x000000008a100000| Complete |  0
| 128|0x000000008a200000, 0x000000008a300000, 0x000000008a300000|100%|HC|  |TAMS 0x000000008a200000| PB 0x000000008a200000| Complete |  0
| 129|0x000000008a300000, 0x000000008a400000, 0x000000008a400000|100%|HC|  |TAMS 0x000000008a300000| PB 0x000000008a300000| Complete |  0
| 130|0x000000008a400000, 0x000000008a500000, 0x000000008a500000|100%|HC|  |TAMS 0x000000008a400000| PB 0x000000008a400000| Complete |  0
| 131|0x000000008a500000, 0x000000008a600000, 0x000000008a600000|100%|HC|  |TAMS 0x000000008a500000| PB 0x000000008a500000| Complete |  0
| 132|0x000000008a600000, 0x000000008a700000, 0x000000008a700000|100%|HC|  |TAMS 0x000000008a600000| PB 0x000000008a600000| Complete |  0
| 133|0x000000008a700000, 0x000000008a800000, 0x000000008a800000|100%| O|  |TAMS 0x000000008a700000| PB 0x000000008a700000| Untracked |  0
| 134|0x000000008a800000, 0x000000008a900000, 0x000000008a900000|100%| O|  |TAMS 0x000000008a800000| PB 0x000000008a800000| Untracked |  0
| 135|0x000000008a900000, 0x000000008aa00000, 0x000000008aa00000|100%| O|  |TAMS 0x000000008a900000| PB 0x000000008a900000| Untracked |  0
| 136|0x000000008aa00000, 0x000000008ab00000, 0x000000008ab00000|100%| O|  |TAMS 0x000000008aa00000| PB 0x000000008aa00000| Untracked |  0
| 137|0x000000008ab00000, 0x000000008ab3d540, 0x000000008ac00000| 23%| O|  |TAMS 0x000000008ab00000| PB 0x000000008ab00000| Untracked |  0
| 138|0x000000008ac00000, 0x000000008ac00000, 0x000000008ad00000|  0%| F|  |TAMS 0x000000008ac00000| PB 0x000000008ac00000| Untracked |  0
| 139|0x000000008ad00000, 0x000000008ae00000, 0x000000008ae00000|100%|HS|  |TAMS 0x000000008ad00000| PB 0x000000008ad00000| Complete |  0
| 140|0x000000008ae00000, 0x000000008af00000, 0x000000008af00000|100%|HC|  |TAMS 0x000000008ae00000| PB 0x000000008ae00000| Complete |  0
| 141|0x000000008af00000, 0x000000008b000000, 0x000000008b000000|100%|HC|  |TAMS 0x000000008af00000| PB 0x000000008af00000| Complete |  0
| 142|0x000000008b000000, 0x000000008b100000, 0x000000008b100000|100%|HC|  |TAMS 0x000000008b000000| PB 0x000000008b000000| Complete |  0
| 143|0x000000008b100000, 0x000000008b200000, 0x000000008b200000|100%|HC|  |TAMS 0x000000008b100000| PB 0x000000008b100000| Complete |  0
| 144|0x000000008b200000, 0x000000008b300000, 0x000000008b300000|100%|HC|  |TAMS 0x000000008b200000| PB 0x000000008b200000| Complete |  0
| 145|0x000000008b300000, 0x000000008b400000, 0x000000008b400000|100%|HC|  |TAMS 0x000000008b300000| PB 0x000000008b300000| Complete |  0
| 146|0x000000008b400000, 0x000000008b500000, 0x000000008b500000|100%|HS|  |TAMS 0x000000008b400000| PB 0x000000008b400000| Complete |  0
| 147|0x000000008b500000, 0x000000008b600000, 0x000000008b600000|100%|HC|  |TAMS 0x000000008b500000| PB 0x000000008b500000| Complete |  0
| 148|0x000000008b600000, 0x000000008b700000, 0x000000008b700000|100%|HC|  |TAMS 0x000000008b600000| PB 0x000000008b600000| Complete |  0
| 149|0x000000008b700000, 0x000000008b700000, 0x000000008b800000|  0%| F|  |TAMS 0x000000008b700000| PB 0x000000008b700000| Untracked |  0
| 150|0x000000008b800000, 0x000000008b800000, 0x000000008b900000|  0%| F|  |TAMS 0x000000008b800000| PB 0x000000008b800000| Untracked |  0
| 151|0x000000008b900000, 0x000000008b900000, 0x000000008ba00000|  0%| F|  |TAMS 0x000000008b900000| PB 0x000000008b900000| Untracked |  0
| 152|0x000000008ba00000, 0x000000008ba00000, 0x000000008bb00000|  0%| F|  |TAMS 0x000000008ba00000| PB 0x000000008ba00000| Untracked |  0
| 153|0x000000008bb00000, 0x000000008bb00000, 0x000000008bc00000|  0%| F|  |TAMS 0x000000008bb00000| PB 0x000000008bb00000| Untracked |  0
| 154|0x000000008bc00000, 0x000000008bc00000, 0x000000008bd00000|  0%| F|  |TAMS 0x000000008bc00000| PB 0x000000008bc00000| Untracked |  0
| 155|0x000000008bd00000, 0x000000008bd00000, 0x000000008be00000|  0%| F|  |TAMS 0x000000008bd00000| PB 0x000000008bd00000| Untracked |  0
| 156|0x000000008be00000, 0x000000008be00000, 0x000000008bf00000|  0%| F|  |TAMS 0x000000008be00000| PB 0x000000008be00000| Untracked |  0
| 157|0x000000008bf00000, 0x000000008bf00000, 0x000000008c000000|  0%| F|  |TAMS 0x000000008bf00000| PB 0x000000008bf00000| Untracked |  0
| 158|0x000000008c000000, 0x000000008c000000, 0x000000008c100000|  0%| F|  |TAMS 0x000000008c000000| PB 0x000000008c000000| Untracked |  0
| 159|0x000000008c100000, 0x000000008c100000, 0x000000008c200000|  0%| F|  |TAMS 0x000000008c100000| PB 0x000000008c100000| Untracked |  0
| 160|0x000000008c200000, 0x000000008c200000, 0x000000008c300000|  0%| F|  |TAMS 0x000000008c200000| PB 0x000000008c200000| Untracked |  0
| 161|0x000000008c300000, 0x000000008c300000, 0x000000008c400000|  0%| F|  |TAMS 0x000000008c300000| PB 0x000000008c300000| Untracked |  0
| 162|0x000000008c400000, 0x000000008c400000, 0x000000008c500000|  0%| F|  |TAMS 0x000000008c400000| PB 0x000000008c400000| Untracked |  0
| 163|0x000000008c500000, 0x000000008c500000, 0x000000008c600000|  0%| F|  |TAMS 0x000000008c500000| PB 0x000000008c500000| Untracked |  0
| 164|0x000000008c600000, 0x000000008c600000, 0x000000008c700000|  0%| F|  |TAMS 0x000000008c600000| PB 0x000000008c600000| Untracked |  0
| 165|0x000000008c700000, 0x000000008c700000, 0x000000008c800000|  0%| F|  |TAMS 0x000000008c700000| PB 0x000000008c700000| Untracked |  0
| 166|0x000000008c800000, 0x000000008c800000, 0x000000008c900000|  0%| F|  |TAMS 0x000000008c800000| PB 0x000000008c800000| Untracked |  0
| 167|0x000000008c900000, 0x000000008c900000, 0x000000008ca00000|  0%| F|  |TAMS 0x000000008c900000| PB 0x000000008c900000| Untracked |  0
| 168|0x000000008ca00000, 0x000000008ca00000, 0x000000008cb00000|  0%| F|  |TAMS 0x000000008ca00000| PB 0x000000008ca00000| Untracked |  0
| 169|0x000000008cb00000, 0x000000008cb00000, 0x000000008cc00000|  0%| F|  |TAMS 0x000000008cb00000| PB 0x000000008cb00000| Untracked |  0
| 170|0x000000008cc00000, 0x000000008cc00000, 0x000000008cd00000|  0%| F|  |TAMS 0x000000008cc00000| PB 0x000000008cc00000| Untracked |  0
| 171|0x000000008cd00000, 0x000000008cd00000, 0x000000008ce00000|  0%| F|  |TAMS 0x000000008cd00000| PB 0x000000008cd00000| Untracked |  0
| 172|0x000000008ce00000, 0x000000008ce00000, 0x000000008cf00000|  0%| F|  |TAMS 0x000000008ce00000| PB 0x000000008ce00000| Untracked |  0
| 173|0x000000008cf00000, 0x000000008cf00000, 0x000000008d000000|  0%| F|  |TAMS 0x000000008cf00000| PB 0x000000008cf00000| Untracked |  0
| 174|0x000000008d000000, 0x000000008d000000, 0x000000008d100000|  0%| F|  |TAMS 0x000000008d000000| PB 0x000000008d000000| Untracked |  0
| 175|0x000000008d100000, 0x000000008d100000, 0x000000008d200000|  0%| F|  |TAMS 0x000000008d100000| PB 0x000000008d100000| Untracked |  0
| 176|0x000000008d200000, 0x000000008d200000, 0x000000008d300000|  0%| F|  |TAMS 0x000000008d200000| PB 0x000000008d200000| Untracked |  0
| 177|0x000000008d300000, 0x000000008d300000, 0x000000008d400000|  0%| F|  |TAMS 0x000000008d300000| PB 0x000000008d300000| Untracked |  0
| 178|0x000000008d400000, 0x000000008d400000, 0x000000008d500000|  0%| F|  |TAMS 0x000000008d400000| PB 0x000000008d400000| Untracked |  0
| 179|0x000000008d500000, 0x000000008d500000, 0x000000008d600000|  0%| F|  |TAMS 0x000000008d500000| PB 0x000000008d500000| Untracked |  0
| 180|0x000000008d600000, 0x000000008d600000, 0x000000008d700000|  0%| F|  |TAMS 0x000000008d600000| PB 0x000000008d600000| Untracked |  0
| 181|0x000000008d700000, 0x000000008d700000, 0x000000008d800000|  0%| F|  |TAMS 0x000000008d700000| PB 0x000000008d700000| Untracked |  0
| 182|0x000000008d800000, 0x000000008d800000, 0x000000008d900000|  0%| F|  |TAMS 0x000000008d800000| PB 0x000000008d800000| Untracked |  0
| 183|0x000000008d900000, 0x000000008d900000, 0x000000008da00000|  0%| F|  |TAMS 0x000000008d900000| PB 0x000000008d900000| Untracked |  0
| 184|0x000000008da00000, 0x000000008da00000, 0x000000008db00000|  0%| F|  |TAMS 0x000000008da00000| PB 0x000000008da00000| Untracked |  0
| 185|0x000000008db00000, 0x000000008db00000, 0x000000008dc00000|  0%| F|  |TAMS 0x000000008db00000| PB 0x000000008db00000| Untracked |  0
| 186|0x000000008dc00000, 0x000000008dc00000, 0x000000008dd00000|  0%| F|  |TAMS 0x000000008dc00000| PB 0x000000008dc00000| Untracked |  0
| 187|0x000000008dd00000, 0x000000008dd00000, 0x000000008de00000|  0%| F|  |TAMS 0x000000008dd00000| PB 0x000000008dd00000| Untracked |  0
| 188|0x000000008de00000, 0x000000008de00000, 0x000000008df00000|  0%| F|  |TAMS 0x000000008de00000| PB 0x000000008de00000| Untracked |  0
| 189|0x000000008df00000, 0x000000008df00000, 0x000000008e000000|  0%| F|  |TAMS 0x000000008df00000| PB 0x000000008df00000| Untracked |  0
| 190|0x000000008e000000, 0x000000008e000000, 0x000000008e100000|  0%| F|  |TAMS 0x000000008e000000| PB 0x000000008e000000| Untracked |  0
| 191|0x000000008e100000, 0x000000008e100000, 0x000000008e200000|  0%| F|  |TAMS 0x000000008e100000| PB 0x000000008e100000| Untracked |  0
| 192|0x000000008e200000, 0x000000008e200000, 0x000000008e300000|  0%| F|  |TAMS 0x000000008e200000| PB 0x000000008e200000| Untracked |  0
| 193|0x000000008e300000, 0x000000008e300000, 0x000000008e400000|  0%| F|  |TAMS 0x000000008e300000| PB 0x000000008e300000| Untracked |  0
| 194|0x000000008e400000, 0x000000008e400000, 0x000000008e500000|  0%| F|  |TAMS 0x000000008e400000| PB 0x000000008e400000| Untracked |  0
| 195|0x000000008e500000, 0x000000008e500000, 0x000000008e600000|  0%| F|  |TAMS 0x000000008e500000| PB 0x000000008e500000| Untracked |  0
| 196|0x000000008e600000, 0x000000008e600000, 0x000000008e700000|  0%| F|  |TAMS 0x000000008e600000| PB 0x000000008e600000| Untracked |  0
| 197|0x000000008e700000, 0x000000008e700000, 0x000000008e800000|  0%| F|  |TAMS 0x000000008e700000| PB 0x000000008e700000| Untracked |  0
| 198|0x000000008e800000, 0x000000008e800000, 0x000000008e900000|  0%| F|  |TAMS 0x000000008e800000| PB 0x000000008e800000| Untracked |  0
| 199|0x000000008e900000, 0x000000008e900000, 0x000000008ea00000|  0%| F|  |TAMS 0x000000008e900000| PB 0x000000008e900000| Untracked |  0
| 200|0x000000008ea00000, 0x000000008ea00000, 0x000000008eb00000|  0%| F|  |TAMS 0x000000008ea00000| PB 0x000000008ea00000| Untracked |  0
| 201|0x000000008eb00000, 0x000000008eb00000, 0x000000008ec00000|  0%| F|  |TAMS 0x000000008eb00000| PB 0x000000008eb00000| Untracked |  0
| 202|0x000000008ec00000, 0x000000008ec00000, 0x000000008ed00000|  0%| F|  |TAMS 0x000000008ec00000| PB 0x000000008ec00000| Untracked |  0
| 203|0x000000008ed00000, 0x000000008ed00000, 0x000000008ee00000|  0%| F|  |TAMS 0x000000008ed00000| PB 0x000000008ed00000| Untracked |  0
| 204|0x000000008ee00000, 0x000000008ee00000, 0x000000008ef00000|  0%| F|  |TAMS 0x000000008ee00000| PB 0x000000008ee00000| Untracked |  0
| 205|0x000000008ef00000, 0x000000008ef00000, 0x000000008f000000|  0%| F|  |TAMS 0x000000008ef00000| PB 0x000000008ef00000| Untracked |  0
| 206|0x000000008f000000, 0x000000008f000000, 0x000000008f100000|  0%| F|  |TAMS 0x000000008f000000| PB 0x000000008f000000| Untracked |  0
| 207|0x000000008f100000, 0x000000008f100000, 0x000000008f200000|  0%| F|  |TAMS 0x000000008f100000| PB 0x000000008f100000| Untracked |  0
| 208|0x000000008f200000, 0x000000008f200000, 0x000000008f300000|  0%| F|  |TAMS 0x000000008f200000| PB 0x000000008f200000| Untracked |  0
| 209|0x000000008f300000, 0x000000008f300000, 0x000000008f400000|  0%| F|  |TAMS 0x000000008f300000| PB 0x000000008f300000| Untracked |  0
| 210|0x000000008f400000, 0x000000008f400000, 0x000000008f500000|  0%| F|  |TAMS 0x000000008f400000| PB 0x000000008f400000| Untracked |  0
| 211|0x000000008f500000, 0x000000008f500000, 0x000000008f600000|  0%| F|  |TAMS 0x000000008f500000| PB 0x000000008f500000| Untracked |  0
| 212|0x000000008f600000, 0x000000008f600000, 0x000000008f700000|  0%| F|  |TAMS 0x000000008f600000| PB 0x000000008f600000| Untracked |  0
| 213|0x000000008f700000, 0x000000008f700000, 0x000000008f800000|  0%| F|  |TAMS 0x000000008f700000| PB 0x000000008f700000| Untracked |  0
| 214|0x000000008f800000, 0x000000008f800000, 0x000000008f900000|  0%| F|  |TAMS 0x000000008f800000| PB 0x000000008f800000| Untracked |  0
| 215|0x000000008f900000, 0x000000008f900000, 0x000000008fa00000|  0%| F|  |TAMS 0x000000008f900000| PB 0x000000008f900000| Untracked |  0
| 216|0x000000008fa00000, 0x000000008fab6918, 0x000000008fb00000| 71%| S|CS|TAMS 0x000000008fa00000| PB 0x000000008fa00000| Complete |  0
| 217|0x000000008fb00000, 0x000000008fb00000, 0x000000008fc00000|  0%| F|  |TAMS 0x000000008fb00000| PB 0x000000008fb00000| Untracked |  0
| 218|0x000000008fc00000, 0x000000008fd00000, 0x000000008fd00000|100%| E|CS|TAMS 0x000000008fc00000| PB 0x000000008fc00000| Complete |  0
| 219|0x000000008fd00000, 0x000000008fd00000, 0x000000008fe00000|  0%| F|  |TAMS 0x000000008fd00000| PB 0x000000008fd00000| Untracked |  0
| 220|0x000000008fe00000, 0x000000008fe00000, 0x000000008ff00000|  0%| F|  |TAMS 0x000000008fe00000| PB 0x000000008fe00000| Untracked |  0
| 221|0x000000008ff00000, 0x000000008ff00000, 0x0000000090000000|  0%| F|  |TAMS 0x000000008ff00000| PB 0x000000008ff00000| Untracked |  0
| 222|0x0000000090000000, 0x0000000090000000, 0x0000000090100000|  0%| F|  |TAMS 0x0000000090000000| PB 0x0000000090000000| Untracked |  0
| 223|0x0000000090100000, 0x0000000090100000, 0x0000000090200000|  0%| F|  |TAMS 0x0000000090100000| PB 0x0000000090100000| Untracked |  0
| 224|0x0000000090200000, 0x0000000090200000, 0x0000000090300000|  0%| F|  |TAMS 0x0000000090200000| PB 0x0000000090200000| Untracked |  0
| 225|0x0000000090300000, 0x0000000090300000, 0x0000000090400000|  0%| F|  |TAMS 0x0000000090300000| PB 0x0000000090300000| Untracked |  0
| 226|0x0000000090400000, 0x0000000090400000, 0x0000000090500000|  0%| F|  |TAMS 0x0000000090400000| PB 0x0000000090400000| Untracked |  0
| 227|0x0000000090500000, 0x0000000090500000, 0x0000000090600000|  0%| F|  |TAMS 0x0000000090500000| PB 0x0000000090500000| Untracked |  0
| 228|0x0000000090600000, 0x0000000090600000, 0x0000000090700000|  0%| F|  |TAMS 0x0000000090600000| PB 0x0000000090600000| Untracked |  0
| 229|0x0000000090700000, 0x0000000090700000, 0x0000000090800000|  0%| F|  |TAMS 0x0000000090700000| PB 0x0000000090700000| Untracked |  0
| 230|0x0000000090800000, 0x0000000090800000, 0x0000000090900000|  0%| F|  |TAMS 0x0000000090800000| PB 0x0000000090800000| Untracked |  0
| 231|0x0000000090900000, 0x0000000090900000, 0x0000000090a00000|  0%| F|  |TAMS 0x0000000090900000| PB 0x0000000090900000| Untracked |  0
| 232|0x0000000090a00000, 0x0000000090a00000, 0x0000000090b00000|  0%| F|  |TAMS 0x0000000090a00000| PB 0x0000000090a00000| Untracked |  0
| 233|0x0000000090b00000, 0x0000000090b00000, 0x0000000090c00000|  0%| F|  |TAMS 0x0000000090b00000| PB 0x0000000090b00000| Untracked |  0
| 234|0x0000000090c00000, 0x0000000090c00000, 0x0000000090d00000|  0%| F|  |TAMS 0x0000000090c00000| PB 0x0000000090c00000| Untracked |  0
| 235|0x0000000090d00000, 0x0000000090d00000, 0x0000000090e00000|  0%| F|  |TAMS 0x0000000090d00000| PB 0x0000000090d00000| Untracked |  0
| 236|0x0000000090e00000, 0x0000000090ecc8c8, 0x0000000090f00000| 79%| E|  |TAMS 0x0000000090e00000| PB 0x0000000090e00000| Complete |  0
| 237|0x0000000090f00000, 0x0000000091000000, 0x0000000091000000|100%| E|CS|TAMS 0x0000000090f00000| PB 0x0000000090f00000| Complete |  0
| 238|0x0000000091000000, 0x0000000091100000, 0x0000000091100000|100%| E|CS|TAMS 0x0000000091000000| PB 0x0000000091000000| Complete |  0
| 239|0x0000000091100000, 0x0000000091200000, 0x0000000091200000|100%| E|CS|TAMS 0x0000000091100000| PB 0x0000000091100000| Complete |  0
| 240|0x0000000091200000, 0x0000000091300000, 0x0000000091300000|100%| E|CS|TAMS 0x0000000091200000| PB 0x0000000091200000| Complete |  0
| 241|0x0000000091300000, 0x0000000091400000, 0x0000000091400000|100%| E|CS|TAMS 0x0000000091300000| PB 0x0000000091300000| Complete |  0
| 242|0x0000000091400000, 0x0000000091500000, 0x0000000091500000|100%| E|CS|TAMS 0x0000000091400000| PB 0x0000000091400000| Complete |  0
| 243|0x0000000091500000, 0x0000000091600000, 0x0000000091600000|100%| E|CS|TAMS 0x0000000091500000| PB 0x0000000091500000| Complete |  0
| 244|0x0000000091600000, 0x0000000091700000, 0x0000000091700000|100%| E|CS|TAMS 0x0000000091600000| PB 0x0000000091600000| Complete |  0
| 245|0x0000000091700000, 0x0000000091800000, 0x0000000091800000|100%| E|CS|TAMS 0x0000000091700000| PB 0x0000000091700000| Complete |  0
| 246|0x0000000091800000, 0x0000000091900000, 0x0000000091900000|100%| E|CS|TAMS 0x0000000091800000| PB 0x0000000091800000| Complete |  0
| 247|0x0000000091900000, 0x0000000091a00000, 0x0000000091a00000|100%| E|CS|TAMS 0x0000000091900000| PB 0x0000000091900000| Complete |  0
| 248|0x0000000091a00000, 0x0000000091b00000, 0x0000000091b00000|100%| E|CS|TAMS 0x0000000091a00000| PB 0x0000000091a00000| Complete |  0
| 249|0x0000000091b00000, 0x0000000091c00000, 0x0000000091c00000|100%| E|CS|TAMS 0x0000000091b00000| PB 0x0000000091b00000| Complete |  0
| 250|0x0000000091c00000, 0x0000000091d00000, 0x0000000091d00000|100%| E|CS|TAMS 0x0000000091c00000| PB 0x0000000091c00000| Complete |  0
|2011|0x00000000ffd00000, 0x00000000ffe00000, 0x00000000ffe00000|100%| O|  |TAMS 0x00000000ffd00000| PB 0x00000000ffd00000| Untracked |  0
|2012|0x00000000ffe00000, 0x00000000fff00000, 0x00000000fff00000|100%| O|  |TAMS 0x00000000ffe00000| PB 0x00000000ffe00000| Untracked |  0
|2013|0x00000000fff00000, 0x0000000100000000, 0x0000000100000000|100%| O|  |TAMS 0x00000000fff00000| PB 0x00000000fff00000| Untracked |  0

Card table byte_map: [0x00000260e9560000,0x00000260e9950000] _byte_map_base: 0x00000260e914f000

Marking Bits: (CMBitMap*) 0x00000260d14365a0
 Bits: [0x00000260e9950000, 0x00000260eb8c8000)

Polling page: 0x00000260d0ba0000

Metaspace:

Usage:
  Non-class:     16.97 MB used.
      Class:      2.87 MB used.
       Both:     19.84 MB used.

Virtual space:
  Non-class space:       64.00 MB reserved,      17.19 MB ( 27%) committed,  1 nodes.
      Class space:        1.00 GB reserved,       3.00 MB ( <1%) committed,  1 nodes.
             Both:        1.06 GB reserved,      20.19 MB (  2%) committed. 

Chunk freelists:
   Non-Class:  14.86 MB
       Class:  12.88 MB
        Both:  27.73 MB

MaxMetaspaceSize: unlimited
CompressedClassSpaceSize: 1.00 GB
Initial GC threshold: 21.00 MB
Current GC threshold: 31.56 MB
CDS: on
 - commit_granule_bytes: 65536.
 - commit_granule_words: 8192.
 - virtual_space_node_default_size: 8388608.
 - enlarge_chunks_in_place: 1.
 - use_allocation_guard: 0.


Internal statistics:

num_allocs_failed_limit: 0.
num_arena_births: 446.
num_arena_deaths: 0.
num_vsnodes_births: 2.
num_vsnodes_deaths: 0.
num_space_committed: 323.
num_space_uncommitted: 0.
num_chunks_returned_to_freelist: 0.
num_chunks_taken_from_freelist: 1066.
num_chunk_merges: 0.
num_chunk_splits: 717.
num_chunks_enlarged: 525.
num_inconsistent_stats: 0.

CodeHeap 'non-profiled nmethods': size=120064Kb used=1431Kb max_used=1431Kb free=118632Kb
 bounds [0x00000260e15d0000, 0x00000260e1840000, 0x00000260e8b10000]
CodeHeap 'profiled nmethods': size=120000Kb used=7023Kb max_used=7023Kb free=112976Kb
 bounds [0x00000260d9b10000, 0x00000260da1f0000, 0x00000260e1040000]
CodeHeap 'non-nmethods': size=5696Kb used=1858Kb max_used=1909Kb free=3837Kb
 bounds [0x00000260e1040000, 0x00000260e12b0000, 0x00000260e15d0000]
CodeCache: size=245760Kb, used=10312Kb, max_used=10363Kb, free=235445Kb
 total_blobs=5354, nmethods=4469, adapters=790, full_count=0
Compilation: enabled, stopped_count=0, restarted_count=0

Compilation events (20 events):
Event: 20.963 Thread 0x00000260ee2b60b0 4575       1       com.sun.javafx.geom.RectBounds::setMaxY (6 bytes)
Event: 20.963 Thread 0x00000260ee2b60b0 nmethod 4575 0x00000260e172ff88 code [0x00000260e17300a0, 0x00000260e1730168]
Event: 20.963 Thread 0x00000260ee2b60b0 4576       1       com.sun.scenario.effect.impl.prism.PrTexture::getTextureObject (5 bytes)
Event: 20.964 Thread 0x00000260ee2b60b0 nmethod 4576 0x00000260e1730288 code [0x00000260e17303a0, 0x00000260e1730468]
Event: 20.969 Thread 0x00000260c582a980 4578       4       java.lang.Math::round (56 bytes)
Event: 20.970 Thread 0x00000260c582a980 nmethod 4578 0x00000260e1730588 code [0x00000260e1730680, 0x00000260e1730748]
Event: 20.974 Thread 0x00000260ee2b60b0 4579 %     3       com.sun.scenario.effect.impl.state.BoxRenderState::validateWeights @ 214 (477 bytes)
Event: 20.981 Thread 0x00000260ee2b60b0 nmethod 4579% 0x00000260da1c5d08 code [0x00000260da1c6040, 0x00000260da1c7620]
Event: 20.981 Thread 0x00000260ee2b60b0 4580       3       com.sun.javafx.geom.Rectangle::setBounds (67 bytes)
Event: 20.982 Thread 0x00000260ee2b60b0 nmethod 4580 0x00000260da1c7708 code [0x00000260da1c78c0, 0x00000260da1c7fb0]
Event: 20.982 Thread 0x00000260ee2b60b0 4581       3       com.sun.javafx.sg.prism.NGShape::renderContent (458 bytes)
Event: 20.989 Thread 0x00000260ee2b60b0 nmethod 4581 0x00000260da1c8008 code [0x00000260da1c8500, 0x00000260da1cb9f0]
Event: 20.993 Thread 0x00000260ee2b60b0 4582       1       com.sun.scenario.effect.ImageData::getTransform (5 bytes)
Event: 20.994 Thread 0x00000260ee2b60b0 nmethod 4582 0x00000260e1730888 code [0x00000260e17309a0, 0x00000260e1730a68]
Event: 20.994 Thread 0x00000260ee2b60b0 4583 %     3       com.sun.scenario.effect.impl.state.BoxRenderState::validateWeights @ 267 (477 bytes)
Event: 20.999 Thread 0x00000260ee2b60b0 nmethod 4583% 0x00000260da1cbc08 code [0x00000260da1cbf40, 0x00000260da1cd4f8]
Event: 20.999 Thread 0x00000260ee2b60b0 4584       3       com.sun.marlin.ArrayCacheIntClean$Reference::putArray (45 bytes)
Event: 21.001 Thread 0x00000260ee2b60b0 nmethod 4584 0x00000260da1cd588 code [0x00000260da1cd700, 0x00000260da1cdbb8]
Event: 21.016 Thread 0x00000260ee2b60b0 4585       1       java.lang.Class::getClassLoader0 (5 bytes)
Event: 21.016 Thread 0x00000260ee2b60b0 nmethod 4585 0x00000260e1730b88 code [0x00000260e1730ca0, 0x00000260e1730d68]

GC Heap History (18 events):
Event: 2.012 GC heap before
{Heap before GC invocations=0 (full 0):
 garbage-first heap   total reserved 2062336K, committed 129024K, used 23552K [0x0000000082200000, 0x0000000100000000)
  region size 1024K, 24 young (24576K), 0 survivors (0K)
 Metaspace       used 4859K, committed 5120K, reserved 1114112K
  class space    used 542K, committed 640K, reserved 1048576K
}
Event: 2.025 GC heap after
{Heap after GC invocations=1 (full 0):
 garbage-first heap   total reserved 2062336K, committed 129024K, used 3466K [0x0000000082200000, 0x0000000100000000)
  region size 1024K, 3 young (3072K), 3 survivors (3072K)
 Metaspace       used 4859K, committed 5120K, reserved 1114112K
  class space    used 542K, committed 640K, reserved 1048576K
}
Event: 3.767 GC heap before
{Heap before GC invocations=1 (full 0):
 garbage-first heap   total reserved 2062336K, committed 129024K, used 64906K [0x0000000082200000, 0x0000000100000000)
  region size 1024K, 10 young (10240K), 3 survivors (3072K)
 Metaspace       used 6135K, committed 6336K, reserved 1114112K
  class space    used 729K, committed 832K, reserved 1048576K
}
Event: 3.777 GC heap after
{Heap after GC invocations=2 (full 0):
 garbage-first heap   total reserved 2062336K, committed 129024K, used 61274K [0x0000000082200000, 0x0000000100000000)
  region size 1024K, 2 young (2048K), 2 survivors (2048K)
 Metaspace       used 6135K, committed 6336K, reserved 1114112K
  class space    used 729K, committed 832K, reserved 1048576K
}
Event: 3.868 GC heap before
{Heap before GC invocations=3 (full 0):
 garbage-first heap   total reserved 2062336K, committed 129024K, used 62298K [0x0000000082200000, 0x0000000100000000)
  region size 1024K, 3 young (3072K), 2 survivors (2048K)
 Metaspace       used 6139K, committed 6400K, reserved 1114112K
  class space    used 729K, committed 832K, reserved 1048576K
}
Event: 3.873 GC heap after
{Heap after GC invocations=4 (full 0):
 garbage-first heap   total reserved 2062336K, committed 129024K, used 62315K [0x0000000082200000, 0x0000000100000000)
  region size 1024K, 2 young (2048K), 2 survivors (2048K)
 Metaspace       used 6139K, committed 6400K, reserved 1114112K
  class space    used 729K, committed 832K, reserved 1048576K
}
Event: 5.648 GC heap before
{Heap before GC invocations=5 (full 0):
 garbage-first heap   total reserved 2062336K, committed 136192K, used 133995K [0x0000000082200000, 0x0000000100000000)
  region size 1024K, 11 young (11264K), 2 survivors (2048K)
 Metaspace       used 6243K, committed 6464K, reserved 1114112K
  class space    used 733K, committed 832K, reserved 1048576K
}
Event: 5.662 GC heap after
{Heap after GC invocations=6 (full 0):
 garbage-first heap   total reserved 2062336K, committed 145408K, used 134042K [0x0000000082200000, 0x0000000100000000)
  region size 1024K, 6 young (6144K), 6 survivors (6144K)
 Metaspace       used 6243K, committed 6464K, reserved 1114112K
  class space    used 733K, committed 832K, reserved 1048576K
}
Event: 5.678 GC heap before
{Heap before GC invocations=6 (full 0):
 garbage-first heap   total reserved 2062336K, committed 145408K, used 134042K [0x0000000082200000, 0x0000000100000000)
  region size 1024K, 7 young (7168K), 6 survivors (6144K)
 Metaspace       used 6248K, committed 6464K, reserved 1114112K
  class space    used 733K, committed 832K, reserved 1048576K
}
Event: 5.684 GC heap after
{Heap after GC invocations=7 (full 0):
 garbage-first heap   total reserved 2062336K, committed 145408K, used 134591K [0x0000000082200000, 0x0000000100000000)
  region size 1024K, 1 young (1024K), 1 survivors (1024K)
 Metaspace       used 6248K, committed 6464K, reserved 1114112K
  class space    used 733K, committed 832K, reserved 1048576K
}
Event: 6.351 GC heap before
{Heap before GC invocations=7 (full 0):
 garbage-first heap   total reserved 2062336K, committed 145408K, used 139711K [0x0000000082200000, 0x0000000100000000)
  region size 1024K, 7 young (7168K), 1 survivors (1024K)
 Metaspace       used 8659K, committed 8896K, reserved 1114112K
  class space    used 1058K, committed 1152K, reserved 1048576K
}
Event: 6.354 GC heap after
{Heap after GC invocations=8 (full 0):
 garbage-first heap   total reserved 2062336K, committed 145408K, used 135643K [0x0000000082200000, 0x0000000100000000)
  region size 1024K, 1 young (1024K), 1 survivors (1024K)
 Metaspace       used 8659K, committed 8896K, reserved 1114112K
  class space    used 1058K, committed 1152K, reserved 1048576K
}
Event: 6.609 GC heap before
{Heap before GC invocations=9 (full 0):
 garbage-first heap   total reserved 2062336K, committed 227328K, used 147931K [0x0000000082200000, 0x0000000100000000)
  region size 1024K, 7 young (7168K), 1 survivors (1024K)
 Metaspace       used 10214K, committed 10496K, reserved 1114112K
  class space    used 1318K, committed 1472K, reserved 1048576K
}
Event: 6.612 GC heap after
{Heap after GC invocations=10 (full 0):
 garbage-first heap   total reserved 2062336K, committed 227328K, used 143738K [0x0000000082200000, 0x0000000100000000)
  region size 1024K, 1 young (1024K), 1 survivors (1024K)
 Metaspace       used 10214K, committed 10496K, reserved 1114112K
  class space    used 1318K, committed 1472K, reserved 1048576K
}
Event: 19.037 GC heap before
{Heap before GC invocations=10 (full 0):
 garbage-first heap   total reserved 2062336K, committed 227328K, used 194938K [0x0000000082200000, 0x0000000100000000)
  region size 1024K, 50 young (51200K), 1 survivors (1024K)
 Metaspace       used 18962K, committed 19328K, reserved 1114112K
  class space    used 2792K, committed 2944K, reserved 1048576K
}
Event: 19.048 GC heap after
{Heap after GC invocations=11 (full 0):
 garbage-first heap   total reserved 2062336K, committed 227328K, used 151126K [0x0000000082200000, 0x0000000100000000)
  region size 1024K, 7 young (7168K), 7 survivors (7168K)
 Metaspace       used 18962K, committed 19328K, reserved 1114112K
  class space    used 2792K, committed 2944K, reserved 1048576K
}
Event: 19.187 GC heap before
{Heap before GC invocations=11 (full 0):
 garbage-first heap   total reserved 2062336K, committed 227328K, used 152150K [0x0000000082200000, 0x0000000100000000)
  region size 1024K, 9 young (9216K), 7 survivors (7168K)
 Metaspace       used 19033K, committed 19392K, reserved 1114112K
  class space    used 2795K, committed 2944K, reserved 1048576K
}
Event: 19.196 GC heap after
{Heap after GC invocations=12 (full 0):
 garbage-first heap   total reserved 2062336K, committed 227328K, used 151503K [0x0000000082200000, 0x0000000100000000)
  region size 1024K, 1 young (1024K), 1 survivors (1024K)
 Metaspace       used 19033K, committed 19392K, reserved 1114112K
  class space    used 2795K, committed 2944K, reserved 1048576K
}

Dll operation events (20 events):
Event: 1.112 Loaded shared library C:\Users\abu75\.openjfx\cache\21+31\amd64\api-ms-win-crt-math-l1-1-0.dll
Event: 1.124 Loaded shared library C:\Users\abu75\.openjfx\cache\21+31\amd64\api-ms-win-crt-multibyte-l1-1-0.dll
Event: 1.135 Loaded shared library C:\Users\abu75\.openjfx\cache\21+31\amd64\api-ms-win-crt-private-l1-1-0.dll
Event: 1.144 Loaded shared library C:\Users\abu75\.openjfx\cache\21+31\amd64\api-ms-win-crt-process-l1-1-0.dll
Event: 1.153 Loaded shared library C:\Users\abu75\.openjfx\cache\21+31\amd64\api-ms-win-crt-runtime-l1-1-0.dll
Event: 1.162 Loaded shared library C:\Users\abu75\.openjfx\cache\21+31\amd64\api-ms-win-crt-stdio-l1-1-0.dll
Event: 1.170 Loaded shared library C:\Users\abu75\.openjfx\cache\21+31\amd64\api-ms-win-crt-string-l1-1-0.dll
Event: 1.176 Loaded shared library C:\Users\abu75\.openjfx\cache\21+31\amd64\api-ms-win-crt-time-l1-1-0.dll
Event: 1.182 Loaded shared library C:\Users\abu75\.openjfx\cache\21+31\amd64\api-ms-win-crt-utility-l1-1-0.dll
Event: 1.209 Loaded shared library C:\Users\abu75\.openjfx\cache\21+31\amd64\ucrtbase.dll
Event: 1.216 Loaded shared library C:\Users\abu75\.openjfx\cache\21+31\amd64\vcruntime140.dll
Event: 1.222 Loaded shared library C:\Users\abu75\.openjfx\cache\21+31\amd64\vcruntime140_1.dll
Event: 1.247 Loaded shared library C:\Users\abu75\.openjfx\cache\21+31\amd64\msvcp140.dll
Event: 1.257 Loaded shared library C:\Users\abu75\.openjfx\cache\21+31\amd64\msvcp140_1.dll
Event: 1.276 Loaded shared library C:\Users\abu75\.openjfx\cache\21+31\amd64\msvcp140_2.dll
Event: 1.417 Loaded shared library C:\Users\abu75\.openjfx\cache\21+31\amd64\prism_d3d.dll
Event: 1.626 Loaded shared library C:\Users\abu75\.openjfx\cache\21+31\amd64\glass.dll
Event: 2.245 Loaded shared library C:\Users\abu75\.jdks\openjdk-23.0.1\bin\jimage.dll
Event: 2.547 Loaded shared library C:\Users\abu75\.openjfx\cache\21+31\amd64\javafx_iio.dll
Event: 6.931 Loaded shared library C:\Users\abu75\.openjfx\cache\21+31\amd64\javafx_font.dll

Deoptimization events (20 events):
Event: 19.744 Thread 0x00000260ee2be9d0 DEOPT PACKING pc=0x00000260d9e583b0 sp=0x000000d6c55fd070
Event: 19.744 Thread 0x00000260ee2be9d0 DEOPT UNPACKING pc=0x00000260e1094b22 sp=0x000000d6c55fc4c8 mode 0
Event: 19.747 Thread 0x00000260ee2be9d0 DEOPT PACKING pc=0x00000260d9e583b0 sp=0x000000d6c55fd1b0
Event: 19.747 Thread 0x00000260ee2be9d0 DEOPT UNPACKING pc=0x00000260e1094b22 sp=0x000000d6c55fc608 mode 0
Event: 19.999 Thread 0x00000260ee2c0410 Uncommon trap: trap_request=0xffffff45 fr.pc=0x00000260e1702200 relative=0x00000000000005a0
Event: 19.999 Thread 0x00000260ee2c0410 Uncommon trap: reason=unstable_if action=reinterpret pc=0x00000260e1702200 method=java.util.WeakHashMap.get(Ljava/lang/Object;)Ljava/lang/Object; @ 44 c2
Event: 19.999 Thread 0x00000260ee2c0410 DEOPT PACKING pc=0x00000260e1702200 sp=0x000000d6c59f9e40
Event: 19.999 Thread 0x00000260ee2c0410 DEOPT UNPACKING pc=0x00000260e1094402 sp=0x000000d6c59f9e00 mode 2
Event: 20.050 Thread 0x00000260ee2c0410 Uncommon trap: trap_request=0xffffff45 fr.pc=0x00000260e1705170 relative=0x0000000000000ab0
Event: 20.050 Thread 0x00000260ee2c0410 Uncommon trap: reason=unstable_if action=reinterpret pc=0x00000260e1705170 method=com.sun.javafx.css.BitSet.addAll(Ljava/util/Collection;)Z @ 187 c2
Event: 20.050 Thread 0x00000260ee2c0410 DEOPT PACKING pc=0x00000260e1705170 sp=0x000000d6c59f9cc0
Event: 20.050 Thread 0x00000260ee2c0410 DEOPT UNPACKING pc=0x00000260e1094402 sp=0x000000d6c59f9c20 mode 2
Event: 20.585 Thread 0x00000260ee2be9d0 Uncommon trap: trap_request=0xffffff45 fr.pc=0x00000260e16b8810 relative=0x00000000000003f0
Event: 20.585 Thread 0x00000260ee2be9d0 Uncommon trap: reason=unstable_if action=reinterpret pc=0x00000260e16b8810 method=com.sun.marlin.MaskMarlinAlphaConsumer.setAndClearRelativeAlphas([IIII)V @ 81 c2
Event: 20.585 Thread 0x00000260ee2be9d0 DEOPT PACKING pc=0x00000260e16b8810 sp=0x000000d6c55fbe00
Event: 20.585 Thread 0x00000260ee2be9d0 DEOPT UNPACKING pc=0x00000260e1094402 sp=0x000000d6c55fbd30 mode 2
Event: 20.662 Thread 0x00000260ee2be9d0 Uncommon trap: trap_request=0xffffff45 fr.pc=0x00000260e164ebe8 relative=0x00000000000002a8
Event: 20.662 Thread 0x00000260ee2be9d0 Uncommon trap: reason=unstable_if action=reinterpret pc=0x00000260e164ebe8 method=java.util.concurrent.ConcurrentHashMap.get(Ljava/lang/Object;)Ljava/lang/Object; @ 152 c2
Event: 20.662 Thread 0x00000260ee2be9d0 DEOPT PACKING pc=0x00000260e164ebe8 sp=0x000000d6c55fa680
Event: 20.662 Thread 0x00000260ee2be9d0 DEOPT UNPACKING pc=0x00000260e1094402 sp=0x000000d6c55fa5e8 mode 2

Classes loaded (20 events):
Event: 18.054 Loading class java/util/stream/SortedOps$AbstractRefSortingSink done
Event: 18.054 Loading class java/util/stream/SortedOps$SizedRefSortingSink done
Event: 18.282 Loading class java/lang/Byte$ByteCache
Event: 18.282 Loading class java/lang/Byte$ByteCache done
Event: 18.282 Loading class java/lang/Short$ShortCache
Event: 18.282 Loading class java/lang/Short$ShortCache done
Event: 18.307 Loading class jdk/internal/math/FDBigInteger
Event: 18.316 Loading class jdk/internal/math/FDBigInteger done
Event: 20.346 Loading class java/lang/FdLibm$Acos
Event: 20.346 Loading class java/lang/FdLibm$Acos done
Event: 20.370 Loading class java/lang/FdLibm$Atan2
Event: 20.370 Loading class java/lang/FdLibm$Atan2 done
Event: 20.371 Loading class java/lang/FdLibm$Atan
Event: 20.371 Loading class java/lang/FdLibm$Atan done
Event: 20.609 Loading class java/lang/FdLibm$Cbrt
Event: 20.609 Loading class java/lang/FdLibm$Cbrt done
Event: 21.015 Loading class java/lang/Throwable$WrappedPrintStream
Event: 21.015 Loading class java/lang/Throwable$PrintStreamOrWriter
Event: 21.015 Loading class java/lang/Throwable$PrintStreamOrWriter done
Event: 21.015 Loading class java/lang/Throwable$WrappedPrintStream done

Classes unloaded (0 events):
No events

Classes redefined (0 events):
No events

Internal exceptions (20 events):
Event: 18.187 Thread 0x00000260ee2c0410 Exception <a 'java/lang/ArithmeticException'{0x000000008d4ca1d8}> (0x000000008d4ca1d8) 
thrown [s\open\src\hotspot\share\runtime\sharedRuntime.cpp, line 627]
Event: 18.187 Thread 0x00000260ee2c0410 Exception <a 'java/lang/ArithmeticException'{0x000000008d4ca798}> (0x000000008d4ca798) 
thrown [s\open\src\hotspot\share\runtime\sharedRuntime.cpp, line 627]
Event: 18.187 Thread 0x00000260ee2c0410 Exception <a 'java/lang/ArithmeticException'{0x000000008d4cad58}> (0x000000008d4cad58) 
thrown [s\open\src\hotspot\share\runtime\sharedRuntime.cpp, line 627]
Event: 18.187 Thread 0x00000260ee2c0410 Exception <a 'java/lang/ArithmeticException'{0x000000008d4cb318}> (0x000000008d4cb318) 
thrown [s\open\src\hotspot\share\runtime\sharedRuntime.cpp, line 627]
Event: 18.187 Thread 0x00000260ee2c0410 Exception <a 'java/lang/ArithmeticException'{0x000000008d4cb8d8}> (0x000000008d4cb8d8) 
thrown [s\open\src\hotspot\share\runtime\sharedRuntime.cpp, line 627]
Event: 18.187 Thread 0x00000260ee2c0410 Exception <a 'java/lang/ArithmeticException'{0x000000008d4cbe98}> (0x000000008d4cbe98) 
thrown [s\open\src\hotspot\share\runtime\sharedRuntime.cpp, line 627]
Event: 18.187 Thread 0x00000260ee2c0410 Exception <a 'java/lang/ArithmeticException'{0x000000008d4cc458}> (0x000000008d4cc458) 
thrown [s\open\src\hotspot\share\runtime\sharedRuntime.cpp, line 627]
Event: 18.187 Thread 0x00000260ee2c0410 Exception <a 'java/lang/ArithmeticException'{0x000000008d4cca18}> (0x000000008d4cca18) 
thrown [s\open\src\hotspot\share\runtime\sharedRuntime.cpp, line 627]
Event: 18.187 Thread 0x00000260ee2c0410 Exception <a 'java/lang/ArithmeticException'{0x000000008d4ccfd8}> (0x000000008d4ccfd8) 
thrown [s\open\src\hotspot\share\runtime\sharedRuntime.cpp, line 627]
Event: 18.187 Thread 0x00000260ee2c0410 Exception <a 'java/lang/ArithmeticException'{0x000000008d4cd598}> (0x000000008d4cd598) 
thrown [s\open\src\hotspot\share\runtime\sharedRuntime.cpp, line 627]
Event: 18.187 Thread 0x00000260ee2c0410 Exception <a 'java/lang/ArithmeticException'{0x000000008d4cdb58}> (0x000000008d4cdb58) 
thrown [s\open\src\hotspot\share\runtime\sharedRuntime.cpp, line 627]
Event: 18.187 Thread 0x00000260ee2c0410 Exception <a 'java/lang/ArithmeticException'{0x000000008d4ce118}> (0x000000008d4ce118) 
thrown [s\open\src\hotspot\share\runtime\sharedRuntime.cpp, line 627]
Event: 18.187 Thread 0x00000260ee2c0410 Exception <a 'java/lang/ArithmeticException'{0x000000008d4ce6d8}> (0x000000008d4ce6d8) 
thrown [s\open\src\hotspot\share\runtime\sharedRuntime.cpp, line 627]
Event: 18.187 Thread 0x00000260ee2c0410 Exception <a 'java/lang/ArithmeticException'{0x000000008d4cec98}> (0x000000008d4cec98) 
thrown [s\open\src\hotspot\share\runtime\sharedRuntime.cpp, line 627]
Event: 18.292 Thread 0x00000260ee2c0410 Exception <a 'java/lang/NoSuchMethodError'{0x000000008d343648}: 'java.lang.Object java.lang.invoke.DelegatingMethodHandle$Holder.reinvoke_L(java.lang.Object, double, double, double, double)'> (0x000000008d343648) 
thrown [s\open\src\hotspot\share\interpreter\linkResolver.cpp, line 796]
Event: 18.296 Thread 0x00000260ee2c0410 Exception <a 'java/lang/NoSuchMethodError'{0x000000008d34e880}: 'java.lang.Object java.lang.invoke.DirectMethodHandle$Holder.invokeStatic(java.lang.Object, java.lang.Object, int)'> (0x000000008d34e880) 
thrown [s\open\src\hotspot\share\interpreter\linkResolver.cpp, line 796]
Event: 18.297 Thread 0x00000260ee2c0410 Exception <a 'java/lang/NoSuchMethodError'{0x000000008d352740}: 'void java.lang.invoke.DirectMethodHandle$Holder.invokeStatic(java.lang.Object, java.lang.Object, int, java.lang.Object)'> (0x000000008d352740) 
thrown [s\open\src\hotspot\share\interpreter\linkResolver.cpp, line 796]
Event: 18.299 Thread 0x00000260ee2c0410 Exception <a 'java/lang/NoSuchMethodError'{0x000000008d3594b0}: 'void java.lang.invoke.DelegatingMethodHandle$Holder.delegate(java.lang.Object, java.lang.Object, int, java.lang.Object)'> (0x000000008d3594b0) 
thrown [s\open\src\hotspot\share\interpreter\linkResolver.cpp, line 796]
Event: 18.380 Thread 0x00000260ee2c0410 Exception <a 'java/lang/NoSuchMethodError'{0x000000008d22a920}: 'java.lang.Object java.lang.invoke.DirectMethodHandle$Holder.newInvokeSpecial(java.lang.Object, double)'> (0x000000008d22a920) 
thrown [s\open\src\hotspot\share\interpreter\linkResolver.cpp, line 796]
Event: 19.687 Thread 0x00000260ee2c0410 Exception <a 'java/io/FileNotFoundException'{0x0000000091cfd4d0}> (0x0000000091cfd4d0) 
thrown [s\open\src\hotspot\share\prims\jni.cpp, line 520]

VM Operations (20 events):
Event: 6.609 Executing VM operation: G1CollectForAllocation (G1 Evacuation Pause)
Event: 6.612 Executing VM operation: G1CollectForAllocation (G1 Evacuation Pause) done
Event: 6.939 Executing VM operation: HandshakeAllThreads (Deoptimize)
Event: 6.939 Executing VM operation: HandshakeAllThreads (Deoptimize) done
Event: 7.301 Executing VM operation: HandshakeAllThreads (Deoptimize)
Event: 7.301 Executing VM operation: HandshakeAllThreads (Deoptimize) done
Event: 18.289 Executing VM operation: HandshakeAllThreads (Deoptimize)
Event: 18.289 Executing VM operation: HandshakeAllThreads (Deoptimize) done
Event: 18.295 Executing VM operation: HandshakeAllThreads (Deoptimize)
Event: 18.295 Executing VM operation: HandshakeAllThreads (Deoptimize) done
Event: 19.037 Executing VM operation: G1CollectForAllocation (G1 Evacuation Pause)
Event: 19.048 Executing VM operation: G1CollectForAllocation (G1 Evacuation Pause) done
Event: 19.185 Executing VM operation: HandshakeAllThreads (Deoptimize)
Event: 19.185 Executing VM operation: HandshakeAllThreads (Deoptimize) done
Event: 19.187 Executing VM operation: G1TryInitiateConcMark (G1 Humongous Allocation)
Event: 19.196 Executing VM operation: G1TryInitiateConcMark (G1 Humongous Allocation) done
Event: 19.207 Executing VM operation: G1PauseRemark
Event: 19.211 Executing VM operation: G1PauseRemark done
Event: 19.217 Executing VM operation: G1PauseCleanup
Event: 19.217 Executing VM operation: G1PauseCleanup done

Memory protections (0 events):
No events

Nmethod flushes (20 events):
Event: 19.210 Thread 0x00000260ee2953e0 flushing  nmethod 0x00000260d9c37088
Event: 19.210 Thread 0x00000260ee2953e0 flushing  nmethod 0x00000260e163eb88
Event: 19.210 Thread 0x00000260ee2953e0 flushing  nmethod 0x00000260d9b1cc08
Event: 19.210 Thread 0x00000260ee2953e0 flushing  nmethod 0x00000260d9b1d108
Event: 19.210 Thread 0x00000260ee2953e0 flushing  nmethod 0x00000260d9b67188
Event: 19.210 Thread 0x00000260ee2953e0 flushing  nmethod 0x00000260d9b69788
Event: 19.210 Thread 0x00000260ee2953e0 flushing  nmethod 0x00000260d9b6ae88
Event: 19.210 Thread 0x00000260ee2953e0 flushing  nmethod 0x00000260d9baf108
Event: 19.210 Thread 0x00000260ee2953e0 flushing  nmethod 0x00000260d9ca4408
Event: 19.210 Thread 0x00000260ee2953e0 flushing  nmethod 0x00000260d9ca5a08
Event: 19.210 Thread 0x00000260ee2953e0 flushing osr nmethod 0x00000260e161c788
Event: 19.210 Thread 0x00000260ee2953e0 flushing  nmethod 0x00000260d9b5cd88
Event: 19.210 Thread 0x00000260ee2953e0 flushing  nmethod 0x00000260e1606088
Event: 19.210 Thread 0x00000260ee2953e0 flushing  nmethod 0x00000260d9b74388
Event: 19.210 Thread 0x00000260ee2953e0 flushing  nmethod 0x00000260d9b74788
Event: 19.210 Thread 0x00000260ee2953e0 flushing  nmethod 0x00000260d9bc1f08
Event: 19.210 Thread 0x00000260ee2953e0 flushing  nmethod 0x00000260d9c64108
Event: 19.210 Thread 0x00000260ee2953e0 flushing  nmethod 0x00000260e1630388
Event: 19.210 Thread 0x00000260ee2953e0 flushing  nmethod 0x00000260d9b6ec88
Event: 19.210 Thread 0x00000260ee2953e0 flushing  nmethod 0x00000260d9cd5788

Events (20 events):
Event: 1.645 Thread 0x00000260cf147a40 Thread added: 0x00000260ee2c0410
Event: 1.877 Thread 0x00000260ee2c17c0 Thread added: 0x00000260ee2c17c0
Event: 2.005 Thread 0x00000260cf147a40 Thread added: 0x00000260c6b60b70
Event: 6.425 Thread 0x00000260ee2b60b0 Thread added: 0x00000260c6155f00
Event: 6.653 Thread 0x00000260c6155f00 Thread exited: 0x00000260c6155f00
Event: 6.950 Thread 0x00000260ee2b60b0 Thread added: 0x00000260c6155f00
Event: 6.950 Thread 0x00000260ee2b60b0 Thread added: 0x00000260c6157a40
Event: 7.267 Thread 0x00000260ee2c0410 Thread added: 0x00000260c6b61890
Event: 7.332 Thread 0x00000260c6157a40 Thread exited: 0x00000260c6157a40
Event: 7.869 Thread 0x00000260c6155f00 Thread exited: 0x00000260c6155f00
Event: 8.759 Thread 0x00000260ee2b60b0 Thread added: 0x00000260c582e000
Event: 8.895 Thread 0x00000260c582e000 Thread exited: 0x00000260c582e000
Event: 9.102 Thread 0x00000260ee2be9d0 Thread added: 0x00000260c6b62c40
Event: 18.661 Thread 0x00000260ee2b60b0 Thread added: 0x00000260c582d930
Event: 19.179 Thread 0x00000260c582d930 Thread exited: 0x00000260c582d930
Event: 19.259 Thread 0x00000260ee2b60b0 Thread added: 0x00000260c582eda0
Event: 19.617 Thread 0x00000260c582eda0 Thread exited: 0x00000260c582eda0
Event: 19.716 Thread 0x00000260ee2b54d0 Thread added: 0x00000260c582eda0
Event: 20.687 Thread 0x00000260c582eda0 Thread exited: 0x00000260c582eda0
Event: 20.788 Thread 0x00000260ee2b60b0 Thread added: 0x00000260c582a980


Dynamic libraries:
0x00007ff720a00000 - 0x00007ff720a0e000 	C:\Users\abu75\.jdks\openjdk-23.0.1\bin\java.exe
0x00007ffe95810000 - 0x00007ffe95a27000 	C:\WINDOWS\SYSTEM32\ntdll.dll
0x00007ffe94ab0000 - 0x00007ffe94b74000 	C:\WINDOWS\System32\KERNEL32.DLL
0x00007ffe930d0000 - 0x00007ffe9348a000 	C:\WINDOWS\System32\KERNELBASE.dll
0x00007ffe92f10000 - 0x00007ffe93021000 	C:\WINDOWS\System32\ucrtbase.dll
0x00007ffe61ce0000 - 0x00007ffe61cf7000 	C:\Users\abu75\.jdks\openjdk-23.0.1\bin\jli.dll
0x00007ffe87580000 - 0x00007ffe8759b000 	C:\Users\abu75\.jdks\openjdk-23.0.1\bin\VCRUNTIME140.dll
0x00007ffe94130000 - 0x00007ffe942de000 	C:\WINDOWS\System32\USER32.dll
0x00007ffe92c80000 - 0x00007ffe92ca6000 	C:\WINDOWS\System32\win32u.dll
0x00007ffe7ff90000 - 0x00007ffe80222000 	C:\WINDOWS\WinSxS\amd64_microsoft.windows.common-controls_6595b64144ccf1df_6.0.22621.4541_none_2710d1c57384c085\COMCTL32.dll
0x00007ffe94a80000 - 0x00007ffe94aa9000 	C:\WINDOWS\System32\GDI32.dll
0x00007ffe93eb0000 - 0x00007ffe93f57000 	C:\WINDOWS\System32\msvcrt.dll
0x00007ffe92ae0000 - 0x00007ffe92bfb000 	C:\WINDOWS\System32\gdi32full.dll
0x00007ffe93030000 - 0x00007ffe930ca000 	C:\WINDOWS\System32\msvcp_win.dll
0x00007ffe94b90000 - 0x00007ffe94bc1000 	C:\WINDOWS\System32\IMM32.DLL
0x00007ffe87570000 - 0x00007ffe8757c000 	C:\Users\abu75\.jdks\openjdk-23.0.1\bin\vcruntime140_1.dll
0x00007ffe5e5a0000 - 0x00007ffe5e62e000 	C:\Users\abu75\.jdks\openjdk-23.0.1\bin\msvcp140.dll
0x00007ffda7990000 - 0x00007ffda86df000 	C:\Users\abu75\.jdks\openjdk-23.0.1\bin\server\jvm.dll
0x00007ffe95680000 - 0x00007ffe95732000 	C:\WINDOWS\System32\ADVAPI32.dll
0x00007ffe955d0000 - 0x00007ffe95677000 	C:\WINDOWS\System32\sechost.dll
0x00007ffe92ee0000 - 0x00007ffe92f08000 	C:\WINDOWS\System32\bcrypt.dll
0x00007ffe94f40000 - 0x00007ffe95054000 	C:\WINDOWS\System32\RPCRT4.dll
0x00007ffe951c0000 - 0x00007ffe95231000 	C:\WINDOWS\System32\WS2_32.dll
0x00007ffe92360000 - 0x00007ffe923ad000 	C:\WINDOWS\SYSTEM32\POWRPROF.dll
0x00007ffe8ea70000 - 0x00007ffe8eaa4000 	C:\WINDOWS\SYSTEM32\WINMM.dll
0x00007ffe8ee90000 - 0x00007ffe8ee9a000 	C:\WINDOWS\SYSTEM32\VERSION.dll
0x00007ffe922f0000 - 0x00007ffe92303000 	C:\WINDOWS\SYSTEM32\UMPDC.dll
0x00007ffe91b20000 - 0x00007ffe91b38000 	C:\WINDOWS\SYSTEM32\kernel.appcore.dll
0x00007ffe66840000 - 0x00007ffe6684a000 	C:\Users\abu75\.jdks\openjdk-23.0.1\bin\jimage.dll
0x00007ffe8c1f0000 - 0x00007ffe8c422000 	C:\WINDOWS\SYSTEM32\DBGHELP.DLL
0x00007ffe95240000 - 0x00007ffe955cf000 	C:\WINDOWS\System32\combase.dll
0x00007ffe93fe0000 - 0x00007ffe940b7000 	C:\WINDOWS\System32\OLEAUT32.dll
0x00007ffe8c170000 - 0x00007ffe8c1a2000 	C:\WINDOWS\SYSTEM32\dbgcore.DLL
0x00007ffe93490000 - 0x00007ffe9350b000 	C:\WINDOWS\System32\bcryptPrimitives.dll
0x00007ffe623f0000 - 0x00007ffe623ff000 	C:\Users\abu75\.jdks\openjdk-23.0.1\bin\instrument.dll
0x00007ffe60080000 - 0x00007ffe6009e000 	C:\Users\abu75\.jdks\openjdk-23.0.1\bin\java.dll
0x00007ffe948d0000 - 0x00007ffe94a75000 	C:\WINDOWS\System32\ole32.dll
0x00007ffe93530000 - 0x00007ffe93da8000 	C:\WINDOWS\System32\SHELL32.dll
0x00007ffe90a20000 - 0x00007ffe91328000 	C:\WINDOWS\SYSTEM32\windows.storage.dll
0x00007ffe908e0000 - 0x00007ffe90a1f000 	C:\WINDOWS\SYSTEM32\wintypes.dll
0x00007ffe94e40000 - 0x00007ffe94f3a000 	C:\WINDOWS\System32\SHCORE.dll
0x00007ffe95060000 - 0x00007ffe950be000 	C:\WINDOWS\System32\shlwapi.dll
0x00007ffe92a10000 - 0x00007ffe92a3b000 	C:\WINDOWS\SYSTEM32\profapi.dll
0x00007ffde6540000 - 0x00007ffde6617000 	C:\Users\abu75\.jdks\openjdk-23.0.1\bin\jsvml.dll
0x00007ffe66810000 - 0x00007ffe66820000 	C:\Users\abu75\.jdks\openjdk-23.0.1\bin\net.dll
0x00007ffe92010000 - 0x00007ffe92079000 	C:\WINDOWS\system32\mswsock.dll
0x00007ffe5e580000 - 0x00007ffe5e596000 	C:\Users\abu75\.jdks\openjdk-23.0.1\bin\nio.dll
0x00007ffe59a20000 - 0x00007ffe59a37000 	C:\Users\abu75\.jdks\openjdk-23.0.1\bin\zip.dll
0x00007ffe31760000 - 0x00007ffe3177a000 	D:\inteilj\IntelliJ IDEA Community Edition 2024.2.4\bin\breakgen64.dll
0x00000260c6d10000 - 0x00000260c6d13000 	C:\Users\abu75\.openjfx\cache\21+31\amd64\api-ms-win-core-console-l1-1-0.dll
0x00000260c6be0000 - 0x00000260c6be3000 	C:\Users\abu75\.openjfx\cache\21+31\amd64\api-ms-win-core-console-l1-2-0.dll
0x00000260c6bf0000 - 0x00000260c6bf3000 	C:\Users\abu75\.openjfx\cache\21+31\amd64\api-ms-win-core-datetime-l1-1-0.dll
0x00000260c6c00000 - 0x00000260c6c03000 	C:\Users\abu75\.openjfx\cache\21+31\amd64\api-ms-win-core-debug-l1-1-0.dll
0x00000260c6c10000 - 0x00000260c6c13000 	C:\Users\abu75\.openjfx\cache\21+31\amd64\api-ms-win-core-errorhandling-l1-1-0.dll
0x00000260c6c20000 - 0x00000260c6c24000 	C:\Users\abu75\.openjfx\cache\21+31\amd64\api-ms-win-core-file-l1-1-0.dll
0x00000260c6c30000 - 0x00000260c6c33000 	C:\Users\abu75\.openjfx\cache\21+31\amd64\api-ms-win-core-file-l1-2-0.dll
0x00000260c6c40000 - 0x00000260c6c43000 	C:\Users\abu75\.openjfx\cache\21+31\amd64\api-ms-win-core-file-l2-1-0.dll
0x00000260c6c50000 - 0x00000260c6c53000 	C:\Users\abu75\.openjfx\cache\21+31\amd64\api-ms-win-core-handle-l1-1-0.dll
0x00000260c6c60000 - 0x00000260c6c63000 	C:\Users\abu75\.openjfx\cache\21+31\amd64\api-ms-win-core-heap-l1-1-0.dll
0x00000260c6c70000 - 0x00000260c6c73000 	C:\Users\abu75\.openjfx\cache\21+31\amd64\api-ms-win-core-interlocked-l1-1-0.dll
0x00000260c6c80000 - 0x00000260c6c83000 	C:\Users\abu75\.openjfx\cache\21+31\amd64\api-ms-win-core-libraryloader-l1-1-0.dll
0x00000260c6c90000 - 0x00000260c6c93000 	C:\Users\abu75\.openjfx\cache\21+31\amd64\api-ms-win-core-localization-l1-2-0.dll
0x00000260c6ca0000 - 0x00000260c6ca3000 	C:\Users\abu75\.openjfx\cache\21+31\amd64\api-ms-win-core-memory-l1-1-0.dll
0x00000260c6cb0000 - 0x00000260c6cb3000 	C:\Users\abu75\.openjfx\cache\21+31\amd64\api-ms-win-core-namedpipe-l1-1-0.dll
0x00000260c6cc0000 - 0x00000260c6cc3000 	C:\Users\abu75\.openjfx\cache\21+31\amd64\api-ms-win-core-processenvironment-l1-1-0.dll
0x00000260c6cd0000 - 0x00000260c6cd3000 	C:\Users\abu75\.openjfx\cache\21+31\amd64\api-ms-win-core-processthreads-l1-1-0.dll
0x00000260c6ce0000 - 0x00000260c6ce3000 	C:\Users\abu75\.openjfx\cache\21+31\amd64\api-ms-win-core-processthreads-l1-1-1.dll
0x00000260c6cf0000 - 0x00000260c6cf3000 	C:\Users\abu75\.openjfx\cache\21+31\amd64\api-ms-win-core-profile-l1-1-0.dll
0x00000260c6d20000 - 0x00000260c6d23000 	C:\Users\abu75\.openjfx\cache\21+31\amd64\api-ms-win-core-rtlsupport-l1-1-0.dll
0x00000260c6d30000 - 0x00000260c6d33000 	C:\Users\abu75\.openjfx\cache\21+31\amd64\api-ms-win-core-string-l1-1-0.dll
0x00000260c6d40000 - 0x00000260c6d43000 	C:\Users\abu75\.openjfx\cache\21+31\amd64\api-ms-win-core-synch-l1-1-0.dll
0x00000260c6d50000 - 0x00000260c6d53000 	C:\Users\abu75\.openjfx\cache\21+31\amd64\api-ms-win-core-synch-l1-2-0.dll
0x00000260c6d60000 - 0x00000260c6d63000 	C:\Users\abu75\.openjfx\cache\21+31\amd64\api-ms-win-core-sysinfo-l1-1-0.dll
0x00000260c6d70000 - 0x00000260c6d73000 	C:\Users\abu75\.openjfx\cache\21+31\amd64\api-ms-win-core-timezone-l1-1-0.dll
0x00000260c6d80000 - 0x00000260c6d83000 	C:\Users\abu75\.openjfx\cache\21+31\amd64\api-ms-win-core-util-l1-1-0.dll
0x00000260c6d90000 - 0x00000260c6d93000 	C:\Users\abu75\.openjfx\cache\21+31\amd64\api-ms-win-crt-conio-l1-1-0.dll
0x00000260c6da0000 - 0x00000260c6da4000 	C:\Users\abu75\.openjfx\cache\21+31\amd64\api-ms-win-crt-convert-l1-1-0.dll
0x00000260c6db0000 - 0x00000260c6db3000 	C:\Users\abu75\.openjfx\cache\21+31\amd64\api-ms-win-crt-environment-l1-1-0.dll
0x00000260c6dc0000 - 0x00000260c6dc3000 	C:\Users\abu75\.openjfx\cache\21+31\amd64\api-ms-win-crt-filesystem-l1-1-0.dll
0x00000260c6dd0000 - 0x00000260c6dd3000 	C:\Users\abu75\.openjfx\cache\21+31\amd64\api-ms-win-crt-heap-l1-1-0.dll
0x00000260c6de0000 - 0x00000260c6de3000 	C:\Users\abu75\.openjfx\cache\21+31\amd64\api-ms-win-crt-locale-l1-1-0.dll
0x00000260c6df0000 - 0x00000260c6df5000 	C:\Users\abu75\.openjfx\cache\21+31\amd64\api-ms-win-crt-math-l1-1-0.dll
0x00000260c6e00000 - 0x00000260c6e05000 	C:\Users\abu75\.openjfx\cache\21+31\amd64\api-ms-win-crt-multibyte-l1-1-0.dll
0x00000260c6e10000 - 0x00000260c6e20000 	C:\Users\abu75\.openjfx\cache\21+31\amd64\api-ms-win-crt-private-l1-1-0.dll
0x00000260c6e20000 - 0x00000260c6e23000 	C:\Users\abu75\.openjfx\cache\21+31\amd64\api-ms-win-crt-process-l1-1-0.dll
0x00000260c6e30000 - 0x00000260c6e34000 	C:\Users\abu75\.openjfx\cache\21+31\amd64\api-ms-win-crt-runtime-l1-1-0.dll
0x00000260c6e40000 - 0x00000260c6e44000 	C:\Users\abu75\.openjfx\cache\21+31\amd64\api-ms-win-crt-stdio-l1-1-0.dll
0x00000260c6e50000 - 0x00000260c6e54000 	C:\Users\abu75\.openjfx\cache\21+31\amd64\api-ms-win-crt-string-l1-1-0.dll
0x00000260c6e60000 - 0x00000260c6e63000 	C:\Users\abu75\.openjfx\cache\21+31\amd64\api-ms-win-crt-time-l1-1-0.dll
0x00000260c6e70000 - 0x00000260c6e73000 	C:\Users\abu75\.openjfx\cache\21+31\amd64\api-ms-win-crt-utility-l1-1-0.dll
0x00007ffde6440000 - 0x00007ffde653c000 	C:\Users\abu75\.openjfx\cache\21+31\amd64\ucrtbase.dll
0x00007ffe2bd00000 - 0x00007ffe2bd1b000 	C:\Users\abu75\.openjfx\cache\21+31\amd64\vcruntime140.dll
0x00007ffe619e0000 - 0x00007ffe619ec000 	C:\Users\abu75\.openjfx\cache\21+31\amd64\vcruntime140_1.dll
0x00007ffdea810000 - 0x00007ffdea89e000 	C:\Users\abu75\.openjfx\cache\21+31\amd64\msvcp140.dll
0x00007ffe61280000 - 0x00007ffe61289000 	C:\Users\abu75\.openjfx\cache\21+31\amd64\msvcp140_1.dll
0x00007ffe2b540000 - 0x00007ffe2b56f000 	C:\Users\abu75\.openjfx\cache\21+31\amd64\msvcp140_2.dll
0x00007ffe248b0000 - 0x00007ffe248df000 	C:\Users\abu75\.openjfx\cache\21+31\amd64\prism_d3d.dll
0x00007ffe6df10000 - 0x00007ffe6e0b8000 	C:\WINDOWS\system32\d3d9.dll
0x00007ffe90260000 - 0x00007ffe9028b000 	C:\WINDOWS\SYSTEM32\dwmapi.dll
0x00007ffe90110000 - 0x00007ffe90147000 	C:\WINDOWS\SYSTEM32\dxcore.dll
0x00007ffe8fff0000 - 0x00007ffe900a1000 	C:\WINDOWS\system32\uxtheme.dll
0x00007ffe8a870000 - 0x00007ffe8a9d4000 	C:\WINDOWS\System32\DriverStore\FileRepository\iigd_dch.inf_amd64_01a6f4ee2e1cbcc2\igdumdim64.dll
0x00007ffe175f0000 - 0x00007ffe1b063000 	C:\WINDOWS\System32\DriverStore\FileRepository\iigd_dch.inf_amd64_01a6f4ee2e1cbcc2\igd9dxva64.dll
0x00007ffe942e0000 - 0x00007ffe94754000 	C:\WINDOWS\System32\SETUPAPI.dll
0x00007ffe927d0000 - 0x00007ffe9281e000 	C:\WINDOWS\SYSTEM32\cfgmgr32.dll
0x00007ffe74d80000 - 0x00007ffe74fc2000 	C:\WINDOWS\System32\DriverStore\FileRepository\iigd_dch.inf_amd64_01a6f4ee2e1cbcc2\igdgmm64.dll
0x00007ffe89060000 - 0x00007ffe890a9000 	C:\WINDOWS\SYSTEM32\directxdatabasehelper.dll
0x00007ffe24760000 - 0x00007ffe247a2000 	C:\Users\abu75\.openjfx\cache\21+31\amd64\glass.dll
0x00007ffe93db0000 - 0x00007ffe93eb0000 	C:\WINDOWS\System32\COMDLG32.dll
0x00007ffe94760000 - 0x00007ffe948c1000 	C:\WINDOWS\System32\MSCTF.dll
0x00007ffe34680000 - 0x00007ffe346a7000 	C:\WINDOWS\System32\DriverStore\FileRepository\iigd_dch.inf_amd64_01a6f4ee2e1cbcc2\igdinfo64.dll
0x00007ffe71fc0000 - 0x00007ffe74bb2000 	C:\WINDOWS\System32\DriverStore\FileRepository\iigd_dch.inf_amd64_01a6f4ee2e1cbcc2\igc64.dll
0x00007ffe232c0000 - 0x00007ffe232ed000 	C:\Users\abu75\.openjfx\cache\21+31\amd64\javafx_iio.dll
0x00007ffe25d20000 - 0x00007ffe25d34000 	C:\Users\abu75\.openjfx\cache\21+31\amd64\javafx_font.dll
0x00007ffe8d0d0000 - 0x00007ffe8d343000 	C:\WINDOWS\SYSTEM32\dwrite.dll
0x00007ffe92270000 - 0x00007ffe9228b000 	C:\WINDOWS\SYSTEM32\CRYPTSP.dll
0x00007ffe91a80000 - 0x00007ffe91ab5000 	C:\WINDOWS\system32\rsaenh.dll
0x00007ffe92100000 - 0x00007ffe92128000 	C:\WINDOWS\SYSTEM32\USERENV.dll
0x00007ffe92260000 - 0x00007ffe9226c000 	C:\WINDOWS\SYSTEM32\CRYPTBASE.dll
0x00007ffe915d0000 - 0x00007ffe915fd000 	C:\WINDOWS\SYSTEM32\IPHLPAPI.DLL
0x00007ffe94e30000 - 0x00007ffe94e39000 	C:\WINDOWS\System32\NSI.dll
0x00007ffe95110000 - 0x00007ffe951c0000 	C:\WINDOWS\System32\clbcatq.dll
0x00007ffe8fe00000 - 0x00007ffe8ffb0000 	C:\WINDOWS\SYSTEM32\WindowsCodecs.dll
0x00007ffe88880000 - 0x00007ffe888de000 	C:\WINDOWS\system32\dataexchange.dll
0x00007ffe765a0000 - 0x00007ffe76844000 	C:\WINDOWS\system32\twinapi.appcore.dll
0x00007ffe22f60000 - 0x00007ffe22f92000 	C:\Program Files\Common Files\Microsoft Shared\Ink\rtscom.dll
0x00007ffe79740000 - 0x00007ffe79885000 	C:\WINDOWS\SYSTEM32\textinputframework.dll
0x00007ffe8e2f0000 - 0x00007ffe8e423000 	C:\WINDOWS\SYSTEM32\CoreMessaging.dll

dbghelp: loaded successfully - version: 4.0.5 - missing functions: none
symbol engine: initialized successfully - sym options: 0x614 - pdb path: .;C:\Users\abu75\.jdks\openjdk-23.0.1\bin;C:\WINDOWS\SYSTEM32;C:\WINDOWS\WinSxS\amd64_microsoft.windows.common-controls_6595b64144ccf1df_6.0.22621.4541_none_2710d1c57384c085;C:\Users\abu75\.jdks\openjdk-23.0.1\bin\server;D:\inteilj\IntelliJ IDEA Community Edition 2024.2.4\bin;C:\Users\abu75\.openjfx\cache\21+31\amd64;C:\WINDOWS\System32\DriverStore\FileRepository\iigd_dch.inf_amd64_01a6f4ee2e1cbcc2;C:\Program Files\Common Files\Microsoft Shared\Ink

VM Arguments:
jvm_args: -javaagent:D:\inteilj\IntelliJ IDEA Community Edition 2024.2.4\lib\idea_rt.jar=61850:D:\inteilj\IntelliJ IDEA Community Edition 2024.2.4\bin -Dfile.encoding=UTF-8 -Dsun.stdout.encoding=UTF-8 -Dsun.stderr.encoding=UTF-8 --module-path=C:\Users\abu75\.m2\repository\org\openjfx\javafx-web\21\javafx-web-21-win.jar;C:\Users\abu75\Downloads\fontawesomefx-materialdesignfont-2.0.26-9.1.2.jar;C:\Users\abu75\.m2\repository\org\openjfx\javafx-fxml\21\javafx-fxml-21-win.jar;C:\Users\abu75\.m2\repository\org\openjfx\javafx-base\21\javafx-base-21-win.jar;C:\Users\abu75\Downloads\fontawesomefx-commons-9.1.2.jar;C:\Users\abu75\Downloads\fontawesomefx-fontawesome-4.7.0-9.1.2.jar;C:\Users\abu75\.m2\repository\org\openjfx\javafx-controls\21\javafx-controls-21-win.jar;C:\Users\abu75\.m2\repository\org\openjfx\javafx-media\21\javafx-media-21-win.jar;C:\Users\abu75\.m2\repository\org\openjfx\javafx-graphics\21\javafx-graphics-21-win.jar;C:\Users\abu75\Downloads\fontawesomefx-materialicons-2.2.0-9.1.2.jar;D:\WatchItGui\target\classes -Djdk.module.main=watchit 
java_command: watchit/WatchIt.Application
java_class_path (initial): C:\Users\abu75\.m2\repository\org\openjfx\javafx-controls\21\javafx-controls-21.jar;C:\Users\abu75\.m2\repository\org\openjfx\javafx-graphics\21\javafx-graphics-21.jar;C:\Users\abu75\.m2\repository\org\openjfx\javafx-base\21\javafx-base-21.jar;C:\Users\abu75\.m2\repository\org\openjfx\javafx-fxml\21\javafx-fxml-21.jar;C:\Users\abu75\.m2\repository\org\openjfx\javafx-web\21\javafx-web-21.jar;C:\Users\abu75\.m2\repository\org\openjfx\javafx-swing\21\javafx-swing-21.jar;C:\Users\abu75\.m2\repository\org\openjfx\javafx-swing\21\javafx-swing-21-win.jar;C:\Users\abu75\.m2\repository\org\openjfx\javafx-media\21\javafx-media-21.jar;C:\Users\abu75\.m2\repository\org\controlsfx\controlsfx\11.1.2\controlsfx-11.1.2.jar;C:\Users\abu75\.m2\repository\com\dlsc\formsfx\formsfx-core\11.6.0\formsfx-core-11.6.0.jar;C:\Users\abu75\.m2\repository\net\synedra\validatorfx\0.4.0\validatorfx-0.4.0.jar;C:\Users\abu75\.m2\repository\org\kordamp\ikonli\ikonli-javafx\12.3.1\ikonli-javafx-12.3.1.jar;C:\Users\abu75\.m2\repository\org\kordamp\ikonli\ikonli-core\12.3.1\ikonli-core-12.3.1.jar;C:\Users\abu75\.m2\repository\org\kordamp\bootstrapfx\bootstrapfx-core\0.4.0\bootstrapfx-core-0.4.0.jar;C:\Users\abu75\.m2\repository\eu\hansolo\tilesfx\11.48\tilesfx-11.48.jar;C:\Users\abu75\.m2\repository\com\github\almasb\fxgl\17.3\fxgl-17.3.jar;C:\Users\abu75\.m2\repository\com\github\almasb\fxgl-core\17.3\fxgl-core-17.3.jar;C:\Users\abu75\.m2\repository\com\gluonhq\attach\audio\4.0.17\audio-4.0.17.jar;C:\Users\abu75\.m2\repository\com\github\almasb\fxgl-io\17.3\fxgl-io-17.3.jar;C:\Users\abu75\.m2\repository\com\gluonhq\attach\storage\4.0.17\storage-4.0.17.jar;C:\Users\abu75\.m2\repository\com\gluonhq\attach\util\4.0.17\util-4.0.17.jar;C:\Users\abu75\.m2\repository\com\github\almasb\fxgl-entity\17.3\fxgl-entity-17.3.jar;C:\Users\abu75\.m2\repository\com\github\almasb\fxgl-scene\17.3\fxgl-scene-17.3.jar;C:\Users\abu75\.m2\repository\com\github\almasb\fxgl-gameplay\17.3\fxgl-gameplay-17.3.jar;C:\Users\abu75\.m2\repository\com\fasterxml\jackson\core\jackson-annotations\2.14.2\jackson-annotations-2.14.2.jar;C:\Users\abu75\.m2\repository\com\fasterxml\jackson\core\jackson-databind\2.14.2\jackson-databind-2.14.2.jar;C:\Users\abu75\.m2\repository\com\fasterxml\jackson\core\jackson-core\2.14.2\jackson-core-2.14.2.jar;C:\Users\abu75\.m2\repository\com\gluonhq\attach\lifecycle\4.0.17\lifecycle-4.0.17.jar;C:\Users\abu75\.m2\repository\org\jetbrains\kotlin\kotlin-stdlib\1.8.10\kotlin-stdlib-1.8.10.jar;C:\Users\abu75\.m2\repository\org\jetbrains\kotlin\kotlin-stdlib-common\1.8.10\kotlin-stdlib-common-1.8.10.jar;C:\Users\abu75\.m2\repository\org\jetbrains\annotations\13.0\annotations-13.0.jar;C:\Users\abu75\Downloads\fontawesomefx-8.2.jar
Launcher Type: SUN_STANDARD

[Global flags]
     intx CICompilerCount                          = 4                                         {product} {ergonomic}
     uint ConcGCThreads                            = 3                                         {product} {ergonomic}
     uint G1ConcRefinementThreads                  = 10                                        {product} {ergonomic}
   size_t G1HeapRegionSize                         = 1048576                                   {product} {ergonomic}
   size_t InitialHeapSize                          = 132120576                                 {product} {ergonomic}
   size_t MarkStackSize                            = 4194304                                   {product} {ergonomic}
   size_t MarkStackSizeMax                         = 536870912                                 {product} {ergonomic}
   size_t MaxHeapSize                              = 2111832064                                {product} {ergonomic}
   size_t MaxNewSize                               = 1266679808                                {product} {ergonomic}
   size_t MinHeapDeltaBytes                        = 1048576                                   {product} {ergonomic}
   size_t MinHeapSize                              = 8388608                                   {product} {ergonomic}
    uintx NonNMethodCodeHeapSize                   = 5832704                                {pd product} {ergonomic}
    uintx NonProfiledCodeHeapSize                  = 122945536                              {pd product} {ergonomic}
    uintx ProfiledCodeHeapSize                     = 122880000                              {pd product} {ergonomic}
    uintx ReservedCodeCacheSize                    = 251658240                              {pd product} {ergonomic}
     bool SegmentedCodeCache                       = true                                      {product} {ergonomic}
   size_t SoftMaxHeapSize                          = 2111832064                             {manageable} {ergonomic}
     bool UseCompressedOops                        = true                           {product lp64_product} {ergonomic}
     bool UseG1GC                                  = true                                      {product} {ergonomic}
     bool UseLargePagesIndividualAllocation        = false                                  {pd product} {ergonomic}

Logging:
Log output configuration:
 #0: stdout all=warning uptime,level,tags foldmultilines=false
 #1: stderr all=off uptime,level,tags foldmultilines=false

Environment Variables:
PATH=C:\Program Files (x86)\Common Files\Oracle\Java\java8path;C:\Program Files (x86)\Common Files\Oracle\Java\javapath;C:\Windows\system32;C:\Windows;C:\Windows\System32\Wbem;C:\Windows\System32\WindowsPowerShell\v1.0\;C:\Windows\System32\OpenSSH\;C:\Program Files (x86)\NVIDIA Corporation\PhysX\Common;C:\Program Files\NVIDIA Corporation\NVIDIA NvDLISR;C:\WINDOWS\system32;C:\WINDOWS;C:\WINDOWS\System32\Wbem;C:\WINDOWS\System32\WindowsPowerShell\v1.0\;C:\WINDOWS\System32\OpenSSH\;C:\Program Files\Git\cmd;C:\Users\abu75\AppData\Local\Microsoft\WindowsApps;
USERNAME=abu75
OS=Windows_NT
PROCESSOR_IDENTIFIER=Intel64 Family 6 Model 166 Stepping 0, GenuineIntel
TMP=C:\Users\abu75\AppData\Local\Temp
TEMP=C:\Users\abu75\AppData\Local\Temp




Periodic native trim disabled

---------------  S Y S T E M  ---------------

OS:
 Windows 11 , 64 bit Build 22621 (10.0.22621.4391)
OS uptime: 11 days 16:23 hours

CPU: total 12 (initial active 12) (6 cores per cpu, 2 threads per core) family 6 model 166 stepping 0 microcode 0xe0, cx8, cmov, fxsr, ht, mmx, 3dnowpref, sse, sse2, sse3, ssse3, sse4.1, sse4.2, popcnt, lzcnt, tsc, tscinvbit, avx, avx2, aes, erms, clmul, bmi1, bmi2, adx, fma, vzeroupper, clflush, clflushopt, rdtscp, f16c
Processor Information for the first 12 processors :
  Max Mhz: 1608, Current Mhz: 1105, Mhz Limit: 1093

Memory: 4k page, system-wide physical 8054M (510M free)
TotalPageFile size 21550M (AvailPageFile size 7M)
current process WorkingSet (physical memory assigned to process): 462M, peak: 462M
current process commit charge ("private bytes"): 557M, peak: 567M

vm_info: OpenJDK 64-Bit Server VM (23.0.1+11-39) for windows-amd64 JRE (23.0.1+11-39), built on 2024-09-30T07:20:43Z with MS VC++ 17.6 (VS2022)

END.
